[ 2015-03-18T11:37:23+08:00 ] 101.226.33.199 /
INFO: [ app_begin ] --START--
INFO: ReadHtmlCache Behavior ::run [ RunTime:0.000171s ]
INFO: [ app_begin ] --END-- [ RunTime:0.000286s ]
SQL: SHOW COLUMNS FROM `star_school` [ RunTime:0.000883s ]
SQL: SELECT * FROM `star_school` ORDER BY convert(school using gb2312) ASC  [ RunTime:0.000215s ]
INFO: [ view_parse ] --START--
INFO: ParseTemplate Behavior ::run [ RunTime:0.005193s ]
INFO: [ view_parse ] --END-- [ RunTime:0.005293s ]
INFO: [ view_filter ] --START--
INFO: ContentReplace Behavior ::run [ RunTime:0.000186s ]
INFO: TokenBuild Behavior ::run [ RunTime:0.000139s ]
INFO: WriteHtmlCache Behavior ::run [ RunTime:0.000093s ]
INFO: ShowRuntime Behavior ::run [ RunTime:0.000158s ]
INFO: [ view_filter ] --END-- [ RunTime:0.000797s ]
INFO: [ view_end ] --START--
INFO: ShowPageTrace Behavior ::run [ RunTime:0.000141s ]
INFO: [ view_end ] --END-- [ RunTime:0.000215s ]

[ 2015-03-18T11:37:25+08:00 ] 117.139.201.93 /
INFO: [ app_begin ] --START--
INFO: ReadHtmlCache Behavior ::run [ RunTime:0.000169s ]
INFO: [ app_begin ] --END-- [ RunTime:0.000312s ]
SQL: SHOW COLUMNS FROM `star_school` [ RunTime:0.000824s ]
SQL: SELECT * FROM `star_school` ORDER BY convert(school using gb2312) ASC  [ RunTime:0.000207s ]
INFO: [ view_parse ] --START--
INFO: ParseTemplate Behavior ::run [ RunTime:0.005776s ]
INFO: [ view_parse ] --END-- [ RunTime:0.005875s ]
INFO: [ view_filter ] --START--
INFO: ContentReplace Behavior ::run [ RunTime:0.000192s ]
INFO: TokenBuild Behavior ::run [ RunTime:0.000146s ]
INFO: WriteHtmlCache Behavior ::run [ RunTime:0.000107s ]
INFO: ShowRuntime Behavior ::run [ RunTime:0.000178s ]
INFO: [ view_filter ] --END-- [ RunTime:0.000840s ]
INFO: [ view_end ] --START--
INFO: ShowPageTrace Behavior ::run [ RunTime:0.000156s ]
INFO: [ view_end ] --END-- [ RunTime:0.000231s ]

[ 2015-03-18T11:37:53+08:00 ] 117.139.201.93 /
INFO: [ app_begin ] --START--
INFO: ReadHtmlCache Behavior ::run [ RunTime:0.000155s ]
INFO: [ app_begin ] --END-- [ RunTime:0.000259s ]
SQL: SHOW COLUMNS FROM `star_school` [ RunTime:0.000869s ]
SQL: SELECT * FROM `star_school` ORDER BY convert(school using gb2312) ASC  [ RunTime:0.000218s ]
INFO: [ view_parse ] --START--
INFO: ParseTemplate Behavior ::run [ RunTime:0.004917s ]
INFO: [ view_parse ] --END-- [ RunTime:0.005013s ]
INFO: [ view_filter ] --START--
INFO: ContentReplace Behavior ::run [ RunTime:0.000177s ]
INFO: TokenBuild Behavior ::run [ RunTime:0.000132s ]
INFO: WriteHtmlCache Behavior ::run [ RunTime:0.000089s ]
INFO: ShowRuntime Behavior ::run [ RunTime:0.000153s ]
INFO: [ view_filter ] --END-- [ RunTime:0.000770s ]
INFO: [ view_end ] --START--
INFO: ShowPageTrace Behavior ::run [ RunTime:0.000139s ]
INFO: [ view_end ] --END-- [ RunTime:0.000212s ]

[ 2015-03-18T11:38:02+08:00 ] 117.139.201.93 /Index/Index/search
INFO: [ route_check ] --START--
INFO: CheckRoute Behavior ::run [ RunTime:0.000182s ]
INFO: [ route_check ] --END-- [ RunTime:0.000297s ]
INFO: [ app_begin ] --START--
INFO: ReadHtmlCache Behavior ::run [ RunTime:0.000157s ]
INFO: [ app_begin ] --END-- [ RunTime:0.000240s ]
SQL: SHOW COLUMNS FROM `star_school` [ RunTime:0.000864s ]
SQL: SELECT * FROM `star_school` WHERE ( `school` LIKE '%江%' )  [ RunTime:0.000455s ]

[ 2015-03-18T11:38:03+08:00 ] 117.139.201.93 /Index/Index/search
INFO: [ route_check ] --START--
INFO: CheckRoute Behavior ::run [ RunTime:0.000175s ]
INFO: [ route_check ] --END-- [ RunTime:0.000285s ]
INFO: [ app_begin ] --START--
INFO: ReadHtmlCache Behavior ::run [ RunTime:0.000155s ]
INFO: [ app_begin ] --END-- [ RunTime:0.000235s ]
SQL: SHOW COLUMNS FROM `star_school` [ RunTime:0.000841s ]
SQL: SELECT * FROM `star_school` WHERE ( `school` LIKE '%江%' )  [ RunTime:0.000183s ]

[ 2015-03-18T11:38:03+08:00 ] 117.139.201.93 /Index/Index/search
INFO: [ route_check ] --START--
INFO: CheckRoute Behavior ::run [ RunTime:0.000149s ]
INFO: [ route_check ] --END-- [ RunTime:0.000246s ]
INFO: [ app_begin ] --START--
INFO: ReadHtmlCache Behavior ::run [ RunTime:0.000138s ]
INFO: [ app_begin ] --END-- [ RunTime:0.000211s ]
SQL: SHOW COLUMNS FROM `star_school` [ RunTime:0.000731s ]
SQL: SELECT * FROM `star_school` WHERE ( `school` LIKE '%江%南%大%学%' )  [ RunTime:0.000451s ]

[ 2015-03-18T11:38:07+08:00 ] 117.139.201.93 /Index/Index/match
INFO: [ route_check ] --START--
INFO: CheckRoute Behavior ::run [ RunTime:0.000158s ]
INFO: [ route_check ] --END-- [ RunTime:0.000264s ]
INFO: [ app_begin ] --START--
INFO: ReadHtmlCache Behavior ::run [ RunTime:0.000140s ]
INFO: [ app_begin ] --END-- [ RunTime:0.000214s ]
SQL: SHOW COLUMNS FROM `star_school` [ RunTime:0.000828s ]
SQL: SELECT * FROM `star_school` WHERE ( `school` = '江南大学' ) LIMIT 1   [ RunTime:0.000370s ]
SQL: SHOW COLUMNS FROM `star_joiner` [ RunTime:0.001092s ]
SQL: SELECT * FROM `star_joiner` WHERE ( `school_id` = 42 )  [ RunTime:0.000446s ]

[ 2015-03-18T11:38:11+08:00 ] 117.139.201.93 /Index/Index/name
INFO: [ route_check ] --START--
INFO: CheckRoute Behavior ::run [ RunTime:0.000181s ]
INFO: [ route_check ] --END-- [ RunTime:0.000296s ]
INFO: [ app_begin ] --START--
INFO: ReadHtmlCache Behavior ::run [ RunTime:0.000162s ]
INFO: [ app_begin ] --END-- [ RunTime:0.000243s ]
SQL: SHOW COLUMNS FROM `star_joiner` [ RunTime:0.001053s ]
SQL: SELECT * FROM `star_joiner` WHERE ( `joiner` = '谢卫忠' ) AND ( `school_id` = 42 )  [ RunTime:0.000494s ]

[ 2015-03-18T11:38:14+08:00 ] 117.139.201.93 /Index/Index/other.html
INFO: [ route_check ] --START--
INFO: CheckRoute Behavior ::run [ RunTime:0.000150s ]
INFO: [ route_check ] --END-- [ RunTime:0.000247s ]
INFO: [ app_begin ] --START--
INFO: ReadHtmlCache Behavior ::run [ RunTime:0.000137s ]
INFO: [ app_begin ] --END-- [ RunTime:0.000211s ]
SQL: SHOW COLUMNS FROM `star_school` [ RunTime:0.000754s ]
SQL: SELECT * FROM `star_school` WHERE ( `school` = '江南大学' ) LIMIT 1   [ RunTime:0.000194s ]
SQL: SHOW COLUMNS FROM `star_joiner` [ RunTime:0.000872s ]
SQL: UPDATE `star_joiner` SET `time`=time+1 WHERE ( `joiner` = '谢卫忠' ) AND ( `school_id` = 42 ) [ RunTime:0.000670s ]
SQL: UPDATE `star_joiner` SET `login_time`=1426649894 WHERE ( `joiner` = '谢卫忠' ) AND ( `school_id` = 42 ) [ RunTime:0.000609s ]
SQL: SELECT * FROM `star_joiner` WHERE ( `joiner` = '谢卫忠' ) AND ( `school_id` = 42 ) LIMIT 1   [ RunTime:0.000445s ]
INFO: [ view_parse ] --START--
INFO: ParseTemplate Behavior ::run [ RunTime:0.004721s ]
INFO: [ view_parse ] --END-- [ RunTime:0.004818s ]
INFO: [ view_filter ] --START--
INFO: ContentReplace Behavior ::run [ RunTime:0.000171s ]
INFO: TokenBuild Behavior ::run [ RunTime:0.000180s ]
INFO: WriteHtmlCache Behavior ::run [ RunTime:0.000090s ]
INFO: ShowRuntime Behavior ::run [ RunTime:0.000162s ]
INFO: [ view_filter ] --END-- [ RunTime:0.000812s ]
INFO: [ view_end ] --START--
INFO: ShowPageTrace Behavior ::run [ RunTime:0.000147s ]
INFO: [ view_end ] --END-- [ RunTime:0.000260s ]

[ 2015-03-18T11:39:40+08:00 ] 117.139.201.93 /
INFO: [ app_begin ] --START--
INFO: ReadHtmlCache Behavior ::run [ RunTime:0.000158s ]
INFO: [ app_begin ] --END-- [ RunTime:0.000260s ]

[ 2015-03-18T11:39:40+08:00 ] 117.139.201.93 /Index/Index/other.html
INFO: [ route_check ] --START--
INFO: CheckRoute Behavior ::run [ RunTime:0.000169s ]
INFO: [ route_check ] --END-- [ RunTime:0.000275s ]
INFO: [ app_begin ] --START--
INFO: ReadHtmlCache Behavior ::run [ RunTime:0.000152s ]
INFO: [ app_begin ] --END-- [ RunTime:0.000234s ]
SQL: SHOW COLUMNS FROM `star_school` [ RunTime:0.000815s ]
SQL: SELECT * FROM `star_school` WHERE ( `school` = '江南大学' ) LIMIT 1   [ RunTime:0.000189s ]
SQL: SHOW COLUMNS FROM `star_joiner` [ RunTime:0.000941s ]
SQL: UPDATE `star_joiner` SET `time`=time+1 WHERE ( `joiner` = '谢卫忠' ) AND ( `school_id` = 42 ) [ RunTime:0.000689s ]
SQL: UPDATE `star_joiner` SET `login_time`=1426649980 WHERE ( `joiner` = '谢卫忠' ) AND ( `school_id` = 42 ) [ RunTime:0.000627s ]
SQL: SELECT * FROM `star_joiner` WHERE ( `joiner` = '谢卫忠' ) AND ( `school_id` = 42 ) LIMIT 1   [ RunTime:0.000435s ]
INFO: [ view_parse ] --START--
INFO: ParseTemplate Behavior ::run [ RunTime:0.004813s ]
INFO: [ view_parse ] --END-- [ RunTime:0.004916s ]
INFO: [ view_filter ] --START--
INFO: ContentReplace Behavior ::run [ RunTime:0.000183s ]
INFO: TokenBuild Behavior ::run [ RunTime:0.000149s ]
INFO: WriteHtmlCache Behavior ::run [ RunTime:0.000094s ]
INFO: ShowRuntime Behavior ::run [ RunTime:0.000168s ]
INFO: [ view_filter ] --END-- [ RunTime:0.000806s ]
INFO: [ view_end ] --START--
INFO: ShowPageTrace Behavior ::run [ RunTime:0.000140s ]
INFO: [ view_end ] --END-- [ RunTime:0.000215s ]

[ 2015-03-18T11:39:41+08:00 ] 101.226.66.191 /Index/Index/other.html
INFO: [ route_check ] --START--
INFO: CheckRoute Behavior ::run [ RunTime:0.000150s ]
INFO: [ route_check ] --END-- [ RunTime:0.000248s ]
INFO: [ app_begin ] --START--
INFO: ReadHtmlCache Behavior ::run [ RunTime:0.000137s ]
INFO: [ app_begin ] --END-- [ RunTime:0.000209s ]

[ 2015-03-18T11:39:41+08:00 ] 101.226.66.191 /Index/Index/index.html
INFO: [ route_check ] --START--
INFO: CheckRoute Behavior ::run [ RunTime:0.000150s ]
INFO: [ route_check ] --END-- [ RunTime:0.000245s ]
INFO: [ app_begin ] --START--
INFO: ReadHtmlCache Behavior ::run [ RunTime:0.000158s ]
INFO: [ app_begin ] --END-- [ RunTime:0.000233s ]
SQL: SHOW COLUMNS FROM `star_school` [ RunTime:0.000776s ]
SQL: SELECT * FROM `star_school` ORDER BY convert(school using gb2312) ASC  [ RunTime:0.000213s ]
INFO: [ view_parse ] --START--
INFO: ParseTemplate Behavior ::run [ RunTime:0.004946s ]
INFO: [ view_parse ] --END-- [ RunTime:0.005043s ]
INFO: [ view_filter ] --START--
INFO: ContentReplace Behavior ::run [ RunTime:0.000180s ]
INFO: TokenBuild Behavior ::run [ RunTime:0.000144s ]
INFO: WriteHtmlCache Behavior ::run [ RunTime:0.000091s ]
INFO: ShowRuntime Behavior ::run [ RunTime:0.000151s ]
INFO: [ view_filter ] --END-- [ RunTime:0.000782s ]
INFO: [ view_end ] --START--
INFO: ShowPageTrace Behavior ::run [ RunTime:0.000142s ]
INFO: [ view_end ] --END-- [ RunTime:0.000217s ]

[ 2015-03-18T11:42:15+08:00 ] 117.139.201.93 /
INFO: [ app_begin ] --START--
INFO: ReadHtmlCache Behavior ::run [ RunTime:0.000154s ]
INFO: [ app_begin ] --END-- [ RunTime:0.000254s ]
SQL: SHOW COLUMNS FROM `star_school` [ RunTime:0.000839s ]
SQL: SELECT * FROM `star_school` ORDER BY convert(school using gb2312) ASC  [ RunTime:0.000223s ]
INFO: [ view_parse ] --START--
INFO: ParseTemplate Behavior ::run [ RunTime:0.004816s ]
INFO: [ view_parse ] --END-- [ RunTime:0.004906s ]
INFO: [ view_filter ] --START--
INFO: ContentReplace Behavior ::run [ RunTime:0.000176s ]
INFO: TokenBuild Behavior ::run [ RunTime:0.000135s ]
INFO: WriteHtmlCache Behavior ::run [ RunTime:0.000111s ]
INFO: ShowRuntime Behavior ::run [ RunTime:0.000161s ]
INFO: [ view_filter ] --END-- [ RunTime:0.000803s ]
INFO: [ view_end ] --START--
INFO: ShowPageTrace Behavior ::run [ RunTime:0.000135s ]
INFO: [ view_end ] --END-- [ RunTime:0.000211s ]

[ 2015-03-18T11:49:46+08:00 ] 117.139.201.93 /
INFO: [ app_begin ] --START--
INFO: ReadHtmlCache Behavior ::run [ RunTime:0.000157s ]
INFO: [ app_begin ] --END-- [ RunTime:0.000258s ]
SQL: SHOW COLUMNS FROM `star_school` [ RunTime:0.000846s ]
SQL: SELECT * FROM `star_school` ORDER BY convert(school using gb2312) ASC  [ RunTime:0.000210s ]
INFO: [ view_parse ] --START--
INFO: ParseTemplate Behavior ::run [ RunTime:0.004833s ]
INFO: [ view_parse ] --END-- [ RunTime:0.004922s ]
INFO: [ view_filter ] --START--
INFO: ContentReplace Behavior ::run [ RunTime:0.000186s ]
INFO: TokenBuild Behavior ::run [ RunTime:0.000137s ]
INFO: WriteHtmlCache Behavior ::run [ RunTime:0.000098s ]
INFO: ShowRuntime Behavior ::run [ RunTime:0.000164s ]
INFO: [ view_filter ] --END-- [ RunTime:0.000796s ]
INFO: [ view_end ] --START--
INFO: ShowPageTrace Behavior ::run [ RunTime:0.000136s ]
INFO: [ view_end ] --END-- [ RunTime:0.000211s ]

[ 2015-03-18T11:50:02+08:00 ] 117.139.201.93 /Index/Index/search
INFO: [ route_check ] --START--
INFO: CheckRoute Behavior ::run [ RunTime:0.000224s ]
INFO: [ route_check ] --END-- [ RunTime:0.000369s ]
INFO: [ app_begin ] --START--
INFO: ReadHtmlCache Behavior ::run [ RunTime:0.000174s ]
INFO: [ app_begin ] --END-- [ RunTime:0.000256s ]
SQL: SHOW COLUMNS FROM `star_school` [ RunTime:0.000839s ]
SQL: SELECT * FROM `star_school` WHERE ( `school` LIKE '%江%' )  [ RunTime:0.000185s ]

[ 2015-03-18T11:50:03+08:00 ] 117.139.201.93 /Index/Index/search
INFO: [ route_check ] --START--
INFO: CheckRoute Behavior ::run [ RunTime:0.000159s ]
INFO: [ route_check ] --END-- [ RunTime:0.000257s ]
INFO: [ app_begin ] --START--
INFO: ReadHtmlCache Behavior ::run [ RunTime:0.000146s ]
INFO: [ app_begin ] --END-- [ RunTime:0.000220s ]
SQL: SHOW COLUMNS FROM `star_school` [ RunTime:0.000762s ]
SQL: SELECT * FROM `star_school` WHERE ( `school` LIKE '%江%' )  [ RunTime:0.000186s ]

[ 2015-03-18T11:50:04+08:00 ] 117.139.201.93 /Index/Index/search
INFO: [ route_check ] --START--
INFO: CheckRoute Behavior ::run [ RunTime:0.000161s ]
INFO: [ route_check ] --END-- [ RunTime:0.000266s ]
INFO: [ app_begin ] --START--
INFO: ReadHtmlCache Behavior ::run [ RunTime:0.000148s ]
INFO: [ app_begin ] --END-- [ RunTime:0.000228s ]
SQL: SHOW COLUMNS FROM `star_school` [ RunTime:0.000749s ]
SQL: SELECT * FROM `star_school` WHERE ( `school` LIKE '%江%南%大%学%' )  [ RunTime:0.000188s ]

[ 2015-03-18T11:50:04+08:00 ] 117.139.201.93 /Index/Index/match
INFO: [ route_check ] --START--
INFO: CheckRoute Behavior ::run [ RunTime:0.000156s ]
INFO: [ route_check ] --END-- [ RunTime:0.000250s ]
INFO: [ app_begin ] --START--
INFO: ReadHtmlCache Behavior ::run [ RunTime:0.000146s ]
INFO: [ app_begin ] --END-- [ RunTime:0.000222s ]
SQL: SHOW COLUMNS FROM `star_school` [ RunTime:0.000732s ]
SQL: SELECT * FROM `star_school` WHERE ( `school` = '江南大学' ) LIMIT 1   [ RunTime:0.000189s ]
SQL: SHOW COLUMNS FROM `star_joiner` [ RunTime:0.000928s ]
SQL: SELECT * FROM `star_joiner` WHERE ( `school_id` = 42 )  [ RunTime:0.000460s ]

[ 2015-03-18T11:50:08+08:00 ] 117.139.201.93 /Index/Index/name
INFO: [ route_check ] --START--
INFO: CheckRoute Behavior ::run [ RunTime:0.000181s ]
INFO: [ route_check ] --END-- [ RunTime:0.000286s ]
INFO: [ app_begin ] --START--
INFO: ReadHtmlCache Behavior ::run [ RunTime:0.000148s ]
INFO: [ app_begin ] --END-- [ RunTime:0.000222s ]
SQL: SHOW COLUMNS FROM `star_joiner` [ RunTime:0.001012s ]
SQL: SELECT * FROM `star_joiner` WHERE ( `joiner` = '谢卫忠' ) AND ( `school_id` = 42 )  [ RunTime:0.000496s ]

[ 2015-03-18T11:50:14+08:00 ] 117.139.201.93 /Index/Index/other.html
INFO: [ route_check ] --START--
INFO: CheckRoute Behavior ::run [ RunTime:0.000163s ]
INFO: [ route_check ] --END-- [ RunTime:0.000266s ]
INFO: [ app_begin ] --START--
INFO: ReadHtmlCache Behavior ::run [ RunTime:0.000147s ]
INFO: [ app_begin ] --END-- [ RunTime:0.000230s ]
SQL: SHOW COLUMNS FROM `star_school` [ RunTime:0.000769s ]
SQL: SELECT * FROM `star_school` WHERE ( `school` = '江南大学' ) LIMIT 1   [ RunTime:0.000187s ]
SQL: SHOW COLUMNS FROM `star_joiner` [ RunTime:0.000950s ]
SQL: UPDATE `star_joiner` SET `time`=time+1 WHERE ( `joiner` = '谢卫忠' ) AND ( `school_id` = 42 ) [ RunTime:0.000818s ]
SQL: UPDATE `star_joiner` SET `login_time`=1426650614 WHERE ( `joiner` = '谢卫忠' ) AND ( `school_id` = 42 ) [ RunTime:0.000598s ]
SQL: SELECT * FROM `star_joiner` WHERE ( `joiner` = '谢卫忠' ) AND ( `school_id` = 42 ) LIMIT 1   [ RunTime:0.000422s ]
INFO: [ view_parse ] --START--
INFO: ParseTemplate Behavior ::run [ RunTime:0.004888s ]
INFO: [ view_parse ] --END-- [ RunTime:0.004992s ]
INFO: [ view_filter ] --START--
INFO: ContentReplace Behavior ::run [ RunTime:0.000180s ]
INFO: TokenBuild Behavior ::run [ RunTime:0.000145s ]
INFO: WriteHtmlCache Behavior ::run [ RunTime:0.000090s ]
INFO: ShowRuntime Behavior ::run [ RunTime:0.000164s ]
INFO: [ view_filter ] --END-- [ RunTime:0.000788s ]
INFO: [ view_end ] --START--
INFO: ShowPageTrace Behavior ::run [ RunTime:0.000136s ]
INFO: [ view_end ] --END-- [ RunTime:0.000215s ]

[ 2015-03-18T13:01:21+08:00 ] 117.139.201.93 /
INFO: [ app_begin ] --START--
INFO: ReadHtmlCache Behavior ::run [ RunTime:0.000164s ]
INFO: [ app_begin ] --END-- [ RunTime:0.000273s ]
SQL: SHOW COLUMNS FROM `star_school` [ RunTime:0.000811s ]
SQL: SELECT * FROM `star_school` ORDER BY convert(school using gb2312) ASC  [ RunTime:0.000214s ]
INFO: [ view_parse ] --START--
INFO: ParseTemplate Behavior ::run [ RunTime:0.005796s ]
INFO: [ view_parse ] --END-- [ RunTime:0.005897s ]
INFO: [ view_filter ] --START--
INFO: ContentReplace Behavior ::run [ RunTime:0.000188s ]
INFO: TokenBuild Behavior ::run [ RunTime:0.000144s ]
INFO: WriteHtmlCache Behavior ::run [ RunTime:0.000120s ]
INFO: ShowRuntime Behavior ::run [ RunTime:0.000186s ]
INFO: [ view_filter ] --END-- [ RunTime:0.000867s ]
INFO: [ view_end ] --START--
INFO: ShowPageTrace Behavior ::run [ RunTime:0.000151s ]
INFO: [ view_end ] --END-- [ RunTime:0.000226s ]

[ 2015-03-18T14:17:56+08:00 ] 223.104.9.2 /
INFO: [ app_begin ] --START--
INFO: ReadHtmlCache Behavior ::run [ RunTime:0.000162s ]
INFO: [ app_begin ] --END-- [ RunTime:0.000266s ]
SQL: SHOW COLUMNS FROM `star_school` [ RunTime:0.000839s ]
SQL: SELECT * FROM `star_school` ORDER BY convert(school using gb2312) ASC  [ RunTime:0.000153s ]
INFO: [ view_parse ] --START--
INFO: ParseTemplate Behavior ::run [ RunTime:0.004877s ]
INFO: [ view_parse ] --END-- [ RunTime:0.004975s ]
INFO: [ view_filter ] --START--
INFO: ContentReplace Behavior ::run [ RunTime:0.000184s ]
INFO: TokenBuild Behavior ::run [ RunTime:0.000143s ]
INFO: WriteHtmlCache Behavior ::run [ RunTime:0.000100s ]
INFO: ShowRuntime Behavior ::run [ RunTime:0.000171s ]
INFO: [ view_filter ] --END-- [ RunTime:0.000821s ]
INFO: [ view_end ] --START--
INFO: ShowPageTrace Behavior ::run [ RunTime:0.000142s ]
INFO: [ view_end ] --END-- [ RunTime:0.000218s ]

[ 2015-03-18T14:18:03+08:00 ] 223.104.9.2 /Index/Index/search
INFO: [ route_check ] --START--
INFO: CheckRoute Behavior ::run [ RunTime:0.000170s ]
INFO: [ route_check ] --END-- [ RunTime:0.000276s ]
INFO: [ app_begin ] --START--
INFO: ReadHtmlCache Behavior ::run [ RunTime:0.000149s ]
INFO: [ app_begin ] --END-- [ RunTime:0.000226s ]
SQL: SHOW COLUMNS FROM `star_school` [ RunTime:0.000872s ]
SQL: SELECT * FROM `star_school` WHERE ( `school` LIKE '%j%' )  [ RunTime:0.000387s ]

[ 2015-03-18T14:18:03+08:00 ] 223.104.9.2 /Index/Index/search
INFO: [ route_check ] --START--
INFO: CheckRoute Behavior ::run [ RunTime:0.000158s ]
INFO: [ route_check ] --END-- [ RunTime:0.000262s ]
INFO: [ app_begin ] --START--
INFO: ReadHtmlCache Behavior ::run [ RunTime:0.000145s ]
INFO: [ app_begin ] --END-- [ RunTime:0.000221s ]
SQL: SHOW COLUMNS FROM `star_school` [ RunTime:0.000780s ]
SQL: SELECT * FROM `star_school` WHERE ( `school` LIKE '%j%i%' )  [ RunTime:0.000438s ]

[ 2015-03-18T14:18:03+08:00 ] 223.104.9.2 /Index/Index/search
INFO: [ route_check ] --START--
INFO: CheckRoute Behavior ::run [ RunTime:0.000173s ]
INFO: [ route_check ] --END-- [ RunTime:0.000269s ]
INFO: [ app_begin ] --START--
INFO: ReadHtmlCache Behavior ::run [ RunTime:0.000145s ]
INFO: [ app_begin ] --END-- [ RunTime:0.000220s ]
SQL: SHOW COLUMNS FROM `star_school` [ RunTime:0.000734s ]
SQL: SELECT * FROM `star_school` WHERE ( `school` LIKE '%j%i%a%' )  [ RunTime:0.000418s ]

[ 2015-03-18T14:18:03+08:00 ] 223.104.9.2 /Index/Index/search
INFO: [ route_check ] --START--
INFO: CheckRoute Behavior ::run [ RunTime:0.000153s ]
INFO: [ route_check ] --END-- [ RunTime:0.000248s ]
INFO: [ app_begin ] --START--
INFO: ReadHtmlCache Behavior ::run [ RunTime:0.000144s ]
INFO: [ app_begin ] --END-- [ RunTime:0.000220s ]
SQL: SHOW COLUMNS FROM `star_school` [ RunTime:0.000747s ]
SQL: SELECT * FROM `star_school` WHERE ( `school` LIKE '%j%i%a%n%' )  [ RunTime:0.000395s ]

[ 2015-03-18T14:18:03+08:00 ] 223.104.9.2 /Index/Index/search
INFO: [ route_check ] --START--
INFO: CheckRoute Behavior ::run [ RunTime:0.000153s ]
INFO: [ route_check ] --END-- [ RunTime:0.000249s ]
INFO: [ app_begin ] --START--
INFO: ReadHtmlCache Behavior ::run [ RunTime:0.000144s ]
INFO: [ app_begin ] --END-- [ RunTime:0.000220s ]
SQL: SHOW COLUMNS FROM `star_school` [ RunTime:0.000734s ]
SQL: SELECT * FROM `star_school` WHERE ( `school` LIKE '%j%i%a%n%g%' )  [ RunTime:0.000404s ]

[ 2015-03-18T14:18:04+08:00 ] 223.104.9.2 /Index/Index/search
INFO: [ route_check ] --START--
INFO: CheckRoute Behavior ::run [ RunTime:0.000155s ]
INFO: [ route_check ] --END-- [ RunTime:0.000250s ]
INFO: [ app_begin ] --START--
INFO: ReadHtmlCache Behavior ::run [ RunTime:0.000144s ]
INFO: [ app_begin ] --END-- [ RunTime:0.000219s ]
SQL: SHOW COLUMNS FROM `star_school` [ RunTime:0.000788s ]
SQL: SELECT * FROM `star_school` WHERE ( `school` LIKE '%j%i%a%n%g% %s%' )  [ RunTime:0.000560s ]

[ 2015-03-18T14:18:04+08:00 ] 223.104.9.2 /Index/Index/search
INFO: [ route_check ] --START--
INFO: CheckRoute Behavior ::run [ RunTime:0.000152s ]
INFO: [ route_check ] --END-- [ RunTime:0.000246s ]
INFO: [ app_begin ] --START--
INFO: ReadHtmlCache Behavior ::run [ RunTime:0.000143s ]
INFO: [ app_begin ] --END-- [ RunTime:0.000217s ]
SQL: SHOW COLUMNS FROM `star_school` [ RunTime:0.000797s ]
SQL: SELECT * FROM `star_school` WHERE ( `school` LIKE '%j%i%a%n%g% %s%u%' )  [ RunTime:0.000415s ]

[ 2015-03-18T14:18:04+08:00 ] 223.104.9.2 /Index/Index/search
INFO: [ route_check ] --START--
INFO: CheckRoute Behavior ::run [ RunTime:0.000157s ]
INFO: [ route_check ] --END-- [ RunTime:0.000256s ]
INFO: [ app_begin ] --START--
INFO: ReadHtmlCache Behavior ::run [ RunTime:0.000145s ]
INFO: [ app_begin ] --END-- [ RunTime:0.000220s ]
SQL: SHOW COLUMNS FROM `star_school` [ RunTime:0.000829s ]
SQL: SELECT * FROM `star_school` WHERE ( `school` LIKE '%江%苏%' )  [ RunTime:0.000414s ]

[ 2015-03-18T14:18:04+08:00 ] 223.104.9.2 /Index/Index/search
INFO: [ route_check ] --START--
INFO: CheckRoute Behavior ::run [ RunTime:0.000156s ]
INFO: [ route_check ] --END-- [ RunTime:0.000251s ]
INFO: [ app_begin ] --START--
INFO: ReadHtmlCache Behavior ::run [ RunTime:0.000145s ]
INFO: [ app_begin ] --END-- [ RunTime:0.000222s ]
SQL: SHOW COLUMNS FROM `star_school` [ RunTime:0.000722s ]
SQL: SELECT * FROM `star_school` WHERE ( `school` LIKE '%江%苏%' )  [ RunTime:0.000112s ]

[ 2015-03-18T14:18:06+08:00 ] 223.104.9.2 /Index/Index/match
INFO: [ route_check ] --START--
INFO: CheckRoute Behavior ::run [ RunTime:0.000163s ]
INFO: [ route_check ] --END-- [ RunTime:0.000269s ]
INFO: [ app_begin ] --START--
INFO: ReadHtmlCache Behavior ::run [ RunTime:0.000147s ]
INFO: [ app_begin ] --END-- [ RunTime:0.000223s ]
SQL: SHOW COLUMNS FROM `star_school` [ RunTime:0.000875s ]
SQL: SELECT * FROM `star_school` WHERE ( `school` = '江苏大学' ) LIMIT 1   [ RunTime:0.000412s ]
SQL: SHOW COLUMNS FROM `star_joiner` [ RunTime:0.000942s ]
SQL: SELECT * FROM `star_joiner` WHERE ( `school_id` = 43 )  [ RunTime:0.000407s ]

[ 2015-03-18T15:00:46+08:00 ] 223.104.9.2 /
INFO: [ app_begin ] --START--
INFO: ReadHtmlCache Behavior ::run [ RunTime:0.000159s ]
INFO: [ app_begin ] --END-- [ RunTime:0.000256s ]
SQL: SHOW COLUMNS FROM `star_school` [ RunTime:0.000844s ]
SQL: SELECT * FROM `star_school` ORDER BY convert(school using gb2312) ASC  [ RunTime:0.000213s ]
INFO: [ view_parse ] --START--
INFO: ParseTemplate Behavior ::run [ RunTime:0.005044s ]
INFO: [ view_parse ] --END-- [ RunTime:0.005140s ]
INFO: [ view_filter ] --START--
INFO: ContentReplace Behavior ::run [ RunTime:0.000187s ]
INFO: TokenBuild Behavior ::run [ RunTime:0.000143s ]
INFO: WriteHtmlCache Behavior ::run [ RunTime:0.000099s ]
INFO: ShowRuntime Behavior ::run [ RunTime:0.000163s ]
INFO: [ view_filter ] --END-- [ RunTime:0.000812s ]
INFO: [ view_end ] --START--
INFO: ShowPageTrace Behavior ::run [ RunTime:0.000149s ]
INFO: [ view_end ] --END-- [ RunTime:0.000224s ]

[ 2015-03-18T15:01:50+08:00 ] 223.104.9.2 /Index/Index/search
INFO: [ route_check ] --START--
INFO: CheckRoute Behavior ::run [ RunTime:0.000157s ]
INFO: [ route_check ] --END-- [ RunTime:0.000260s ]
INFO: [ app_begin ] --START--
INFO: ReadHtmlCache Behavior ::run [ RunTime:0.000144s ]
INFO: [ app_begin ] --END-- [ RunTime:0.000219s ]
SQL: SHOW COLUMNS FROM `star_school` [ RunTime:0.000875s ]
SQL: SELECT * FROM `star_school` WHERE ( `school` LIKE '%j%' )  [ RunTime:0.000150s ]

[ 2015-03-18T15:01:52+08:00 ] 223.104.9.2 /Index/Index/search
INFO: [ route_check ] --START--
INFO: CheckRoute Behavior ::run [ RunTime:0.000151s ]
INFO: [ route_check ] --END-- [ RunTime:0.000246s ]
INFO: [ app_begin ] --START--
INFO: ReadHtmlCache Behavior ::run [ RunTime:0.000143s ]
INFO: [ app_begin ] --END-- [ RunTime:0.000218s ]
SQL: SHOW COLUMNS FROM `star_school` [ RunTime:0.000731s ]
SQL: SELECT * FROM `star_school` WHERE ( `school` LIKE '%j% %s%' )  [ RunTime:0.000430s ]

[ 2015-03-18T15:01:53+08:00 ] 223.104.9.2 /Index/Index/search
INFO: [ route_check ] --START--
INFO: CheckRoute Behavior ::run [ RunTime:0.000155s ]
INFO: [ route_check ] --END-- [ RunTime:0.000255s ]
INFO: [ app_begin ] --START--
INFO: ReadHtmlCache Behavior ::run [ RunTime:0.000146s ]
INFO: [ app_begin ] --END-- [ RunTime:0.000220s ]
SQL: SHOW COLUMNS FROM `star_school` [ RunTime:0.000841s ]
SQL: SELECT * FROM `star_school` WHERE ( `school` LIKE '%江%苏%' )  [ RunTime:0.000149s ]

[ 2015-03-18T15:01:53+08:00 ] 223.104.9.2 /Index/Index/search
INFO: [ route_check ] --START--
INFO: CheckRoute Behavior ::run [ RunTime:0.000151s ]
INFO: [ route_check ] --END-- [ RunTime:0.000247s ]
INFO: [ app_begin ] --START--
INFO: ReadHtmlCache Behavior ::run [ RunTime:0.000144s ]
INFO: [ app_begin ] --END-- [ RunTime:0.000219s ]
SQL: SHOW COLUMNS FROM `star_school` [ RunTime:0.000708s ]
SQL: SELECT * FROM `star_school` WHERE ( `school` LIKE '%江%苏%' )  [ RunTime:0.000178s ]

[ 2015-03-18T15:01:54+08:00 ] 223.104.9.2 /Index/Index/match
INFO: [ route_check ] --START--
INFO: CheckRoute Behavior ::run [ RunTime:0.000153s ]
INFO: [ route_check ] --END-- [ RunTime:0.000268s ]
INFO: [ app_begin ] --START--
INFO: ReadHtmlCache Behavior ::run [ RunTime:0.000143s ]
INFO: [ app_begin ] --END-- [ RunTime:0.000219s ]
SQL: SHOW COLUMNS FROM `star_school` [ RunTime:0.000717s ]
SQL: SELECT * FROM `star_school` WHERE ( `school` = '江苏大学' ) LIMIT 1   [ RunTime:0.000189s ]
SQL: SHOW COLUMNS FROM `star_joiner` [ RunTime:0.000855s ]
SQL: SELECT * FROM `star_joiner` WHERE ( `school_id` = 43 )  [ RunTime:0.000203s ]

[ 2015-03-18T15:01:57+08:00 ] 223.104.9.2 /Index/Index/match
INFO: [ route_check ] --START--
INFO: CheckRoute Behavior ::run [ RunTime:0.000153s ]
INFO: [ route_check ] --END-- [ RunTime:0.000253s ]
INFO: [ app_begin ] --START--
INFO: ReadHtmlCache Behavior ::run [ RunTime:0.000143s ]
INFO: [ app_begin ] --END-- [ RunTime:0.000217s ]
SQL: SHOW COLUMNS FROM `star_school` [ RunTime:0.000763s ]
SQL: SELECT * FROM `star_school` WHERE ( `school` = '江苏大学' ) LIMIT 1   [ RunTime:0.000192s ]
SQL: SHOW COLUMNS FROM `star_joiner` [ RunTime:0.000937s ]
SQL: SELECT * FROM `star_joiner` WHERE ( `school_id` = 43 )  [ RunTime:0.000195s ]

[ 2015-03-18T17:37:47+08:00 ] 117.139.201.93 /
INFO: [ app_begin ] --START--
INFO: ReadHtmlCache Behavior ::run [ RunTime:0.000168s ]
INFO: [ app_begin ] --END-- [ RunTime:0.000276s ]
SQL: SHOW COLUMNS FROM `star_school` [ RunTime:0.000855s ]
SQL: SELECT * FROM `star_school` ORDER BY convert(school using gb2312) ASC  [ RunTime:0.000212s ]
INFO: [ view_parse ] --START--
INFO: ParseTemplate Behavior ::run [ RunTime:0.005029s ]
INFO: [ view_parse ] --END-- [ RunTime:0.005129s ]
INFO: [ view_filter ] --START--
INFO: ContentReplace Behavior ::run [ RunTime:0.000189s ]
INFO: TokenBuild Behavior ::run [ RunTime:0.000142s ]
INFO: WriteHtmlCache Behavior ::run [ RunTime:0.000100s ]
INFO: ShowRuntime Behavior ::run [ RunTime:0.000163s ]
INFO: [ view_filter ] --END-- [ RunTime:0.000820s ]
INFO: [ view_end ] --START--
INFO: ShowPageTrace Behavior ::run [ RunTime:0.000145s ]
INFO: [ view_end ] --END-- [ RunTime:0.000218s ]

[ 2015-03-18T17:38:38+08:00 ] 117.139.201.93 /Index/Index/match
INFO: [ route_check ] --START--
INFO: CheckRoute Behavior ::run [ RunTime:0.000158s ]
INFO: [ route_check ] --END-- [ RunTime:0.000262s ]
INFO: [ app_begin ] --START--
INFO: ReadHtmlCache Behavior ::run [ RunTime:0.000145s ]
INFO: [ app_begin ] --END-- [ RunTime:0.000221s ]
SQL: SHOW COLUMNS FROM `star_school` [ RunTime:0.000825s ]
SQL: SELECT * FROM `star_school` WHERE ( `school` = '华中师范大学' ) LIMIT 1   [ RunTime:0.000419s ]
SQL: SHOW COLUMNS FROM `star_joiner` [ RunTime:0.000924s ]
SQL: SELECT * FROM `star_joiner` WHERE ( `school_id` = 40 )  [ RunTime:0.000442s ]

[ 2015-03-18T17:38:41+08:00 ] 117.139.201.93 /Index/Index/name
INFO: [ route_check ] --START--
INFO: CheckRoute Behavior ::run [ RunTime:0.000159s ]
INFO: [ route_check ] --END-- [ RunTime:0.000265s ]
INFO: [ app_begin ] --START--
INFO: ReadHtmlCache Behavior ::run [ RunTime:0.000145s ]
INFO: [ app_begin ] --END-- [ RunTime:0.000221s ]
SQL: SHOW COLUMNS FROM `star_joiner` [ RunTime:0.001060s ]
SQL: SELECT * FROM `star_joiner` WHERE ( `joiner` = '覃红' ) AND ( `school_id` = 40 )  [ RunTime:0.000446s ]

[ 2015-03-18T17:38:42+08:00 ] 117.139.201.93 /Index/Index/other.html
INFO: [ route_check ] --START--
INFO: CheckRoute Behavior ::run [ RunTime:0.000178s ]
INFO: [ route_check ] --END-- [ RunTime:0.000281s ]
INFO: [ app_begin ] --START--
INFO: ReadHtmlCache Behavior ::run [ RunTime:0.000147s ]
INFO: [ app_begin ] --END-- [ RunTime:0.000221s ]
SQL: SHOW COLUMNS FROM `star_school` [ RunTime:0.140238s ]
SQL: SELECT * FROM `star_school` WHERE ( `school` = '华中师范大学' ) LIMIT 1   [ RunTime:0.000178s ]
SQL: SHOW COLUMNS FROM `star_joiner` [ RunTime:0.000941s ]
SQL: UPDATE `star_joiner` SET `time`=time+1 WHERE ( `joiner` = '覃红' ) AND ( `school_id` = 40 ) [ RunTime:0.000834s ]
SQL: UPDATE `star_joiner` SET `login_time`=1426671522 WHERE ( `joiner` = '覃红' ) AND ( `school_id` = 40 ) [ RunTime:0.000627s ]
SQL: SELECT * FROM `star_joiner` WHERE ( `joiner` = '覃红' ) AND ( `school_id` = 40 ) LIMIT 1   [ RunTime:0.000424s ]
INFO: [ view_parse ] --START--
INFO: ParseTemplate Behavior ::run [ RunTime:0.004607s ]
INFO: [ view_parse ] --END-- [ RunTime:0.004697s ]
INFO: [ view_filter ] --START--
INFO: ContentReplace Behavior ::run [ RunTime:0.000177s ]
INFO: TokenBuild Behavior ::run [ RunTime:0.000146s ]
INFO: WriteHtmlCache Behavior ::run [ RunTime:0.000096s ]
INFO: ShowRuntime Behavior ::run [ RunTime:0.000157s ]
INFO: [ view_filter ] --END-- [ RunTime:0.000779s ]
INFO: [ view_end ] --START--
INFO: ShowPageTrace Behavior ::run [ RunTime:0.000139s ]
INFO: [ view_end ] --END-- [ RunTime:0.000207s ]

[ 2015-03-18T17:42:08+08:00 ] 101.226.33.222 /Index/Index/other.html
INFO: [ route_check ] --START--
INFO: CheckRoute Behavior ::run [ RunTime:0.000172s ]
INFO: [ route_check ] --END-- [ RunTime:0.000283s ]
INFO: [ app_begin ] --START--
INFO: ReadHtmlCache Behavior ::run [ RunTime:0.000151s ]
INFO: [ app_begin ] --END-- [ RunTime:0.000234s ]

[ 2015-03-18T17:42:08+08:00 ] 101.226.33.222 /Index/Index/index.html
INFO: [ route_check ] --START--
INFO: CheckRoute Behavior ::run [ RunTime:0.000155s ]
INFO: [ route_check ] --END-- [ RunTime:0.000250s ]
INFO: [ app_begin ] --START--
INFO: ReadHtmlCache Behavior ::run [ RunTime:0.000147s ]
INFO: [ app_begin ] --END-- [ RunTime:0.000221s ]
SQL: SHOW COLUMNS FROM `star_school` [ RunTime:0.007247s ]
SQL: SELECT * FROM `star_school` ORDER BY convert(school using gb2312) ASC  [ RunTime:0.000203s ]
INFO: [ view_parse ] --START--
INFO: ParseTemplate Behavior ::run [ RunTime:0.005088s ]
INFO: [ view_parse ] --END-- [ RunTime:0.005183s ]
INFO: [ view_filter ] --START--
INFO: ContentReplace Behavior ::run [ RunTime:0.000185s ]
INFO: TokenBuild Behavior ::run [ RunTime:0.000150s ]
INFO: WriteHtmlCache Behavior ::run [ RunTime:0.000098s ]
INFO: ShowRuntime Behavior ::run [ RunTime:0.000156s ]
INFO: [ view_filter ] --END-- [ RunTime:0.000805s ]
INFO: [ view_end ] --START--
INFO: ShowPageTrace Behavior ::run [ RunTime:0.000147s ]
INFO: [ view_end ] --END-- [ RunTime:0.000223s ]

[ 2015-03-18T21:03:34+08:00 ] 117.139.201.95 /
INFO: [ app_begin ] --START--
INFO: ReadHtmlCache Behavior ::run [ RunTime:0.000163s ]
INFO: [ app_begin ] --END-- [ RunTime:0.000270s ]
SQL: SHOW COLUMNS FROM `star_school` [ RunTime:0.000792s ]
SQL: SELECT * FROM `star_school` ORDER BY convert(school using gb2312) ASC  [ RunTime:0.000225s ]
INFO: [ view_parse ] --START--
INFO: ParseTemplate Behavior ::run [ RunTime:0.005783s ]
INFO: [ view_parse ] --END-- [ RunTime:0.005887s ]
INFO: [ view_filter ] --START--
INFO: ContentReplace Behavior ::run [ RunTime:0.000189s ]
INFO: TokenBuild Behavior ::run [ RunTime:0.000147s ]
INFO: WriteHtmlCache Behavior ::run [ RunTime:0.000106s ]
INFO: ShowRuntime Behavior ::run [ RunTime:0.000177s ]
INFO: [ view_filter ] --END-- [ RunTime:0.000835s ]
INFO: [ view_end ] --START--
INFO: ShowPageTrace Behavior ::run [ RunTime:0.000155s ]
INFO: [ view_end ] --END-- [ RunTime:0.000233s ]

[ 2015-03-18T21:03:47+08:00 ] 117.139.201.95 /Index/Index/search
INFO: [ route_check ] --START--
INFO: CheckRoute Behavior ::run [ RunTime:0.000158s ]
INFO: [ route_check ] --END-- [ RunTime:0.000262s ]
INFO: [ app_begin ] --START--
INFO: ReadHtmlCache Behavior ::run [ RunTime:0.000146s ]
INFO: [ app_begin ] --END-- [ RunTime:0.000223s ]
SQL: SHOW COLUMNS FROM `star_school` [ RunTime:0.000831s ]
SQL: SELECT * FROM `star_school` WHERE ( `school` LIKE '%哈%' )  [ RunTime:0.000428s ]

[ 2015-03-18T21:03:48+08:00 ] 117.139.201.95 /Index/Index/match
INFO: [ route_check ] --START--
INFO: CheckRoute Behavior ::run [ RunTime:0.000171s ]
INFO: [ route_check ] --END-- [ RunTime:0.000279s ]
INFO: [ app_begin ] --START--
INFO: ReadHtmlCache Behavior ::run [ RunTime:0.000151s ]
INFO: [ app_begin ] --END-- [ RunTime:0.000229s ]
SQL: SHOW COLUMNS FROM `star_school` [ RunTime:0.000847s ]
SQL: SELECT * FROM `star_school` WHERE ( `school` = '哈尔滨工程大学' ) LIMIT 1   [ RunTime:0.000376s ]
SQL: SHOW COLUMNS FROM `star_joiner` [ RunTime:0.000924s ]
SQL: SELECT * FROM `star_joiner` WHERE ( `school_id` = 26 )  [ RunTime:0.000440s ]

[ 2015-03-18T22:13:34+08:00 ] 117.139.201.95 /
INFO: [ app_begin ] --START--
INFO: ReadHtmlCache Behavior ::run [ RunTime:0.000156s ]
INFO: [ app_begin ] --END-- [ RunTime:0.000254s ]
SQL: SHOW COLUMNS FROM `star_school` [ RunTime:0.000788s ]
SQL: SELECT * FROM `star_school` ORDER BY convert(school using gb2312) ASC  [ RunTime:0.000195s ]
INFO: [ view_parse ] --START--
INFO: ParseTemplate Behavior ::run [ RunTime:0.004829s ]
INFO: [ view_parse ] --END-- [ RunTime:0.004919s ]
INFO: [ view_filter ] --START--
INFO: ContentReplace Behavior ::run [ RunTime:0.000189s ]
INFO: TokenBuild Behavior ::run [ RunTime:0.000136s ]
INFO: WriteHtmlCache Behavior ::run [ RunTime:0.000092s ]
INFO: ShowRuntime Behavior ::run [ RunTime:0.000157s ]
INFO: [ view_filter ] --END-- [ RunTime:0.000775s ]
INFO: [ view_end ] --START--
INFO: ShowPageTrace Behavior ::run [ RunTime:0.000135s ]
INFO: [ view_end ] --END-- [ RunTime:0.000204s ]

[ 2015-03-18T22:13:40+08:00 ] 117.139.201.95 /Index/Index/search
INFO: [ route_check ] --START--
INFO: CheckRoute Behavior ::run [ RunTime:0.000147s ]
INFO: [ route_check ] --END-- [ RunTime:0.000243s ]
INFO: [ app_begin ] --START--
INFO: ReadHtmlCache Behavior ::run [ RunTime:0.000138s ]
INFO: [ app_begin ] --END-- [ RunTime:0.000212s ]
SQL: SHOW COLUMNS FROM `star_school` [ RunTime:0.000777s ]
SQL: SELECT * FROM `star_school` WHERE ( `school` LIKE '%哈%' )  [ RunTime:0.000190s ]

[ 2015-03-18T22:13:41+08:00 ] 117.139.201.95 /Index/Index/search
INFO: [ route_check ] --START--
INFO: CheckRoute Behavior ::run [ RunTime:0.000155s ]
INFO: [ route_check ] --END-- [ RunTime:0.000251s ]
INFO: [ app_begin ] --START--
INFO: ReadHtmlCache Behavior ::run [ RunTime:0.000147s ]
INFO: [ app_begin ] --END-- [ RunTime:0.000220s ]
SQL: SHOW COLUMNS FROM `star_school` [ RunTime:0.000791s ]
SQL: SELECT * FROM `star_school` WHERE ( `school` LIKE '%哈%工%' )  [ RunTime:0.000434s ]

[ 2015-03-18T22:13:42+08:00 ] 117.139.201.95 /Index/Index/match
INFO: [ route_check ] --START--
INFO: CheckRoute Behavior ::run [ RunTime:0.000163s ]
INFO: [ route_check ] --END-- [ RunTime:0.000270s ]
INFO: [ app_begin ] --START--
INFO: ReadHtmlCache Behavior ::run [ RunTime:0.000142s ]
INFO: [ app_begin ] --END-- [ RunTime:0.000220s ]
SQL: SHOW COLUMNS FROM `star_school` [ RunTime:0.000844s ]
SQL: SELECT * FROM `star_school` WHERE ( `school` = '哈尔滨工程大学' ) LIMIT 1   [ RunTime:0.000205s ]
SQL: SHOW COLUMNS FROM `star_joiner` [ RunTime:0.000951s ]
SQL: SELECT * FROM `star_joiner` WHERE ( `school_id` = 26 )  [ RunTime:0.000209s ]

