[ 2015-03-22T12:31:06+08:00 ] 202.115.22.4 /
INFO: [ app_begin ] --START--
INFO: ReadHtmlCache Behavior ::run [ RunTime:0.000168s ]
INFO: [ app_begin ] --END-- [ RunTime:0.000274s ]
SQL: SHOW COLUMNS FROM `star_school` [ RunTime:0.005163s ]
SQL: SELECT * FROM `star_school` ORDER BY convert(school using gb2312) ASC  [ RunTime:0.000234s ]
INFO: [ view_parse ] --START--
INFO: ParseTemplate Behavior ::run [ RunTime:0.005181s ]
INFO: [ view_parse ] --END-- [ RunTime:0.005279s ]
INFO: [ view_filter ] --START--
INFO: ContentReplace Behavior ::run [ RunTime:0.000189s ]
INFO: TokenBuild Behavior ::run [ RunTime:0.000143s ]
INFO: WriteHtmlCache Behavior ::run [ RunTime:0.000100s ]
INFO: ShowRuntime Behavior ::run [ RunTime:0.000163s ]
INFO: [ view_filter ] --END-- [ RunTime:0.000821s ]
INFO: [ view_end ] --START--
INFO: ShowPageTrace Behavior ::run [ RunTime:0.000146s ]
INFO: [ view_end ] --END-- [ RunTime:0.000221s ]

[ 2015-03-22T15:11:19+08:00 ] 122.234.55.68 /Index/Index/other.html
INFO: [ route_check ] --START--
INFO: CheckRoute Behavior ::run [ RunTime:0.000212s ]
INFO: [ route_check ] --END-- [ RunTime:0.000350s ]
INFO: [ app_begin ] --START--
INFO: ReadHtmlCache Behavior ::run [ RunTime:0.000170s ]
INFO: [ app_begin ] --END-- [ RunTime:0.000252s ]
SQL: SHOW COLUMNS FROM `star_school` [ RunTime:0.000880s ]
SQL: SELECT * FROM `star_school` WHERE ( `school` = '浙江大学' ) LIMIT 1   [ RunTime:0.000193s ]
SQL: SHOW COLUMNS FROM `star_joiner` [ RunTime:0.000946s ]
SQL: UPDATE `star_joiner` SET `time`=time+1 WHERE ( `joiner` = '吕淼华' ) AND ( `school_id` = 72 ) [ RunTime:0.001434s ]
SQL: UPDATE `star_joiner` SET `login_time`=1427008279 WHERE ( `joiner` = '吕淼华' ) AND ( `school_id` = 72 ) [ RunTime:0.000991s ]
SQL: SELECT * FROM `star_joiner` WHERE ( `joiner` = '吕淼华' ) AND ( `school_id` = 72 ) LIMIT 1   [ RunTime:0.000486s ]
INFO: [ view_parse ] --START--
INFO: ParseTemplate Behavior ::run [ RunTime:0.005500s ]
INFO: [ view_parse ] --END-- [ RunTime:0.005603s ]
INFO: [ view_filter ] --START--
INFO: ContentReplace Behavior ::run [ RunTime:0.000190s ]
INFO: TokenBuild Behavior ::run [ RunTime:0.000154s ]
INFO: WriteHtmlCache Behavior ::run [ RunTime:0.000106s ]
INFO: ShowRuntime Behavior ::run [ RunTime:0.000189s ]
INFO: [ view_filter ] --END-- [ RunTime:0.000848s ]
INFO: [ view_end ] --START--
INFO: ShowPageTrace Behavior ::run [ RunTime:0.000156s ]
INFO: [ view_end ] --END-- [ RunTime:0.000232s ]

[ 2015-03-22T15:11:20+08:00 ] 101.226.33.228 /Index/Index/other.html
INFO: [ route_check ] --START--
INFO: CheckRoute Behavior ::run [ RunTime:0.000268s ]
INFO: [ route_check ] --END-- [ RunTime:0.000432s ]
INFO: [ app_begin ] --START--
INFO: ReadHtmlCache Behavior ::run [ RunTime:0.000174s ]
INFO: [ app_begin ] --END-- [ RunTime:0.000257s ]

[ 2015-03-22T15:11:20+08:00 ] 101.226.33.228 /Index/Index/index.html
INFO: [ route_check ] --START--
INFO: CheckRoute Behavior ::run [ RunTime:0.000181s ]
INFO: [ route_check ] --END-- [ RunTime:0.000296s ]
INFO: [ app_begin ] --START--
INFO: ReadHtmlCache Behavior ::run [ RunTime:0.000149s ]
INFO: [ app_begin ] --END-- [ RunTime:0.000228s ]
SQL: SHOW COLUMNS FROM `star_school` [ RunTime:0.000813s ]
SQL: SELECT * FROM `star_school` ORDER BY convert(school using gb2312) ASC  [ RunTime:0.000136s ]
INFO: [ view_parse ] --START--
INFO: ParseTemplate Behavior ::run [ RunTime:0.004980s ]
INFO: [ view_parse ] --END-- [ RunTime:0.005077s ]
INFO: [ view_filter ] --START--
INFO: ContentReplace Behavior ::run [ RunTime:0.000178s ]
INFO: TokenBuild Behavior ::run [ RunTime:0.000139s ]
INFO: WriteHtmlCache Behavior ::run [ RunTime:0.000087s ]
INFO: ShowRuntime Behavior ::run [ RunTime:0.000152s ]
INFO: [ view_filter ] --END-- [ RunTime:0.000766s ]
INFO: [ view_end ] --START--
INFO: ShowPageTrace Behavior ::run [ RunTime:0.000131s ]
INFO: [ view_end ] --END-- [ RunTime:0.000210s ]

