[ 2015-03-13T09:44:18+08:00 ] 171.209.47.108 /?&from=androidqq
INFO: [ app_begin ] --START--
INFO: ReadHtmlCache Behavior ::run [ RunTime:0.001602s ]
INFO: [ app_begin ] --END-- [ RunTime:0.001708s ]
SQL: SHOW COLUMNS FROM `star_school` [ RunTime:0.000841s ]
SQL: SELECT * FROM `star_school` ORDER BY convert(school using gb2312) ASC  [ RunTime:0.000231s ]
INFO: [ view_parse ] --START--
INFO: ParseTemplate Behavior ::run [ RunTime:0.014301s ]
INFO: [ view_parse ] --END-- [ RunTime:0.014391s ]
INFO: [ view_filter ] --START--
INFO: ContentReplace Behavior ::run [ RunTime:0.001284s ]
INFO: TokenBuild Behavior ::run [ RunTime:0.001364s ]
INFO: WriteHtmlCache Behavior ::run [ RunTime:0.001131s ]
INFO: ShowRuntime Behavior ::run [ RunTime:0.001413s ]
INFO: [ view_filter ] --END-- [ RunTime:0.005571s ]
INFO: [ view_end ] --START--
INFO: ShowPageTrace Behavior ::run [ RunTime:0.001694s ]
INFO: [ view_end ] --END-- [ RunTime:0.001771s ]

[ 2015-03-13T09:44:29+08:00 ] 171.209.47.108 /Index/Index/match
INFO: [ route_check ] --START--
INFO: CheckRoute Behavior ::run [ RunTime:0.001905s ]
INFO: [ route_check ] --END-- [ RunTime:0.002025s ]
INFO: [ app_begin ] --START--
INFO: ReadHtmlCache Behavior ::run [ RunTime:0.001488s ]
INFO: [ app_begin ] --END-- [ RunTime:0.001573s ]
SQL: SHOW COLUMNS FROM `star_school` [ RunTime:0.000963s ]
SQL: SELECT * FROM `star_school` WHERE ( `school` = '北京大学' ) LIMIT 1   [ RunTime:0.000179s ]
SQL: SHOW COLUMNS FROM `star_joiner` [ RunTime:0.000843s ]
SQL: SELECT * FROM `star_joiner` WHERE ( `school_id` = 1 )  [ RunTime:0.000432s ]

[ 2015-03-13T09:44:33+08:00 ] 171.209.47.108 /Index/Index/other.html
INFO: [ route_check ] --START--
INFO: CheckRoute Behavior ::run [ RunTime:0.001852s ]
INFO: [ route_check ] --END-- [ RunTime:0.001963s ]
INFO: [ app_begin ] --START--
INFO: ReadHtmlCache Behavior ::run [ RunTime:0.001532s ]
INFO: [ app_begin ] --END-- [ RunTime:0.001616s ]
SQL: SHOW COLUMNS FROM `star_school` [ RunTime:0.000895s ]
SQL: SELECT * FROM `star_school` WHERE ( `school` = '北京大学' ) LIMIT 1   [ RunTime:0.000187s ]
SQL: SHOW COLUMNS FROM `star_joiner` [ RunTime:0.000779s ]
SQL: UPDATE `star_joiner` SET `time`=time+1 WHERE ( `joiner` = '张庆东' ) AND ( `school_id` = 1 ) [ RunTime:0.001195s ]
SQL: SELECT * FROM `star_joiner` WHERE ( `joiner` = '张庆东' ) AND ( `school_id` = 1 ) LIMIT 1   [ RunTime:0.000419s ]
SQL: SHOW COLUMNS FROM `star_mianliao` [ RunTime:0.000865s ]
SQL: SELECT * FROM `star_mianliao` WHERE ( `school` = '北京大学' ) AND ( `joiner` = '张庆东' ) LIMIT 1   [ RunTime:0.000196s ]
INFO: [ view_parse ] --START--
INFO: ParseTemplate Behavior ::run [ RunTime:0.013918s ]
INFO: [ view_parse ] --END-- [ RunTime:0.014017s ]
INFO: [ view_filter ] --START--
INFO: ContentReplace Behavior ::run [ RunTime:0.001279s ]
INFO: TokenBuild Behavior ::run [ RunTime:0.001289s ]
INFO: WriteHtmlCache Behavior ::run [ RunTime:0.001150s ]
INFO: ShowRuntime Behavior ::run [ RunTime:0.001404s ]
INFO: [ view_filter ] --END-- [ RunTime:0.005574s ]
INFO: [ view_end ] --START--
INFO: ShowPageTrace Behavior ::run [ RunTime:0.001701s ]
INFO: [ view_end ] --END-- [ RunTime:0.001777s ]

[ 2015-03-13T12:41:09+08:00 ] 202.115.22.5 /
INFO: [ app_begin ] --START--
INFO: ReadHtmlCache Behavior ::run [ RunTime:0.001594s ]
INFO: [ app_begin ] --END-- [ RunTime:0.001705s ]
SQL: SHOW COLUMNS FROM `star_school` [ RunTime:0.000876s ]
SQL: SELECT * FROM `star_school` ORDER BY convert(school using gb2312) ASC  [ RunTime:0.000216s ]
INFO: [ view_parse ] --START--
INFO: ParseTemplate Behavior ::run [ RunTime:0.063536s ]
INFO: [ view_parse ] --END-- [ RunTime:0.063627s ]
INFO: [ view_filter ] --START--
INFO: ContentReplace Behavior ::run [ RunTime:0.001281s ]
INFO: TokenBuild Behavior ::run [ RunTime:0.001345s ]
INFO: WriteHtmlCache Behavior ::run [ RunTime:0.001166s ]
INFO: ShowRuntime Behavior ::run [ RunTime:0.001385s ]
INFO: [ view_filter ] --END-- [ RunTime:0.005474s ]
INFO: [ view_end ] --START--
INFO: ShowPageTrace Behavior ::run [ RunTime:0.001717s ]
INFO: [ view_end ] --END-- [ RunTime:0.001792s ]

[ 2015-03-13T12:41:23+08:00 ] 202.115.22.5 /
INFO: [ app_begin ] --START--
INFO: ReadHtmlCache Behavior ::run [ RunTime:0.001572s ]
INFO: [ app_begin ] --END-- [ RunTime:0.001683s ]
SQL: SHOW COLUMNS FROM `star_school` [ RunTime:0.000879s ]
SQL: SELECT * FROM `star_school` ORDER BY convert(school using gb2312) ASC  [ RunTime:0.000191s ]
INFO: [ view_parse ] --START--
INFO: ParseTemplate Behavior ::run [ RunTime:0.014152s ]
INFO: [ view_parse ] --END-- [ RunTime:0.014242s ]
INFO: [ view_filter ] --START--
INFO: ContentReplace Behavior ::run [ RunTime:0.001282s ]
INFO: TokenBuild Behavior ::run [ RunTime:0.001350s ]
INFO: WriteHtmlCache Behavior ::run [ RunTime:0.001124s ]
INFO: ShowRuntime Behavior ::run [ RunTime:0.001409s ]
INFO: [ view_filter ] --END-- [ RunTime:0.005537s ]
INFO: [ view_end ] --START--
INFO: ShowPageTrace Behavior ::run [ RunTime:0.001686s ]
INFO: [ view_end ] --END-- [ RunTime:0.001762s ]

[ 2015-03-13T12:41:28+08:00 ] 202.115.22.5 /admin
INFO: [ route_check ] --START--
INFO: CheckRoute Behavior ::run [ RunTime:0.001926s ]
INFO: [ route_check ] --END-- [ RunTime:0.002034s ]
INFO: [ app_begin ] --START--
INFO: ReadHtmlCache Behavior ::run [ RunTime:0.001551s ]
INFO: [ app_begin ] --END-- [ RunTime:0.001635s ]
ERR: 无法加载模块:Index

[ 2015-03-13T12:41:34+08:00 ] 202.115.22.5 /Admin
INFO: [ route_check ] --START--
INFO: CheckRoute Behavior ::run [ RunTime:0.001910s ]
INFO: [ route_check ] --END-- [ RunTime:0.002029s ]
INFO: [ app_begin ] --START--
INFO: ReadHtmlCache Behavior ::run [ RunTime:0.001559s ]
INFO: [ app_begin ] --END-- [ RunTime:0.001646s ]

[ 2015-03-13T12:41:34+08:00 ] 202.115.22.5 /Admin/Login/index.html
INFO: [ route_check ] --START--
INFO: CheckRoute Behavior ::run [ RunTime:0.001895s ]
INFO: [ route_check ] --END-- [ RunTime:0.001996s ]
INFO: [ app_begin ] --START--
INFO: ReadHtmlCache Behavior ::run [ RunTime:0.001569s ]
INFO: [ app_begin ] --END-- [ RunTime:0.001655s ]
INFO: [ view_parse ] --START--
INFO: ParseTemplate Behavior ::run [ RunTime:0.013181s ]
INFO: [ view_parse ] --END-- [ RunTime:0.013269s ]
INFO: [ view_filter ] --START--
INFO: ContentReplace Behavior ::run [ RunTime:0.001268s ]
INFO: TokenBuild Behavior ::run [ RunTime:0.001351s ]
INFO: WriteHtmlCache Behavior ::run [ RunTime:0.001182s ]
INFO: ShowRuntime Behavior ::run [ RunTime:0.001441s ]
INFO: [ view_filter ] --END-- [ RunTime:0.005471s ]
INFO: [ view_end ] --START--
INFO: ShowPageTrace Behavior ::run [ RunTime:0.001704s ]
INFO: [ view_end ] --END-- [ RunTime:0.001780s ]

[ 2015-03-13T12:41:34+08:00 ] 202.115.22.5 /Admin/Login/verify.html
INFO: [ route_check ] --START--
INFO: CheckRoute Behavior ::run [ RunTime:0.001910s ]
INFO: [ route_check ] --END-- [ RunTime:0.002018s ]
INFO: [ app_begin ] --START--
INFO: ReadHtmlCache Behavior ::run [ RunTime:0.001598s ]
INFO: [ app_begin ] --END-- [ RunTime:0.001684s ]

[ 2015-03-13T12:41:47+08:00 ] 202.115.22.5 /Admin/Login/login.html
INFO: [ route_check ] --START--
INFO: CheckRoute Behavior ::run [ RunTime:0.001854s ]
INFO: [ route_check ] --END-- [ RunTime:0.001966s ]
INFO: [ app_begin ] --START--
INFO: ReadHtmlCache Behavior ::run [ RunTime:0.001570s ]
INFO: [ app_begin ] --END-- [ RunTime:0.001679s ]
SQL: SHOW COLUMNS FROM `star_user` [ RunTime:0.001027s ]
SQL: SELECT * FROM `star_user` WHERE ( `username` = 'admin' ) LIMIT 1   [ RunTime:0.000402s ]
SQL: UPDATE `star_user` SET `login_time`=1426221707,`login_ip`='202.115.22.5' WHERE ( `id` = 1 ) [ RunTime:0.000395s ]

[ 2015-03-13T12:41:47+08:00 ] 202.115.22.5 /Admin/Index/index.html
INFO: [ route_check ] --START--
INFO: CheckRoute Behavior ::run [ RunTime:0.001832s ]
INFO: [ route_check ] --END-- [ RunTime:0.001938s ]
INFO: [ app_begin ] --START--
INFO: ReadHtmlCache Behavior ::run [ RunTime:0.001563s ]
INFO: [ app_begin ] --END-- [ RunTime:0.001651s ]
INFO: [ view_parse ] --START--
INFO: ParseTemplate Behavior ::run [ RunTime:0.014230s ]
INFO: [ view_parse ] --END-- [ RunTime:0.014337s ]
INFO: [ view_filter ] --START--
INFO: ContentReplace Behavior ::run [ RunTime:0.001249s ]
INFO: TokenBuild Behavior ::run [ RunTime:0.001292s ]
INFO: WriteHtmlCache Behavior ::run [ RunTime:0.001155s ]
INFO: ShowRuntime Behavior ::run [ RunTime:0.001375s ]
INFO: [ view_filter ] --END-- [ RunTime:0.005432s ]
INFO: [ view_end ] --START--
INFO: ShowPageTrace Behavior ::run [ RunTime:0.001660s ]
INFO: [ view_end ] --END-- [ RunTime:0.001739s ]

[ 2015-03-13T12:41:53+08:00 ] 202.115.22.5 /Admin/School/joiner.html
INFO: [ route_check ] --START--
INFO: CheckRoute Behavior ::run [ RunTime:0.001926s ]
INFO: [ route_check ] --END-- [ RunTime:0.002034s ]
INFO: [ app_begin ] --START--
INFO: ReadHtmlCache Behavior ::run [ RunTime:0.001597s ]
INFO: [ app_begin ] --END-- [ RunTime:0.001686s ]
SQL: SHOW COLUMNS FROM `star_school` [ RunTime:0.006933s ]
SQL: SELECT * FROM `star_school` ORDER BY convert(school using gb2312) ASC  [ RunTime:0.000228s ]
INFO: [ view_parse ] --START--
INFO: ParseTemplate Behavior ::run [ RunTime:0.013964s ]
INFO: [ view_parse ] --END-- [ RunTime:0.014072s ]
INFO: [ view_filter ] --START--
INFO: ContentReplace Behavior ::run [ RunTime:0.001315s ]
INFO: TokenBuild Behavior ::run [ RunTime:0.001354s ]
INFO: WriteHtmlCache Behavior ::run [ RunTime:0.001202s ]
INFO: ShowRuntime Behavior ::run [ RunTime:0.001453s ]
INFO: [ view_filter ] --END-- [ RunTime:0.005549s ]
INFO: [ view_end ] --START--
INFO: ShowPageTrace Behavior ::run [ RunTime:0.001733s ]
INFO: [ view_end ] --END-- [ RunTime:0.001809s ]

[ 2015-03-13T12:41:58+08:00 ] 202.115.22.5 /Admin/School/done.html
INFO: [ route_check ] --START--
INFO: CheckRoute Behavior ::run [ RunTime:0.001902s ]
INFO: [ route_check ] --END-- [ RunTime:0.002014s ]
INFO: [ app_begin ] --START--
INFO: ReadHtmlCache Behavior ::run [ RunTime:0.001559s ]
INFO: [ app_begin ] --END-- [ RunTime:0.001647s ]
SQL: SHOW COLUMNS FROM `star_joiner` [ RunTime:0.000949s ]
SQL: SELECT COUNT(*) AS tp_count FROM `star_joiner` WHERE ( time > 0 ) LIMIT 1   [ RunTime:0.000390s ]
SQL: SELECT * FROM `star_joiner` WHERE ( time > 0 ) ORDER BY school_id LIMIT 0,10   [ RunTime:0.000458s ]
SQL: SHOW COLUMNS FROM `star_school` [ RunTime:0.000793s ]
SQL: SELECT * FROM `star_school` WHERE ( `id` = 1 ) LIMIT 1   [ RunTime:0.000379s ]
SQL: SELECT * FROM `star_school` WHERE ( `id` = 2 ) LIMIT 1   [ RunTime:0.000364s ]
SQL: SELECT * FROM `star_school` WHERE ( `id` = 12 ) LIMIT 1   [ RunTime:0.000260s ]
SQL: SELECT * FROM `star_school` WHERE ( `id` = 58 ) LIMIT 1   [ RunTime:0.000363s ]
INFO: [ view_parse ] --START--
NOTIC: [8] Undefined index: dom /home/www/meeting/App/Runtime/Cache/Admin/a93c8b8a3bb67faba76f1d77144c8157.php 第 22 行.
NOTIC: [8] Undefined index: dom /home/www/meeting/App/Runtime/Cache/Admin/a93c8b8a3bb67faba76f1d77144c8157.php 第 22 行.
NOTIC: [8] Undefined index: dom /home/www/meeting/App/Runtime/Cache/Admin/a93c8b8a3bb67faba76f1d77144c8157.php 第 22 行.
NOTIC: [8] Undefined index: dom /home/www/meeting/App/Runtime/Cache/Admin/a93c8b8a3bb67faba76f1d77144c8157.php 第 22 行.
INFO: ParseTemplate Behavior ::run [ RunTime:0.014579s ]
INFO: [ view_parse ] --END-- [ RunTime:0.014658s ]
INFO: [ view_filter ] --START--
INFO: ContentReplace Behavior ::run [ RunTime:0.001283s ]
INFO: TokenBuild Behavior ::run [ RunTime:0.001334s ]
INFO: WriteHtmlCache Behavior ::run [ RunTime:0.001178s ]
INFO: ShowRuntime Behavior ::run [ RunTime:0.001458s ]
INFO: [ view_filter ] --END-- [ RunTime:0.005477s ]
INFO: [ view_end ] --START--
INFO: ShowPageTrace Behavior ::run [ RunTime:0.001668s ]
INFO: [ view_end ] --END-- [ RunTime:0.001743s ]

[ 2015-03-13T12:42:00+08:00 ] 202.115.22.5 /Admin/School/undone.html
INFO: [ route_check ] --START--
INFO: CheckRoute Behavior ::run [ RunTime:0.001894s ]
INFO: [ route_check ] --END-- [ RunTime:0.002005s ]
INFO: [ app_begin ] --START--
INFO: ReadHtmlCache Behavior ::run [ RunTime:0.001558s ]
INFO: [ app_begin ] --END-- [ RunTime:0.001646s ]
SQL: SHOW COLUMNS FROM `star_joiner` [ RunTime:0.000970s ]
SQL: SELECT COUNT(*) AS tp_count FROM `star_joiner` WHERE ( `time` = 0 ) LIMIT 1   [ RunTime:0.000720s ]
SQL: SELECT * FROM `star_joiner` WHERE ( `time` = 0 ) ORDER BY school_id LIMIT 0,10   [ RunTime:0.000479s ]
SQL: SHOW COLUMNS FROM `star_school` [ RunTime:0.000786s ]
SQL: SELECT * FROM `star_school` WHERE ( `id` = 1 ) LIMIT 1   [ RunTime:0.000189s ]
SQL: SELECT * FROM `star_school` WHERE ( `id` = 4 ) LIMIT 1   [ RunTime:0.000427s ]
SQL: SELECT * FROM `star_school` WHERE ( `id` = 4 ) LIMIT 1   [ RunTime:0.000189s ]
SQL: SELECT * FROM `star_school` WHERE ( `id` = 5 ) LIMIT 1   [ RunTime:0.000373s ]
SQL: SELECT * FROM `star_school` WHERE ( `id` = 5 ) LIMIT 1   [ RunTime:0.000188s ]
SQL: SELECT * FROM `star_school` WHERE ( `id` = 5 ) LIMIT 1   [ RunTime:0.000188s ]
SQL: SELECT * FROM `star_school` WHERE ( `id` = 5 ) LIMIT 1   [ RunTime:0.000196s ]
SQL: SELECT * FROM `star_school` WHERE ( `id` = 10 ) LIMIT 1   [ RunTime:0.000280s ]
SQL: SELECT * FROM `star_school` WHERE ( `id` = 11 ) LIMIT 1   [ RunTime:0.000329s ]
SQL: SELECT * FROM `star_school` WHERE ( `id` = 11 ) LIMIT 1   [ RunTime:0.000106s ]
INFO: [ view_parse ] --START--
NOTIC: [8] Undefined index: dom /home/www/meeting/App/Runtime/Cache/Admin/bc4dd24b20b0a7c4b408e340e96ba383.php 第 22 行.
NOTIC: [8] Undefined index: dom /home/www/meeting/App/Runtime/Cache/Admin/bc4dd24b20b0a7c4b408e340e96ba383.php 第 22 行.
NOTIC: [8] Undefined index: dom /home/www/meeting/App/Runtime/Cache/Admin/bc4dd24b20b0a7c4b408e340e96ba383.php 第 22 行.
NOTIC: [8] Undefined index: dom /home/www/meeting/App/Runtime/Cache/Admin/bc4dd24b20b0a7c4b408e340e96ba383.php 第 22 行.
NOTIC: [8] Undefined index: dom /home/www/meeting/App/Runtime/Cache/Admin/bc4dd24b20b0a7c4b408e340e96ba383.php 第 22 行.
NOTIC: [8] Undefined index: dom /home/www/meeting/App/Runtime/Cache/Admin/bc4dd24b20b0a7c4b408e340e96ba383.php 第 22 行.
NOTIC: [8] Undefined index: dom /home/www/meeting/App/Runtime/Cache/Admin/bc4dd24b20b0a7c4b408e340e96ba383.php 第 22 行.
NOTIC: [8] Undefined index: dom /home/www/meeting/App/Runtime/Cache/Admin/bc4dd24b20b0a7c4b408e340e96ba383.php 第 22 行.
NOTIC: [8] Undefined index: dom /home/www/meeting/App/Runtime/Cache/Admin/bc4dd24b20b0a7c4b408e340e96ba383.php 第 22 行.
NOTIC: [8] Undefined index: dom /home/www/meeting/App/Runtime/Cache/Admin/bc4dd24b20b0a7c4b408e340e96ba383.php 第 22 行.
INFO: ParseTemplate Behavior ::run [ RunTime:0.015319s ]
INFO: [ view_parse ] --END-- [ RunTime:0.015397s ]
INFO: [ view_filter ] --START--
INFO: ContentReplace Behavior ::run [ RunTime:0.001264s ]
INFO: TokenBuild Behavior ::run [ RunTime:0.001353s ]
INFO: WriteHtmlCache Behavior ::run [ RunTime:0.001174s ]
INFO: ShowRuntime Behavior ::run [ RunTime:0.001437s ]
INFO: [ view_filter ] --END-- [ RunTime:0.005452s ]
INFO: [ view_end ] --START--
INFO: ShowPageTrace Behavior ::run [ RunTime:0.001688s ]
INFO: [ view_end ] --END-- [ RunTime:0.001765s ]

[ 2015-03-13T12:42:05+08:00 ] 202.115.22.5 /Admin/School/manage.html
INFO: [ route_check ] --START--
INFO: CheckRoute Behavior ::run [ RunTime:0.001865s ]
INFO: [ route_check ] --END-- [ RunTime:0.001976s ]
INFO: [ app_begin ] --START--
INFO: ReadHtmlCache Behavior ::run [ RunTime:0.001576s ]
INFO: [ app_begin ] --END-- [ RunTime:0.001664s ]
SQL: SHOW COLUMNS FROM `star_joiner` [ RunTime:0.000939s ]
SQL: SELECT COUNT(*) AS tp_count FROM `star_joiner` LIMIT 1   [ RunTime:0.000322s ]
SQL: SELECT * FROM `star_joiner` ORDER BY school_id LIMIT 0,10   [ RunTime:0.000438s ]
SQL: SHOW COLUMNS FROM `star_school` [ RunTime:0.000794s ]
SQL: SELECT * FROM `star_school` WHERE ( `id` = 1 ) LIMIT 1   [ RunTime:0.000191s ]
SQL: SELECT * FROM `star_school` WHERE ( `id` = 1 ) LIMIT 1   [ RunTime:0.000185s ]
SQL: SELECT * FROM `star_school` WHERE ( `id` = 2 ) LIMIT 1   [ RunTime:0.000189s ]
SQL: SELECT * FROM `star_school` WHERE ( `id` = 4 ) LIMIT 1   [ RunTime:0.000163s ]
SQL: SELECT * FROM `star_school` WHERE ( `id` = 4 ) LIMIT 1   [ RunTime:0.000193s ]
SQL: SELECT * FROM `star_school` WHERE ( `id` = 5 ) LIMIT 1   [ RunTime:0.000128s ]
SQL: SELECT * FROM `star_school` WHERE ( `id` = 5 ) LIMIT 1   [ RunTime:0.000180s ]
SQL: SELECT * FROM `star_school` WHERE ( `id` = 5 ) LIMIT 1   [ RunTime:0.000184s ]
SQL: SELECT * FROM `star_school` WHERE ( `id` = 5 ) LIMIT 1   [ RunTime:0.000118s ]
SQL: SELECT * FROM `star_school` WHERE ( `id` = 10 ) LIMIT 1   [ RunTime:0.000180s ]
INFO: [ view_parse ] --START--
NOTIC: [8] Undefined index: dom /home/www/meeting/App/Runtime/Cache/Admin/b8fa5691b31a0cea51e93e9a8182c5a8.php 第 21 行.
NOTIC: [8] Undefined index: dom /home/www/meeting/App/Runtime/Cache/Admin/b8fa5691b31a0cea51e93e9a8182c5a8.php 第 21 行.
NOTIC: [8] Undefined index: dom /home/www/meeting/App/Runtime/Cache/Admin/b8fa5691b31a0cea51e93e9a8182c5a8.php 第 21 行.
NOTIC: [8] Undefined index: dom /home/www/meeting/App/Runtime/Cache/Admin/b8fa5691b31a0cea51e93e9a8182c5a8.php 第 21 行.
NOTIC: [8] Undefined index: dom /home/www/meeting/App/Runtime/Cache/Admin/b8fa5691b31a0cea51e93e9a8182c5a8.php 第 21 行.
NOTIC: [8] Undefined index: dom /home/www/meeting/App/Runtime/Cache/Admin/b8fa5691b31a0cea51e93e9a8182c5a8.php 第 21 行.
NOTIC: [8] Undefined index: dom /home/www/meeting/App/Runtime/Cache/Admin/b8fa5691b31a0cea51e93e9a8182c5a8.php 第 21 行.
NOTIC: [8] Undefined index: dom /home/www/meeting/App/Runtime/Cache/Admin/b8fa5691b31a0cea51e93e9a8182c5a8.php 第 21 行.
NOTIC: [8] Undefined index: dom /home/www/meeting/App/Runtime/Cache/Admin/b8fa5691b31a0cea51e93e9a8182c5a8.php 第 21 行.
NOTIC: [8] Undefined index: dom /home/www/meeting/App/Runtime/Cache/Admin/b8fa5691b31a0cea51e93e9a8182c5a8.php 第 21 行.
INFO: ParseTemplate Behavior ::run [ RunTime:0.015206s ]
INFO: [ view_parse ] --END-- [ RunTime:0.015287s ]
INFO: [ view_filter ] --START--
INFO: ContentReplace Behavior ::run [ RunTime:0.001271s ]
INFO: TokenBuild Behavior ::run [ RunTime:0.001348s ]
INFO: WriteHtmlCache Behavior ::run [ RunTime:0.001205s ]
INFO: ShowRuntime Behavior ::run [ RunTime:0.001450s ]
INFO: [ view_filter ] --END-- [ RunTime:0.005495s ]
INFO: [ view_end ] --START--
INFO: ShowPageTrace Behavior ::run [ RunTime:0.001691s ]
INFO: [ view_end ] --END-- [ RunTime:0.001767s ]

[ 2015-03-13T12:43:39+08:00 ] 202.115.22.5 /Admin/Index/index.html
INFO: [ route_check ] --START--
INFO: CheckRoute Behavior ::run [ RunTime:0.001906s ]
INFO: [ route_check ] --END-- [ RunTime:0.002016s ]
INFO: [ app_begin ] --START--
INFO: ReadHtmlCache Behavior ::run [ RunTime:0.001571s ]
INFO: [ app_begin ] --END-- [ RunTime:0.001658s ]
INFO: [ view_parse ] --START--
INFO: ParseTemplate Behavior ::run [ RunTime:0.014491s ]
INFO: [ view_parse ] --END-- [ RunTime:0.014584s ]
INFO: [ view_filter ] --START--
INFO: ContentReplace Behavior ::run [ RunTime:0.001285s ]
INFO: TokenBuild Behavior ::run [ RunTime:0.001295s ]
INFO: WriteHtmlCache Behavior ::run [ RunTime:0.001158s ]
INFO: ShowRuntime Behavior ::run [ RunTime:0.001459s ]
INFO: [ view_filter ] --END-- [ RunTime:0.005577s ]
INFO: [ view_end ] --START--
INFO: ShowPageTrace Behavior ::run [ RunTime:0.001701s ]
INFO: [ view_end ] --END-- [ RunTime:0.001781s ]

[ 2015-03-13T12:43:43+08:00 ] 202.115.22.5 /Admin/School/manage.html
INFO: [ route_check ] --START--
INFO: CheckRoute Behavior ::run [ RunTime:0.001954s ]
INFO: [ route_check ] --END-- [ RunTime:0.002064s ]
INFO: [ app_begin ] --START--
INFO: ReadHtmlCache Behavior ::run [ RunTime:0.001605s ]
INFO: [ app_begin ] --END-- [ RunTime:0.001693s ]
SQL: SHOW COLUMNS FROM `star_joiner` [ RunTime:0.001166s ]
SQL: SELECT COUNT(*) AS tp_count FROM `star_joiner` LIMIT 1   [ RunTime:0.000337s ]
SQL: SELECT * FROM `star_joiner` ORDER BY school_id LIMIT 0,10   [ RunTime:0.000489s ]
SQL: SHOW COLUMNS FROM `star_school` [ RunTime:0.000777s ]
SQL: SELECT * FROM `star_school` WHERE ( `id` = 1 ) LIMIT 1   [ RunTime:0.000190s ]
SQL: SELECT * FROM `star_school` WHERE ( `id` = 1 ) LIMIT 1   [ RunTime:0.000189s ]
SQL: SELECT * FROM `star_school` WHERE ( `id` = 2 ) LIMIT 1   [ RunTime:0.000212s ]
SQL: SELECT * FROM `star_school` WHERE ( `id` = 4 ) LIMIT 1   [ RunTime:0.000191s ]
SQL: SELECT * FROM `star_school` WHERE ( `id` = 4 ) LIMIT 1   [ RunTime:0.000212s ]
SQL: SELECT * FROM `star_school` WHERE ( `id` = 5 ) LIMIT 1   [ RunTime:0.000187s ]
SQL: SELECT * FROM `star_school` WHERE ( `id` = 5 ) LIMIT 1   [ RunTime:0.000128s ]
SQL: SELECT * FROM `star_school` WHERE ( `id` = 5 ) LIMIT 1   [ RunTime:0.000142s ]
SQL: SELECT * FROM `star_school` WHERE ( `id` = 5 ) LIMIT 1   [ RunTime:0.000128s ]
SQL: SELECT * FROM `star_school` WHERE ( `id` = 10 ) LIMIT 1   [ RunTime:0.000127s ]
INFO: [ view_parse ] --START--
INFO: ParseTemplate Behavior ::run [ RunTime:0.016154s ]
INFO: [ view_parse ] --END-- [ RunTime:0.016239s ]
INFO: [ view_filter ] --START--
INFO: ContentReplace Behavior ::run [ RunTime:0.001307s ]
INFO: TokenBuild Behavior ::run [ RunTime:0.001371s ]
INFO: WriteHtmlCache Behavior ::run [ RunTime:0.001209s ]
INFO: ShowRuntime Behavior ::run [ RunTime:0.001541s ]
INFO: [ view_filter ] --END-- [ RunTime:0.005651s ]
INFO: [ view_end ] --START--
INFO: ShowPageTrace Behavior ::run [ RunTime:0.001711s ]
INFO: [ view_end ] --END-- [ RunTime:0.001788s ]

[ 2015-03-13T12:43:47+08:00 ] 202.115.22.5 /Admin/School/done.html
INFO: [ route_check ] --START--
INFO: CheckRoute Behavior ::run [ RunTime:0.001839s ]
INFO: [ route_check ] --END-- [ RunTime:0.001949s ]
INFO: [ app_begin ] --START--
INFO: ReadHtmlCache Behavior ::run [ RunTime:0.001552s ]
INFO: [ app_begin ] --END-- [ RunTime:0.001640s ]
SQL: SHOW COLUMNS FROM `star_joiner` [ RunTime:0.000983s ]
SQL: SELECT COUNT(*) AS tp_count FROM `star_joiner` WHERE ( time > 0 ) LIMIT 1   [ RunTime:0.000405s ]
SQL: SELECT * FROM `star_joiner` WHERE ( time > 0 ) ORDER BY school_id LIMIT 0,10   [ RunTime:0.000509s ]
SQL: SHOW COLUMNS FROM `star_school` [ RunTime:0.000771s ]
SQL: SELECT * FROM `star_school` WHERE ( `id` = 1 ) LIMIT 1   [ RunTime:0.000174s ]
SQL: SELECT * FROM `star_school` WHERE ( `id` = 2 ) LIMIT 1   [ RunTime:0.000188s ]
SQL: SELECT * FROM `star_school` WHERE ( `id` = 12 ) LIMIT 1   [ RunTime:0.000137s ]
SQL: SELECT * FROM `star_school` WHERE ( `id` = 58 ) LIMIT 1   [ RunTime:0.000200s ]
INFO: [ view_parse ] --START--
INFO: ParseTemplate Behavior ::run [ RunTime:0.015596s ]
INFO: [ view_parse ] --END-- [ RunTime:0.015683s ]
INFO: [ view_filter ] --START--
INFO: ContentReplace Behavior ::run [ RunTime:0.001273s ]
INFO: TokenBuild Behavior ::run [ RunTime:0.001326s ]
INFO: WriteHtmlCache Behavior ::run [ RunTime:0.001172s ]
INFO: ShowRuntime Behavior ::run [ RunTime:0.001457s ]
INFO: [ view_filter ] --END-- [ RunTime:0.005456s ]
INFO: [ view_end ] --START--
INFO: ShowPageTrace Behavior ::run [ RunTime:0.001658s ]
INFO: [ view_end ] --END-- [ RunTime:0.001734s ]

[ 2015-03-13T12:43:49+08:00 ] 202.115.22.5 /Admin/School/undone.html
INFO: [ route_check ] --START--
INFO: CheckRoute Behavior ::run [ RunTime:0.001939s ]
INFO: [ route_check ] --END-- [ RunTime:0.002046s ]
INFO: [ app_begin ] --START--
INFO: ReadHtmlCache Behavior ::run [ RunTime:0.001572s ]
INFO: [ app_begin ] --END-- [ RunTime:0.001661s ]
SQL: SHOW COLUMNS FROM `star_joiner` [ RunTime:0.000938s ]
SQL: SELECT COUNT(*) AS tp_count FROM `star_joiner` WHERE ( `time` = 0 ) LIMIT 1   [ RunTime:0.000437s ]
SQL: SELECT * FROM `star_joiner` WHERE ( `time` = 0 ) ORDER BY school_id LIMIT 0,10   [ RunTime:0.000492s ]
SQL: SHOW COLUMNS FROM `star_school` [ RunTime:0.000771s ]
SQL: SELECT * FROM `star_school` WHERE ( `id` = 1 ) LIMIT 1   [ RunTime:0.000174s ]
SQL: SELECT * FROM `star_school` WHERE ( `id` = 4 ) LIMIT 1   [ RunTime:0.000185s ]
SQL: SELECT * FROM `star_school` WHERE ( `id` = 4 ) LIMIT 1   [ RunTime:0.000160s ]
SQL: SELECT * FROM `star_school` WHERE ( `id` = 5 ) LIMIT 1   [ RunTime:0.000184s ]
SQL: SELECT * FROM `star_school` WHERE ( `id` = 5 ) LIMIT 1   [ RunTime:0.000157s ]
SQL: SELECT * FROM `star_school` WHERE ( `id` = 5 ) LIMIT 1   [ RunTime:0.000194s ]
SQL: SELECT * FROM `star_school` WHERE ( `id` = 5 ) LIMIT 1   [ RunTime:0.000126s ]
SQL: SELECT * FROM `star_school` WHERE ( `id` = 10 ) LIMIT 1   [ RunTime:0.000190s ]
SQL: SELECT * FROM `star_school` WHERE ( `id` = 11 ) LIMIT 1   [ RunTime:0.000092s ]
SQL: SELECT * FROM `star_school` WHERE ( `id` = 11 ) LIMIT 1   [ RunTime:0.000182s ]
INFO: [ view_parse ] --START--
INFO: ParseTemplate Behavior ::run [ RunTime:0.014984s ]
INFO: [ view_parse ] --END-- [ RunTime:0.015070s ]
INFO: [ view_filter ] --START--
INFO: ContentReplace Behavior ::run [ RunTime:0.001279s ]
INFO: TokenBuild Behavior ::run [ RunTime:0.001372s ]
INFO: WriteHtmlCache Behavior ::run [ RunTime:0.001198s ]
INFO: ShowRuntime Behavior ::run [ RunTime:0.001461s ]
INFO: [ view_filter ] --END-- [ RunTime:0.005532s ]
INFO: [ view_end ] --START--
INFO: ShowPageTrace Behavior ::run [ RunTime:0.001700s ]
INFO: [ view_end ] --END-- [ RunTime:0.001775s ]

[ 2015-03-13T12:43:51+08:00 ] 202.115.22.5 /Admin/School/manage.html
INFO: [ route_check ] --START--
INFO: CheckRoute Behavior ::run [ RunTime:0.001937s ]
INFO: [ route_check ] --END-- [ RunTime:0.002048s ]
INFO: [ app_begin ] --START--
INFO: ReadHtmlCache Behavior ::run [ RunTime:0.001604s ]
INFO: [ app_begin ] --END-- [ RunTime:0.001690s ]
SQL: SHOW COLUMNS FROM `star_joiner` [ RunTime:0.001023s ]
SQL: SELECT COUNT(*) AS tp_count FROM `star_joiner` LIMIT 1   [ RunTime:0.000138s ]
SQL: SELECT * FROM `star_joiner` ORDER BY school_id LIMIT 0,10   [ RunTime:0.000194s ]
SQL: SHOW COLUMNS FROM `star_school` [ RunTime:0.000781s ]
SQL: SELECT * FROM `star_school` WHERE ( `id` = 1 ) LIMIT 1   [ RunTime:0.000184s ]
SQL: SELECT * FROM `star_school` WHERE ( `id` = 1 ) LIMIT 1   [ RunTime:0.000206s ]
SQL: SELECT * FROM `star_school` WHERE ( `id` = 2 ) LIMIT 1   [ RunTime:0.000149s ]
SQL: SELECT * FROM `star_school` WHERE ( `id` = 4 ) LIMIT 1   [ RunTime:0.000189s ]
SQL: SELECT * FROM `star_school` WHERE ( `id` = 4 ) LIMIT 1   [ RunTime:0.000115s ]
SQL: SELECT * FROM `star_school` WHERE ( `id` = 5 ) LIMIT 1   [ RunTime:0.000183s ]
SQL: SELECT * FROM `star_school` WHERE ( `id` = 5 ) LIMIT 1   [ RunTime:0.000125s ]
SQL: SELECT * FROM `star_school` WHERE ( `id` = 5 ) LIMIT 1   [ RunTime:0.000155s ]
SQL: SELECT * FROM `star_school` WHERE ( `id` = 5 ) LIMIT 1   [ RunTime:0.000120s ]
SQL: SELECT * FROM `star_school` WHERE ( `id` = 10 ) LIMIT 1   [ RunTime:0.000131s ]
INFO: [ view_parse ] --START--
INFO: ParseTemplate Behavior ::run [ RunTime:0.014954s ]
INFO: [ view_parse ] --END-- [ RunTime:0.015038s ]
INFO: [ view_filter ] --START--
INFO: ContentReplace Behavior ::run [ RunTime:0.001293s ]
INFO: TokenBuild Behavior ::run [ RunTime:0.001377s ]
INFO: WriteHtmlCache Behavior ::run [ RunTime:0.001232s ]
INFO: ShowRuntime Behavior ::run [ RunTime:0.001490s ]
INFO: [ view_filter ] --END-- [ RunTime:0.005615s ]
INFO: [ view_end ] --START--
INFO: ShowPageTrace Behavior ::run [ RunTime:0.001722s ]
INFO: [ view_end ] --END-- [ RunTime:0.001798s ]

[ 2015-03-13T12:43:51+08:00 ] 202.115.22.5 /Admin/School/manage.html
INFO: [ route_check ] --START--
INFO: CheckRoute Behavior ::run [ RunTime:0.001914s ]
INFO: [ route_check ] --END-- [ RunTime:0.002024s ]
INFO: [ app_begin ] --START--
INFO: ReadHtmlCache Behavior ::run [ RunTime:0.001572s ]
INFO: [ app_begin ] --END-- [ RunTime:0.001659s ]
SQL: SHOW COLUMNS FROM `star_joiner` [ RunTime:0.001012s ]
SQL: SELECT COUNT(*) AS tp_count FROM `star_joiner` LIMIT 1   [ RunTime:0.000206s ]
SQL: SELECT * FROM `star_joiner` ORDER BY school_id LIMIT 0,10   [ RunTime:0.000147s ]
SQL: SHOW COLUMNS FROM `star_school` [ RunTime:0.000803s ]
SQL: SELECT * FROM `star_school` WHERE ( `id` = 1 ) LIMIT 1   [ RunTime:0.000140s ]
SQL: SELECT * FROM `star_school` WHERE ( `id` = 1 ) LIMIT 1   [ RunTime:0.000166s ]
SQL: SELECT * FROM `star_school` WHERE ( `id` = 2 ) LIMIT 1   [ RunTime:0.000157s ]
SQL: SELECT * FROM `star_school` WHERE ( `id` = 4 ) LIMIT 1   [ RunTime:0.000111s ]
SQL: SELECT * FROM `star_school` WHERE ( `id` = 4 ) LIMIT 1   [ RunTime:0.000560s ]
SQL: SELECT * FROM `star_school` WHERE ( `id` = 5 ) LIMIT 1   [ RunTime:0.000120s ]
SQL: SELECT * FROM `star_school` WHERE ( `id` = 5 ) LIMIT 1   [ RunTime:0.000119s ]
SQL: SELECT * FROM `star_school` WHERE ( `id` = 5 ) LIMIT 1   [ RunTime:0.000110s ]
SQL: SELECT * FROM `star_school` WHERE ( `id` = 5 ) LIMIT 1   [ RunTime:0.000158s ]
SQL: SELECT * FROM `star_school` WHERE ( `id` = 10 ) LIMIT 1   [ RunTime:0.000115s ]
INFO: [ view_parse ] --START--
INFO: ParseTemplate Behavior ::run [ RunTime:0.015191s ]
INFO: [ view_parse ] --END-- [ RunTime:0.015280s ]
INFO: [ view_filter ] --START--
INFO: ContentReplace Behavior ::run [ RunTime:0.001279s ]
INFO: TokenBuild Behavior ::run [ RunTime:0.001349s ]
INFO: WriteHtmlCache Behavior ::run [ RunTime:0.001209s ]
INFO: ShowRuntime Behavior ::run [ RunTime:0.001515s ]
INFO: [ view_filter ] --END-- [ RunTime:0.005577s ]
INFO: [ view_end ] --START--
INFO: ShowPageTrace Behavior ::run [ RunTime:0.001705s ]
INFO: [ view_end ] --END-- [ RunTime:0.001784s ]

[ 2015-03-13T12:44:36+08:00 ] 202.115.22.5 /Admin/School/manage.html
INFO: [ route_check ] --START--
INFO: CheckRoute Behavior ::run [ RunTime:0.001844s ]
INFO: [ route_check ] --END-- [ RunTime:0.001956s ]
INFO: [ app_begin ] --START--
INFO: ReadHtmlCache Behavior ::run [ RunTime:0.001572s ]
INFO: [ app_begin ] --END-- [ RunTime:0.001660s ]
SQL: SHOW COLUMNS FROM `star_joiner` [ RunTime:0.001027s ]
SQL: SELECT COUNT(*) AS tp_count FROM `star_joiner` LIMIT 1   [ RunTime:0.000206s ]
SQL: SELECT * FROM `star_joiner` ORDER BY school_id LIMIT 0,10   [ RunTime:0.000131s ]
SQL: SHOW COLUMNS FROM `star_school` [ RunTime:0.000765s ]
SQL: SELECT * FROM `star_school` WHERE ( `id` = 1 ) LIMIT 1   [ RunTime:0.000182s ]
SQL: SELECT * FROM `star_school` WHERE ( `id` = 1 ) LIMIT 1   [ RunTime:0.000185s ]
SQL: SELECT * FROM `star_school` WHERE ( `id` = 2 ) LIMIT 1   [ RunTime:0.000185s ]
SQL: SELECT * FROM `star_school` WHERE ( `id` = 4 ) LIMIT 1   [ RunTime:0.000184s ]
SQL: SELECT * FROM `star_school` WHERE ( `id` = 4 ) LIMIT 1   [ RunTime:0.000190s ]
SQL: SELECT * FROM `star_school` WHERE ( `id` = 5 ) LIMIT 1   [ RunTime:0.000165s ]
SQL: SELECT * FROM `star_school` WHERE ( `id` = 5 ) LIMIT 1   [ RunTime:0.000206s ]
SQL: SELECT * FROM `star_school` WHERE ( `id` = 5 ) LIMIT 1   [ RunTime:0.000125s ]
SQL: SELECT * FROM `star_school` WHERE ( `id` = 5 ) LIMIT 1   [ RunTime:0.000143s ]
SQL: SELECT * FROM `star_school` WHERE ( `id` = 10 ) LIMIT 1   [ RunTime:0.000128s ]
INFO: [ view_parse ] --START--
INFO: ParseTemplate Behavior ::run [ RunTime:0.014905s ]
INFO: [ view_parse ] --END-- [ RunTime:0.014991s ]
INFO: [ view_filter ] --START--
INFO: ContentReplace Behavior ::run [ RunTime:0.001264s ]
INFO: TokenBuild Behavior ::run [ RunTime:0.001329s ]
INFO: WriteHtmlCache Behavior ::run [ RunTime:0.001238s ]
INFO: ShowRuntime Behavior ::run [ RunTime:0.001439s ]
INFO: [ view_filter ] --END-- [ RunTime:0.005495s ]
INFO: [ view_end ] --START--
INFO: ShowPageTrace Behavior ::run [ RunTime:0.001680s ]
INFO: [ view_end ] --END-- [ RunTime:0.001756s ]

[ 2015-03-13T12:44:51+08:00 ] 202.115.22.5 /Admin/School/done.html
INFO: [ route_check ] --START--
INFO: CheckRoute Behavior ::run [ RunTime:0.001938s ]
INFO: [ route_check ] --END-- [ RunTime:0.002052s ]
INFO: [ app_begin ] --START--
INFO: ReadHtmlCache Behavior ::run [ RunTime:0.001603s ]
INFO: [ app_begin ] --END-- [ RunTime:0.001690s ]
SQL: SHOW COLUMNS FROM `star_joiner` [ RunTime:0.000973s ]
SQL: SELECT COUNT(*) AS tp_count FROM `star_joiner` WHERE ( time > 0 ) LIMIT 1   [ RunTime:0.000187s ]
SQL: SELECT * FROM `star_joiner` WHERE ( time > 0 ) ORDER BY school_id LIMIT 0,10   [ RunTime:0.000192s ]
SQL: SHOW COLUMNS FROM `star_school` [ RunTime:0.000776s ]
SQL: SELECT * FROM `star_school` WHERE ( `id` = 1 ) LIMIT 1   [ RunTime:0.000144s ]
SQL: SELECT * FROM `star_school` WHERE ( `id` = 2 ) LIMIT 1   [ RunTime:0.000181s ]
SQL: SELECT * FROM `star_school` WHERE ( `id` = 12 ) LIMIT 1   [ RunTime:0.000178s ]
SQL: SELECT * FROM `star_school` WHERE ( `id` = 58 ) LIMIT 1   [ RunTime:0.000189s ]
INFO: [ view_parse ] --START--
INFO: ParseTemplate Behavior ::run [ RunTime:0.014473s ]
INFO: [ view_parse ] --END-- [ RunTime:0.014560s ]
INFO: [ view_filter ] --START--
INFO: ContentReplace Behavior ::run [ RunTime:0.001300s ]
INFO: TokenBuild Behavior ::run [ RunTime:0.001362s ]
INFO: WriteHtmlCache Behavior ::run [ RunTime:0.001201s ]
INFO: ShowRuntime Behavior ::run [ RunTime:0.001486s ]
INFO: [ view_filter ] --END-- [ RunTime:0.005578s ]
INFO: [ view_end ] --START--
INFO: ShowPageTrace Behavior ::run [ RunTime:0.001698s ]
INFO: [ view_end ] --END-- [ RunTime:0.001774s ]

[ 2015-03-13T12:44:52+08:00 ] 202.115.22.5 /Admin/School/manage.html
INFO: [ route_check ] --START--
INFO: CheckRoute Behavior ::run [ RunTime:0.001936s ]
INFO: [ route_check ] --END-- [ RunTime:0.002042s ]
INFO: [ app_begin ] --START--
INFO: ReadHtmlCache Behavior ::run [ RunTime:0.001577s ]
INFO: [ app_begin ] --END-- [ RunTime:0.001664s ]
SQL: SHOW COLUMNS FROM `star_joiner` [ RunTime:0.000914s ]
SQL: SELECT COUNT(*) AS tp_count FROM `star_joiner` LIMIT 1   [ RunTime:0.000187s ]
SQL: SELECT * FROM `star_joiner` ORDER BY school_id LIMIT 0,10   [ RunTime:0.000195s ]
SQL: SHOW COLUMNS FROM `star_school` [ RunTime:0.000757s ]
SQL: SELECT * FROM `star_school` WHERE ( `id` = 1 ) LIMIT 1   [ RunTime:0.000186s ]
SQL: SELECT * FROM `star_school` WHERE ( `id` = 1 ) LIMIT 1   [ RunTime:0.000184s ]
SQL: SELECT * FROM `star_school` WHERE ( `id` = 2 ) LIMIT 1   [ RunTime:0.000186s ]
SQL: SELECT * FROM `star_school` WHERE ( `id` = 4 ) LIMIT 1   [ RunTime:0.000184s ]
SQL: SELECT * FROM `star_school` WHERE ( `id` = 4 ) LIMIT 1   [ RunTime:0.000166s ]
SQL: SELECT * FROM `star_school` WHERE ( `id` = 5 ) LIMIT 1   [ RunTime:0.000198s ]
SQL: SELECT * FROM `star_school` WHERE ( `id` = 5 ) LIMIT 1   [ RunTime:0.000154s ]
SQL: SELECT * FROM `star_school` WHERE ( `id` = 5 ) LIMIT 1   [ RunTime:0.000152s ]
SQL: SELECT * FROM `star_school` WHERE ( `id` = 5 ) LIMIT 1   [ RunTime:0.000111s ]
SQL: SELECT * FROM `star_school` WHERE ( `id` = 10 ) LIMIT 1   [ RunTime:0.000118s ]
INFO: [ view_parse ] --START--
INFO: ParseTemplate Behavior ::run [ RunTime:0.014829s ]
INFO: [ view_parse ] --END-- [ RunTime:0.014916s ]
INFO: [ view_filter ] --START--
INFO: ContentReplace Behavior ::run [ RunTime:0.001283s ]
INFO: TokenBuild Behavior ::run [ RunTime:0.001367s ]
INFO: WriteHtmlCache Behavior ::run [ RunTime:0.001195s ]
INFO: ShowRuntime Behavior ::run [ RunTime:0.001516s ]
INFO: [ view_filter ] --END-- [ RunTime:0.005588s ]
INFO: [ view_end ] --START--
INFO: ShowPageTrace Behavior ::run [ RunTime:0.001705s ]
INFO: [ view_end ] --END-- [ RunTime:0.001783s ]

[ 2015-03-13T12:44:53+08:00 ] 202.115.22.5 /Admin/School/undone.html
INFO: [ route_check ] --START--
INFO: CheckRoute Behavior ::run [ RunTime:0.001920s ]
INFO: [ route_check ] --END-- [ RunTime:0.002028s ]
INFO: [ app_begin ] --START--
INFO: ReadHtmlCache Behavior ::run [ RunTime:0.001573s ]
INFO: [ app_begin ] --END-- [ RunTime:0.001660s ]
SQL: SHOW COLUMNS FROM `star_joiner` [ RunTime:0.000953s ]
SQL: SELECT COUNT(*) AS tp_count FROM `star_joiner` WHERE ( `time` = 0 ) LIMIT 1   [ RunTime:0.000197s ]
SQL: SELECT * FROM `star_joiner` WHERE ( `time` = 0 ) ORDER BY school_id LIMIT 0,10   [ RunTime:0.000190s ]
SQL: SHOW COLUMNS FROM `star_school` [ RunTime:0.000767s ]
SQL: SELECT * FROM `star_school` WHERE ( `id` = 1 ) LIMIT 1   [ RunTime:0.000195s ]
SQL: SELECT * FROM `star_school` WHERE ( `id` = 4 ) LIMIT 1   [ RunTime:0.000148s ]
SQL: SELECT * FROM `star_school` WHERE ( `id` = 4 ) LIMIT 1   [ RunTime:0.000186s ]
SQL: SELECT * FROM `star_school` WHERE ( `id` = 5 ) LIMIT 1   [ RunTime:0.000147s ]
SQL: SELECT * FROM `star_school` WHERE ( `id` = 5 ) LIMIT 1   [ RunTime:0.000189s ]
SQL: SELECT * FROM `star_school` WHERE ( `id` = 5 ) LIMIT 1   [ RunTime:0.000180s ]
SQL: SELECT * FROM `star_school` WHERE ( `id` = 5 ) LIMIT 1   [ RunTime:0.000186s ]
SQL: SELECT * FROM `star_school` WHERE ( `id` = 10 ) LIMIT 1   [ RunTime:0.000125s ]
SQL: SELECT * FROM `star_school` WHERE ( `id` = 11 ) LIMIT 1   [ RunTime:0.000138s ]
SQL: SELECT * FROM `star_school` WHERE ( `id` = 11 ) LIMIT 1   [ RunTime:0.000128s ]
INFO: [ view_parse ] --START--
INFO: ParseTemplate Behavior ::run [ RunTime:0.014896s ]
INFO: [ view_parse ] --END-- [ RunTime:0.014981s ]
INFO: [ view_filter ] --START--
INFO: ContentReplace Behavior ::run [ RunTime:0.001272s ]
INFO: TokenBuild Behavior ::run [ RunTime:0.001343s ]
INFO: WriteHtmlCache Behavior ::run [ RunTime:0.001195s ]
INFO: ShowRuntime Behavior ::run [ RunTime:0.001509s ]
INFO: [ view_filter ] --END-- [ RunTime:0.005559s ]
INFO: [ view_end ] --START--
INFO: ShowPageTrace Behavior ::run [ RunTime:0.001701s ]
INFO: [ view_end ] --END-- [ RunTime:0.001777s ]

[ 2015-03-13T12:45:01+08:00 ] 202.115.22.5 /Admin/School/manage.html
INFO: [ route_check ] --START--
INFO: CheckRoute Behavior ::run [ RunTime:0.001907s ]
INFO: [ route_check ] --END-- [ RunTime:0.002013s ]
INFO: [ app_begin ] --START--
INFO: ReadHtmlCache Behavior ::run [ RunTime:0.000647s ]
INFO: [ app_begin ] --END-- [ RunTime:0.000733s ]
SQL: SHOW COLUMNS FROM `star_joiner` [ RunTime:0.001017s ]
SQL: SELECT COUNT(*) AS tp_count FROM `star_joiner` LIMIT 1   [ RunTime:0.000189s ]
SQL: SELECT * FROM `star_joiner` ORDER BY school_id LIMIT 0,10   [ RunTime:0.000196s ]
SQL: SHOW COLUMNS FROM `star_school` [ RunTime:0.000728s ]
SQL: SELECT * FROM `star_school` WHERE ( `id` = 1 ) LIMIT 1   [ RunTime:0.000191s ]
SQL: SELECT * FROM `star_school` WHERE ( `id` = 1 ) LIMIT 1   [ RunTime:0.000133s ]
SQL: SELECT * FROM `star_school` WHERE ( `id` = 2 ) LIMIT 1   [ RunTime:0.000111s ]
SQL: SELECT * FROM `star_school` WHERE ( `id` = 4 ) LIMIT 1   [ RunTime:0.000108s ]
SQL: SELECT * FROM `star_school` WHERE ( `id` = 4 ) LIMIT 1   [ RunTime:0.000161s ]
SQL: SELECT * FROM `star_school` WHERE ( `id` = 5 ) LIMIT 1   [ RunTime:0.000124s ]
SQL: SELECT * FROM `star_school` WHERE ( `id` = 5 ) LIMIT 1   [ RunTime:0.000106s ]
SQL: SELECT * FROM `star_school` WHERE ( `id` = 5 ) LIMIT 1   [ RunTime:0.000157s ]
SQL: SELECT * FROM `star_school` WHERE ( `id` = 5 ) LIMIT 1   [ RunTime:0.000122s ]
SQL: SELECT * FROM `star_school` WHERE ( `id` = 10 ) LIMIT 1   [ RunTime:0.000103s ]
INFO: [ view_parse ] --START--
INFO: ParseTemplate Behavior ::run [ RunTime:0.010676s ]
INFO: [ view_parse ] --END-- [ RunTime:0.010762s ]
INFO: [ view_filter ] --START--
INFO: ContentReplace Behavior ::run [ RunTime:0.000432s ]
INFO: TokenBuild Behavior ::run [ RunTime:0.000453s ]
INFO: WriteHtmlCache Behavior ::run [ RunTime:0.000307s ]
INFO: ShowRuntime Behavior ::run [ RunTime:0.001430s ]
INFO: [ view_filter ] --END-- [ RunTime:0.002836s ]
INFO: [ view_end ] --START--
INFO: ShowPageTrace Behavior ::run [ RunTime:0.001674s ]
INFO: [ view_end ] --END-- [ RunTime:0.001750s ]

[ 2015-03-13T12:46:10+08:00 ] 202.115.22.5 /Admin/Index/index.html
INFO: [ route_check ] --START--
INFO: CheckRoute Behavior ::run [ RunTime:0.001920s ]
INFO: [ route_check ] --END-- [ RunTime:0.002029s ]
INFO: [ app_begin ] --START--
INFO: ReadHtmlCache Behavior ::run [ RunTime:0.001576s ]
INFO: [ app_begin ] --END-- [ RunTime:0.001662s ]
INFO: [ view_parse ] --START--
INFO: ParseTemplate Behavior ::run [ RunTime:0.014307s ]
INFO: [ view_parse ] --END-- [ RunTime:0.014474s ]
INFO: [ view_filter ] --START--
INFO: ContentReplace Behavior ::run [ RunTime:0.001302s ]
INFO: TokenBuild Behavior ::run [ RunTime:0.001301s ]
INFO: WriteHtmlCache Behavior ::run [ RunTime:0.001143s ]
INFO: ShowRuntime Behavior ::run [ RunTime:0.001484s ]
INFO: [ view_filter ] --END-- [ RunTime:0.005616s ]
INFO: [ view_end ] --START--
INFO: ShowPageTrace Behavior ::run [ RunTime:0.001694s ]
INFO: [ view_end ] --END-- [ RunTime:0.001772s ]

[ 2015-03-13T12:46:12+08:00 ] 202.115.22.5 /Admin/School/manage.html
INFO: [ route_check ] --START--
INFO: CheckRoute Behavior ::run [ RunTime:0.001917s ]
INFO: [ route_check ] --END-- [ RunTime:0.002025s ]
INFO: [ app_begin ] --START--
INFO: ReadHtmlCache Behavior ::run [ RunTime:0.001571s ]
INFO: [ app_begin ] --END-- [ RunTime:0.001658s ]
SQL: SHOW COLUMNS FROM `star_joiner` [ RunTime:0.001011s ]
SQL: SELECT COUNT(*) AS tp_count FROM `star_joiner` LIMIT 1   [ RunTime:0.000127s ]
SQL: SELECT * FROM `star_joiner` ORDER BY school_id LIMIT 0,10   [ RunTime:0.000183s ]
SQL: SHOW COLUMNS FROM `star_school` [ RunTime:0.000771s ]
SQL: SELECT * FROM `star_school` WHERE ( `id` = 1 ) LIMIT 1   [ RunTime:0.000195s ]
SQL: SELECT * FROM `star_school` WHERE ( `id` = 1 ) LIMIT 1   [ RunTime:0.000193s ]
SQL: SELECT * FROM `star_school` WHERE ( `id` = 2 ) LIMIT 1   [ RunTime:0.000133s ]
SQL: SELECT * FROM `star_school` WHERE ( `id` = 4 ) LIMIT 1   [ RunTime:0.000189s ]
SQL: SELECT * FROM `star_school` WHERE ( `id` = 4 ) LIMIT 1   [ RunTime:0.000112s ]
SQL: SELECT * FROM `star_school` WHERE ( `id` = 5 ) LIMIT 1   [ RunTime:0.000195s ]
SQL: SELECT * FROM `star_school` WHERE ( `id` = 5 ) LIMIT 1   [ RunTime:0.000145s ]
SQL: SELECT * FROM `star_school` WHERE ( `id` = 5 ) LIMIT 1   [ RunTime:0.000192s ]
SQL: SELECT * FROM `star_school` WHERE ( `id` = 5 ) LIMIT 1   [ RunTime:0.000119s ]
SQL: SELECT * FROM `star_school` WHERE ( `id` = 10 ) LIMIT 1   [ RunTime:0.000137s ]
INFO: [ view_parse ] --START--
INFO: ParseTemplate Behavior ::run [ RunTime:0.014905s ]
INFO: [ view_parse ] --END-- [ RunTime:0.014991s ]
INFO: [ view_filter ] --START--
INFO: ContentReplace Behavior ::run [ RunTime:0.001284s ]
INFO: TokenBuild Behavior ::run [ RunTime:0.001351s ]
INFO: WriteHtmlCache Behavior ::run [ RunTime:0.001216s ]
INFO: ShowRuntime Behavior ::run [ RunTime:0.001469s ]
INFO: [ view_filter ] --END-- [ RunTime:0.005546s ]
INFO: [ view_end ] --START--
INFO: ShowPageTrace Behavior ::run [ RunTime:0.001702s ]
INFO: [ view_end ] --END-- [ RunTime:0.001779s ]

[ 2015-03-13T12:46:13+08:00 ] 202.115.22.5 /Admin/School/done.html
INFO: [ route_check ] --START--
INFO: CheckRoute Behavior ::run [ RunTime:0.001934s ]
INFO: [ route_check ] --END-- [ RunTime:0.002044s ]
INFO: [ app_begin ] --START--
INFO: ReadHtmlCache Behavior ::run [ RunTime:0.001596s ]
INFO: [ app_begin ] --END-- [ RunTime:0.001685s ]
SQL: SHOW COLUMNS FROM `star_joiner` [ RunTime:0.000948s ]
SQL: SELECT COUNT(*) AS tp_count FROM `star_joiner` WHERE ( time > 0 ) LIMIT 1   [ RunTime:0.000187s ]
SQL: SELECT * FROM `star_joiner` WHERE ( time > 0 ) ORDER BY school_id LIMIT 0,10   [ RunTime:0.000186s ]
SQL: SHOW COLUMNS FROM `star_school` [ RunTime:0.000761s ]
SQL: SELECT * FROM `star_school` WHERE ( `id` = 1 ) LIMIT 1   [ RunTime:0.000144s ]
SQL: SELECT * FROM `star_school` WHERE ( `id` = 2 ) LIMIT 1   [ RunTime:0.000196s ]
SQL: SELECT * FROM `star_school` WHERE ( `id` = 12 ) LIMIT 1   [ RunTime:0.000187s ]
SQL: SELECT * FROM `star_school` WHERE ( `id` = 58 ) LIMIT 1   [ RunTime:0.000151s ]
INFO: [ view_parse ] --START--
INFO: ParseTemplate Behavior ::run [ RunTime:0.014484s ]
INFO: [ view_parse ] --END-- [ RunTime:0.014569s ]
INFO: [ view_filter ] --START--
INFO: ContentReplace Behavior ::run [ RunTime:0.001302s ]
INFO: TokenBuild Behavior ::run [ RunTime:0.001358s ]
INFO: WriteHtmlCache Behavior ::run [ RunTime:0.001203s ]
INFO: ShowRuntime Behavior ::run [ RunTime:0.001506s ]
INFO: [ view_filter ] --END-- [ RunTime:0.005602s ]
INFO: [ view_end ] --START--
INFO: ShowPageTrace Behavior ::run [ RunTime:0.001739s ]
INFO: [ view_end ] --END-- [ RunTime:0.001820s ]

[ 2015-03-13T12:46:14+08:00 ] 202.115.22.5 /Admin/School/undone.html
INFO: [ route_check ] --START--
INFO: CheckRoute Behavior ::run [ RunTime:0.001914s ]
INFO: [ route_check ] --END-- [ RunTime:0.002022s ]
INFO: [ app_begin ] --START--
INFO: ReadHtmlCache Behavior ::run [ RunTime:0.001557s ]
INFO: [ app_begin ] --END-- [ RunTime:0.001645s ]
SQL: SHOW COLUMNS FROM `star_joiner` [ RunTime:0.000990s ]
SQL: SELECT COUNT(*) AS tp_count FROM `star_joiner` WHERE ( `time` = 0 ) LIMIT 1   [ RunTime:0.000180s ]
SQL: SELECT * FROM `star_joiner` WHERE ( `time` = 0 ) ORDER BY school_id LIMIT 0,10   [ RunTime:0.000207s ]
SQL: SHOW COLUMNS FROM `star_school` [ RunTime:0.000684s ]
SQL: SELECT * FROM `star_school` WHERE ( `id` = 1 ) LIMIT 1   [ RunTime:0.000168s ]
SQL: SELECT * FROM `star_school` WHERE ( `id` = 4 ) LIMIT 1   [ RunTime:0.000203s ]
SQL: SELECT * FROM `star_school` WHERE ( `id` = 4 ) LIMIT 1   [ RunTime:0.000125s ]
SQL: SELECT * FROM `star_school` WHERE ( `id` = 5 ) LIMIT 1   [ RunTime:0.000140s ]
SQL: SELECT * FROM `star_school` WHERE ( `id` = 5 ) LIMIT 1   [ RunTime:0.000165s ]
SQL: SELECT * FROM `star_school` WHERE ( `id` = 5 ) LIMIT 1   [ RunTime:0.000194s ]
SQL: SELECT * FROM `star_school` WHERE ( `id` = 5 ) LIMIT 1   [ RunTime:0.000135s ]
SQL: SELECT * FROM `star_school` WHERE ( `id` = 10 ) LIMIT 1   [ RunTime:0.000110s ]
SQL: SELECT * FROM `star_school` WHERE ( `id` = 11 ) LIMIT 1   [ RunTime:0.000159s ]
SQL: SELECT * FROM `star_school` WHERE ( `id` = 11 ) LIMIT 1   [ RunTime:0.000150s ]
INFO: [ view_parse ] --START--
INFO: ParseTemplate Behavior ::run [ RunTime:0.014898s ]
INFO: [ view_parse ] --END-- [ RunTime:0.014986s ]
INFO: [ view_filter ] --START--
INFO: ContentReplace Behavior ::run [ RunTime:0.001267s ]
INFO: TokenBuild Behavior ::run [ RunTime:0.001342s ]
INFO: WriteHtmlCache Behavior ::run [ RunTime:0.001253s ]
INFO: ShowRuntime Behavior ::run [ RunTime:0.001450s ]
INFO: [ view_filter ] --END-- [ RunTime:0.005536s ]
INFO: [ view_end ] --START--
INFO: ShowPageTrace Behavior ::run [ RunTime:0.001692s ]
INFO: [ view_end ] --END-- [ RunTime:0.001769s ]

[ 2015-03-13T14:08:02+08:00 ] 202.115.22.5 /
INFO: [ app_begin ] --START--
INFO: ReadHtmlCache Behavior ::run [ RunTime:0.001605s ]
INFO: [ app_begin ] --END-- [ RunTime:0.001789s ]
SQL: SHOW COLUMNS FROM `star_school` [ RunTime:0.000852s ]
SQL: SELECT * FROM `star_school` ORDER BY convert(school using gb2312) ASC  [ RunTime:0.000185s ]
INFO: [ view_parse ] --START--
INFO: ParseTemplate Behavior ::run [ RunTime:0.014440s ]
INFO: [ view_parse ] --END-- [ RunTime:0.014542s ]
INFO: [ view_filter ] --START--
INFO: ContentReplace Behavior ::run [ RunTime:0.001337s ]
INFO: TokenBuild Behavior ::run [ RunTime:0.001386s ]
INFO: WriteHtmlCache Behavior ::run [ RunTime:0.001215s ]
INFO: ShowRuntime Behavior ::run [ RunTime:0.001491s ]
INFO: [ view_filter ] --END-- [ RunTime:0.005664s ]
INFO: [ view_end ] --START--
INFO: ShowPageTrace Behavior ::run [ RunTime:0.001721s ]
INFO: [ view_end ] --END-- [ RunTime:0.001797s ]

[ 2015-03-13T14:08:07+08:00 ] 202.115.22.5 /
INFO: [ app_begin ] --START--
INFO: ReadHtmlCache Behavior ::run [ RunTime:0.001598s ]
INFO: [ app_begin ] --END-- [ RunTime:0.001701s ]
SQL: SHOW COLUMNS FROM `star_school` [ RunTime:0.000852s ]
SQL: SELECT * FROM `star_school` ORDER BY convert(school using gb2312) ASC  [ RunTime:0.000214s ]
INFO: [ view_parse ] --START--
INFO: ParseTemplate Behavior ::run [ RunTime:0.014334s ]
INFO: [ view_parse ] --END-- [ RunTime:0.014424s ]
INFO: [ view_filter ] --START--
INFO: ContentReplace Behavior ::run [ RunTime:0.001274s ]
INFO: TokenBuild Behavior ::run [ RunTime:0.001328s ]
INFO: WriteHtmlCache Behavior ::run [ RunTime:0.001136s ]
INFO: ShowRuntime Behavior ::run [ RunTime:0.001395s ]
INFO: [ view_filter ] --END-- [ RunTime:0.005504s ]
INFO: [ view_end ] --START--
INFO: ShowPageTrace Behavior ::run [ RunTime:0.001720s ]
INFO: [ view_end ] --END-- [ RunTime:0.001797s ]

[ 2015-03-13T14:08:13+08:00 ] 202.115.22.5 /
INFO: [ app_begin ] --START--
INFO: ReadHtmlCache Behavior ::run [ RunTime:0.001584s ]
INFO: [ app_begin ] --END-- [ RunTime:0.001688s ]
SQL: SHOW COLUMNS FROM `star_school` [ RunTime:0.000831s ]
SQL: SELECT * FROM `star_school` ORDER BY convert(school using gb2312) ASC  [ RunTime:0.000224s ]
INFO: [ view_parse ] --START--
INFO: ParseTemplate Behavior ::run [ RunTime:0.014132s ]
INFO: [ view_parse ] --END-- [ RunTime:0.014220s ]
INFO: [ view_filter ] --START--
INFO: ContentReplace Behavior ::run [ RunTime:0.001281s ]
INFO: TokenBuild Behavior ::run [ RunTime:0.001456s ]
INFO: WriteHtmlCache Behavior ::run [ RunTime:0.001127s ]
INFO: ShowRuntime Behavior ::run [ RunTime:0.001415s ]
INFO: [ view_filter ] --END-- [ RunTime:0.005657s ]
INFO: [ view_end ] --START--
INFO: ShowPageTrace Behavior ::run [ RunTime:0.001670s ]
INFO: [ view_end ] --END-- [ RunTime:0.001746s ]

[ 2015-03-13T14:08:17+08:00 ] 202.115.22.5 /Admin
INFO: [ route_check ] --START--
INFO: CheckRoute Behavior ::run [ RunTime:0.001933s ]
INFO: [ route_check ] --END-- [ RunTime:0.002043s ]
INFO: [ app_begin ] --START--
INFO: ReadHtmlCache Behavior ::run [ RunTime:0.001594s ]
INFO: [ app_begin ] --END-- [ RunTime:0.001680s ]

[ 2015-03-13T14:08:17+08:00 ] 202.115.22.5 /Admin/Login/index.html
INFO: [ route_check ] --START--
INFO: CheckRoute Behavior ::run [ RunTime:0.001939s ]
INFO: [ route_check ] --END-- [ RunTime:0.002040s ]
INFO: [ app_begin ] --START--
INFO: ReadHtmlCache Behavior ::run [ RunTime:0.001598s ]
INFO: [ app_begin ] --END-- [ RunTime:0.001685s ]
INFO: [ view_parse ] --START--
INFO: ParseTemplate Behavior ::run [ RunTime:0.013071s ]
INFO: [ view_parse ] --END-- [ RunTime:0.013160s ]
INFO: [ view_filter ] --START--
INFO: ContentReplace Behavior ::run [ RunTime:0.001351s ]
INFO: TokenBuild Behavior ::run [ RunTime:0.001357s ]
INFO: WriteHtmlCache Behavior ::run [ RunTime:0.001222s ]
INFO: ShowRuntime Behavior ::run [ RunTime:0.001467s ]
INFO: [ view_filter ] --END-- [ RunTime:0.005626s ]
INFO: [ view_end ] --START--
INFO: ShowPageTrace Behavior ::run [ RunTime:0.001693s ]
INFO: [ view_end ] --END-- [ RunTime:0.001772s ]

[ 2015-03-13T14:08:17+08:00 ] 202.115.22.5 /Admin/Login/verify.html
INFO: [ route_check ] --START--
INFO: CheckRoute Behavior ::run [ RunTime:0.001902s ]
INFO: [ route_check ] --END-- [ RunTime:0.002006s ]
INFO: [ app_begin ] --START--
INFO: ReadHtmlCache Behavior ::run [ RunTime:0.001583s ]
INFO: [ app_begin ] --END-- [ RunTime:0.001672s ]

[ 2015-03-13T14:08:17+08:00 ] 180.153.201.15 /Admin/Login/index.html
INFO: [ route_check ] --START--
INFO: CheckRoute Behavior ::run [ RunTime:0.001897s ]
INFO: [ route_check ] --END-- [ RunTime:0.002014s ]
INFO: [ app_begin ] --START--
INFO: ReadHtmlCache Behavior ::run [ RunTime:0.001559s ]
INFO: [ app_begin ] --END-- [ RunTime:0.001647s ]
INFO: [ view_parse ] --START--
INFO: ParseTemplate Behavior ::run [ RunTime:0.012941s ]
INFO: [ view_parse ] --END-- [ RunTime:0.013028s ]
INFO: [ view_filter ] --START--
INFO: ContentReplace Behavior ::run [ RunTime:0.001328s ]
INFO: TokenBuild Behavior ::run [ RunTime:0.001356s ]
INFO: WriteHtmlCache Behavior ::run [ RunTime:0.001181s ]
INFO: ShowRuntime Behavior ::run [ RunTime:0.001444s ]
INFO: [ view_filter ] --END-- [ RunTime:0.005554s ]
INFO: [ view_end ] --START--
INFO: ShowPageTrace Behavior ::run [ RunTime:0.001676s ]
INFO: [ view_end ] --END-- [ RunTime:0.001755s ]

[ 2015-03-13T14:08:17+08:00 ] 180.153.201.215 /Admin/Login/verify.html
INFO: [ route_check ] --START--
INFO: CheckRoute Behavior ::run [ RunTime:0.001898s ]
INFO: [ route_check ] --END-- [ RunTime:0.002001s ]
INFO: [ app_begin ] --START--
INFO: ReadHtmlCache Behavior ::run [ RunTime:0.001559s ]
INFO: [ app_begin ] --END-- [ RunTime:0.001648s ]

[ 2015-03-13T14:08:47+08:00 ] 202.115.22.5 /Admin/Login/login.html
INFO: [ route_check ] --START--
INFO: CheckRoute Behavior ::run [ RunTime:0.001932s ]
INFO: [ route_check ] --END-- [ RunTime:0.002035s ]
INFO: [ app_begin ] --START--
INFO: ReadHtmlCache Behavior ::run [ RunTime:0.001573s ]
INFO: [ app_begin ] --END-- [ RunTime:0.001660s ]
SQL: SHOW COLUMNS FROM `star_user` [ RunTime:0.000999s ]
SQL: SELECT * FROM `star_user` WHERE ( `username` = 'admin' ) LIMIT 1   [ RunTime:0.000343s ]
INFO: [ view_parse ] --START--
INFO: ParseTemplate Behavior ::run [ RunTime:0.013017s ]
INFO: [ view_parse ] --END-- [ RunTime:0.013111s ]
INFO: [ view_filter ] --START--
INFO: ContentReplace Behavior ::run [ RunTime:0.001264s ]
INFO: TokenBuild Behavior ::run [ RunTime:0.001353s ]
INFO: WriteHtmlCache Behavior ::run [ RunTime:0.001207s ]
INFO: ShowRuntime Behavior ::run [ RunTime:0.001447s ]
INFO: [ view_filter ] --END-- [ RunTime:0.005567s ]
INFO: [ view_end ] --START--
INFO: ShowPageTrace Behavior ::run [ RunTime:0.001643s ]
INFO: [ view_end ] --END-- [ RunTime:0.001721s ]

[ 2015-03-13T14:15:10+08:00 ] 112.64.235.251 /Admin
INFO: [ route_check ] --START--
INFO: CheckRoute Behavior ::run [ RunTime:0.001933s ]
INFO: [ route_check ] --END-- [ RunTime:0.002036s ]
INFO: [ app_begin ] --START--
INFO: ReadHtmlCache Behavior ::run [ RunTime:0.001595s ]
INFO: [ app_begin ] --END-- [ RunTime:0.001682s ]

[ 2015-03-13T14:15:10+08:00 ] 112.64.235.251 /Admin/Login/index.html
INFO: [ route_check ] --START--
INFO: CheckRoute Behavior ::run [ RunTime:0.001005s ]
INFO: [ route_check ] --END-- [ RunTime:0.001107s ]
INFO: [ app_begin ] --START--
INFO: ReadHtmlCache Behavior ::run [ RunTime:0.000635s ]
INFO: [ app_begin ] --END-- [ RunTime:0.000720s ]
INFO: [ view_parse ] --START--
INFO: ParseTemplate Behavior ::run [ RunTime:0.009936s ]
INFO: [ view_parse ] --END-- [ RunTime:0.010023s ]
INFO: [ view_filter ] --START--
INFO: ContentReplace Behavior ::run [ RunTime:0.000445s ]
INFO: TokenBuild Behavior ::run [ RunTime:0.000448s ]
INFO: WriteHtmlCache Behavior ::run [ RunTime:0.001167s ]
INFO: ShowRuntime Behavior ::run [ RunTime:0.001454s ]
INFO: [ view_filter ] --END-- [ RunTime:0.003739s ]
INFO: [ view_end ] --START--
INFO: ShowPageTrace Behavior ::run [ RunTime:0.001655s ]
INFO: [ view_end ] --END-- [ RunTime:0.001735s ]

[ 2015-03-13T15:47:22+08:00 ] 112.64.235.249 /
INFO: [ app_begin ] --START--
INFO: ReadHtmlCache Behavior ::run [ RunTime:0.001565s ]
INFO: [ app_begin ] --END-- [ RunTime:0.001674s ]
SQL: SHOW COLUMNS FROM `star_school` [ RunTime:0.000819s ]
SQL: SELECT * FROM `star_school` ORDER BY convert(school using gb2312) ASC  [ RunTime:0.000211s ]
INFO: [ view_parse ] --START--
INFO: ParseTemplate Behavior ::run [ RunTime:0.014313s ]
INFO: [ view_parse ] --END-- [ RunTime:0.014407s ]
INFO: [ view_filter ] --START--
INFO: ContentReplace Behavior ::run [ RunTime:0.001291s ]
INFO: TokenBuild Behavior ::run [ RunTime:0.001321s ]
INFO: WriteHtmlCache Behavior ::run [ RunTime:0.001170s ]
INFO: ShowRuntime Behavior ::run [ RunTime:0.001417s ]
INFO: [ view_filter ] --END-- [ RunTime:0.005514s ]
INFO: [ view_end ] --START--
INFO: ShowPageTrace Behavior ::run [ RunTime:0.001682s ]
INFO: [ view_end ] --END-- [ RunTime:0.001764s ]

[ 2015-03-13T15:47:22+08:00 ] 124.161.23.60 /
INFO: [ app_begin ] --START--
INFO: ReadHtmlCache Behavior ::run [ RunTime:0.001580s ]
INFO: [ app_begin ] --END-- [ RunTime:0.001681s ]
SQL: SHOW COLUMNS FROM `star_school` [ RunTime:0.000791s ]
SQL: SELECT * FROM `star_school` ORDER BY convert(school using gb2312) ASC  [ RunTime:0.000230s ]
INFO: [ view_parse ] --START--
INFO: ParseTemplate Behavior ::run [ RunTime:0.014585s ]
INFO: [ view_parse ] --END-- [ RunTime:0.014683s ]
INFO: [ view_filter ] --START--
INFO: ContentReplace Behavior ::run [ RunTime:0.001285s ]
INFO: TokenBuild Behavior ::run [ RunTime:0.001325s ]
INFO: WriteHtmlCache Behavior ::run [ RunTime:0.001177s ]
INFO: ShowRuntime Behavior ::run [ RunTime:0.001461s ]
INFO: [ view_filter ] --END-- [ RunTime:0.005497s ]
INFO: [ view_end ] --START--
INFO: ShowPageTrace Behavior ::run [ RunTime:0.001680s ]
INFO: [ view_end ] --END-- [ RunTime:0.001761s ]

[ 2015-03-13T15:47:22+08:00 ] 119.4.252.128 /
INFO: [ app_begin ] --START--
INFO: ReadHtmlCache Behavior ::run [ RunTime:0.001561s ]
INFO: [ app_begin ] --END-- [ RunTime:0.001661s ]
SQL: SHOW COLUMNS FROM `star_school` [ RunTime:0.000830s ]
SQL: SELECT * FROM `star_school` ORDER BY convert(school using gb2312) ASC  [ RunTime:0.000216s ]
INFO: [ view_parse ] --START--
INFO: ParseTemplate Behavior ::run [ RunTime:0.014359s ]
INFO: [ view_parse ] --END-- [ RunTime:0.014465s ]
INFO: [ view_filter ] --START--
INFO: ContentReplace Behavior ::run [ RunTime:0.001268s ]
INFO: TokenBuild Behavior ::run [ RunTime:0.001333s ]
INFO: WriteHtmlCache Behavior ::run [ RunTime:0.001196s ]
INFO: ShowRuntime Behavior ::run [ RunTime:0.001458s ]
INFO: [ view_filter ] --END-- [ RunTime:0.005634s ]
INFO: [ view_end ] --START--
INFO: ShowPageTrace Behavior ::run [ RunTime:0.000777s ]
INFO: [ view_end ] --END-- [ RunTime:0.000856s ]

[ 2015-03-13T15:47:22+08:00 ] 182.140.184.88 /
INFO: [ app_begin ] --START--
INFO: ReadHtmlCache Behavior ::run [ RunTime:0.001554s ]
INFO: [ app_begin ] --END-- [ RunTime:0.001739s ]
SQL: SHOW COLUMNS FROM `star_school` [ RunTime:0.000832s ]
SQL: SELECT * FROM `star_school` ORDER BY convert(school using gb2312) ASC  [ RunTime:0.000154s ]
INFO: [ view_parse ] --START--
INFO: ParseTemplate Behavior ::run [ RunTime:0.014452s ]
INFO: [ view_parse ] --END-- [ RunTime:0.014551s ]
INFO: [ view_filter ] --START--
INFO: ContentReplace Behavior ::run [ RunTime:0.001260s ]
INFO: TokenBuild Behavior ::run [ RunTime:0.001309s ]
INFO: WriteHtmlCache Behavior ::run [ RunTime:0.001139s ]
INFO: ShowRuntime Behavior ::run [ RunTime:0.001454s ]
INFO: [ view_filter ] --END-- [ RunTime:0.005422s ]
INFO: [ view_end ] --START--
INFO: ShowPageTrace Behavior ::run [ RunTime:0.001658s ]
INFO: [ view_end ] --END-- [ RunTime:0.001740s ]

[ 2015-03-13T15:47:46+08:00 ] 119.4.252.128 /Index/Index/match
INFO: [ route_check ] --START--
INFO: CheckRoute Behavior ::run [ RunTime:0.001948s ]
INFO: [ route_check ] --END-- [ RunTime:0.002063s ]
INFO: [ app_begin ] --START--
INFO: ReadHtmlCache Behavior ::run [ RunTime:0.001508s ]
INFO: [ app_begin ] --END-- [ RunTime:0.001600s ]
SQL: SHOW COLUMNS FROM `star_school` [ RunTime:0.000770s ]
SQL: SELECT * FROM `star_school` WHERE ( `school` = '北京理工大学' ) LIMIT 1   [ RunTime:0.000210s ]
SQL: SHOW COLUMNS FROM `star_joiner` [ RunTime:0.000795s ]
SQL: SELECT * FROM `star_joiner` WHERE ( `school_id` = 6 )  [ RunTime:0.000359s ]

[ 2015-03-13T15:47:46+08:00 ] 119.4.252.128 /Index/Index/match
INFO: [ route_check ] --START--
INFO: CheckRoute Behavior ::run [ RunTime:0.001882s ]
INFO: [ route_check ] --END-- [ RunTime:0.001984s ]
INFO: [ app_begin ] --START--
INFO: ReadHtmlCache Behavior ::run [ RunTime:0.001530s ]
INFO: [ app_begin ] --END-- [ RunTime:0.001615s ]
SQL: SHOW COLUMNS FROM `star_school` [ RunTime:0.000756s ]
SQL: SELECT * FROM `star_school` WHERE ( `school` = '北京理工大学' ) LIMIT 1   [ RunTime:0.000186s ]
SQL: SHOW COLUMNS FROM `star_joiner` [ RunTime:0.000869s ]
SQL: SELECT * FROM `star_joiner` WHERE ( `school_id` = 6 )  [ RunTime:0.000184s ]

[ 2015-03-13T15:49:47+08:00 ] 222.197.176.164 /
INFO: [ app_begin ] --START--
INFO: ReadHtmlCache Behavior ::run [ RunTime:0.001573s ]
INFO: [ app_begin ] --END-- [ RunTime:0.001677s ]
SQL: SHOW COLUMNS FROM `star_school` [ RunTime:0.000877s ]
SQL: SELECT * FROM `star_school` ORDER BY convert(school using gb2312) ASC  [ RunTime:0.000208s ]
INFO: [ view_parse ] --START--
INFO: ParseTemplate Behavior ::run [ RunTime:0.014054s ]
INFO: [ view_parse ] --END-- [ RunTime:0.014143s ]
INFO: [ view_filter ] --START--
INFO: ContentReplace Behavior ::run [ RunTime:0.001264s ]
INFO: TokenBuild Behavior ::run [ RunTime:0.001323s ]
INFO: WriteHtmlCache Behavior ::run [ RunTime:0.001181s ]
INFO: ShowRuntime Behavior ::run [ RunTime:0.001447s ]
INFO: [ view_filter ] --END-- [ RunTime:0.005441s ]
INFO: [ view_end ] --START--
INFO: ShowPageTrace Behavior ::run [ RunTime:0.001661s ]
INFO: [ view_end ] --END-- [ RunTime:0.001736s ]

[ 2015-03-13T18:39:59+08:00 ] 119.4.252.128 /
INFO: [ app_begin ] --START--
INFO: ReadHtmlCache Behavior ::run [ RunTime:0.001611s ]
INFO: [ app_begin ] --END-- [ RunTime:0.001719s ]
SQL: SHOW COLUMNS FROM `star_school` [ RunTime:0.000792s ]
SQL: SELECT * FROM `star_school` ORDER BY convert(school using gb2312) ASC  [ RunTime:0.000227s ]
INFO: [ view_parse ] --START--
INFO: ParseTemplate Behavior ::run [ RunTime:0.014365s ]
INFO: [ view_parse ] --END-- [ RunTime:0.014454s ]
INFO: [ view_filter ] --START--
INFO: ContentReplace Behavior ::run [ RunTime:0.001320s ]
INFO: TokenBuild Behavior ::run [ RunTime:0.001362s ]
INFO: WriteHtmlCache Behavior ::run [ RunTime:0.001146s ]
INFO: ShowRuntime Behavior ::run [ RunTime:0.001442s ]
INFO: [ view_filter ] --END-- [ RunTime:0.005652s ]
INFO: [ view_end ] --START--
INFO: ShowPageTrace Behavior ::run [ RunTime:0.001699s ]
INFO: [ view_end ] --END-- [ RunTime:0.001776s ]

[ 2015-03-13T18:40:02+08:00 ] 222.73.76.253 /
INFO: [ app_begin ] --START--
INFO: ReadHtmlCache Behavior ::run [ RunTime:0.001599s ]
INFO: [ app_begin ] --END-- [ RunTime:0.001719s ]
SQL: SHOW COLUMNS FROM `star_school` [ RunTime:0.000849s ]
SQL: SELECT * FROM `star_school` ORDER BY convert(school using gb2312) ASC  [ RunTime:0.000187s ]
INFO: [ view_parse ] --START--
INFO: ParseTemplate Behavior ::run [ RunTime:0.014691s ]
INFO: [ view_parse ] --END-- [ RunTime:0.014790s ]
INFO: [ view_filter ] --START--
INFO: ContentReplace Behavior ::run [ RunTime:0.001287s ]
INFO: TokenBuild Behavior ::run [ RunTime:0.001338s ]
INFO: WriteHtmlCache Behavior ::run [ RunTime:0.001156s ]
INFO: ShowRuntime Behavior ::run [ RunTime:0.001402s ]
INFO: [ view_filter ] --END-- [ RunTime:0.005497s ]
INFO: [ view_end ] --START--
INFO: ShowPageTrace Behavior ::run [ RunTime:0.001691s ]
INFO: [ view_end ] --END-- [ RunTime:0.001772s ]

[ 2015-03-13T18:45:07+08:00 ] 119.4.252.128 /
INFO: [ app_begin ] --START--
INFO: ReadHtmlCache Behavior ::run [ RunTime:0.001567s ]
INFO: [ app_begin ] --END-- [ RunTime:0.001674s ]
SQL: SHOW COLUMNS FROM `star_school` [ RunTime:0.000940s ]
SQL: SELECT * FROM `star_school` ORDER BY convert(school using gb2312) ASC  [ RunTime:0.000202s ]
INFO: [ view_parse ] --START--
INFO: ParseTemplate Behavior ::run [ RunTime:0.014478s ]
INFO: [ view_parse ] --END-- [ RunTime:0.014576s ]
INFO: [ view_filter ] --START--
INFO: ContentReplace Behavior ::run [ RunTime:0.001272s ]
INFO: TokenBuild Behavior ::run [ RunTime:0.001338s ]
INFO: WriteHtmlCache Behavior ::run [ RunTime:0.001109s ]
INFO: ShowRuntime Behavior ::run [ RunTime:0.001408s ]
INFO: [ view_filter ] --END-- [ RunTime:0.005503s ]
INFO: [ view_end ] --START--
INFO: ShowPageTrace Behavior ::run [ RunTime:0.001687s ]
INFO: [ view_end ] --END-- [ RunTime:0.001771s ]

[ 2015-03-13T18:45:07+08:00 ] 223.85.132.24 /
INFO: [ app_begin ] --START--
INFO: ReadHtmlCache Behavior ::run [ RunTime:0.001547s ]
INFO: [ app_begin ] --END-- [ RunTime:0.001648s ]
SQL: SHOW COLUMNS FROM `star_school` [ RunTime:0.000797s ]
SQL: SELECT * FROM `star_school` ORDER BY convert(school using gb2312) ASC  [ RunTime:0.000229s ]
INFO: [ view_parse ] --START--
INFO: ParseTemplate Behavior ::run [ RunTime:0.014301s ]
INFO: [ view_parse ] --END-- [ RunTime:0.014397s ]
INFO: [ view_filter ] --START--
INFO: ContentReplace Behavior ::run [ RunTime:0.001271s ]
INFO: TokenBuild Behavior ::run [ RunTime:0.001318s ]
INFO: WriteHtmlCache Behavior ::run [ RunTime:0.001148s ]
INFO: ShowRuntime Behavior ::run [ RunTime:0.001457s ]
INFO: [ view_filter ] --END-- [ RunTime:0.005433s ]
INFO: [ view_end ] --START--
INFO: ShowPageTrace Behavior ::run [ RunTime:0.001677s ]
INFO: [ view_end ] --END-- [ RunTime:0.001760s ]

[ 2015-03-13T18:47:15+08:00 ] 124.161.23.61 /
INFO: [ app_begin ] --START--
INFO: ReadHtmlCache Behavior ::run [ RunTime:0.001565s ]
INFO: [ app_begin ] --END-- [ RunTime:0.001737s ]
SQL: SHOW COLUMNS FROM `star_school` [ RunTime:0.000775s ]
SQL: SELECT * FROM `star_school` ORDER BY convert(school using gb2312) ASC  [ RunTime:0.000185s ]
INFO: [ view_parse ] --START--
INFO: ParseTemplate Behavior ::run [ RunTime:0.011023s ]
INFO: [ view_parse ] --END-- [ RunTime:0.011120s ]
INFO: [ view_filter ] --START--
INFO: ContentReplace Behavior ::run [ RunTime:0.000447s ]
INFO: TokenBuild Behavior ::run [ RunTime:0.001281s ]
INFO: WriteHtmlCache Behavior ::run [ RunTime:0.001242s ]
INFO: ShowRuntime Behavior ::run [ RunTime:0.001461s ]
INFO: [ view_filter ] --END-- [ RunTime:0.004655s ]
INFO: [ view_end ] --START--
INFO: ShowPageTrace Behavior ::run [ RunTime:0.000804s ]
INFO: [ view_end ] --END-- [ RunTime:0.000878s ]

[ 2015-03-13T18:47:15+08:00 ] 119.4.252.128 /
INFO: [ app_begin ] --START--
INFO: ReadHtmlCache Behavior ::run [ RunTime:0.000634s ]
INFO: [ app_begin ] --END-- [ RunTime:0.000734s ]
SQL: SHOW COLUMNS FROM `star_school` [ RunTime:0.000645s ]
SQL: SELECT * FROM `star_school` ORDER BY convert(school using gb2312) ASC  [ RunTime:0.000138s ]
INFO: [ view_parse ] --START--
INFO: ParseTemplate Behavior ::run [ RunTime:0.014179s ]
INFO: [ view_parse ] --END-- [ RunTime:0.014288s ]
INFO: [ view_filter ] --START--
INFO: ContentReplace Behavior ::run [ RunTime:0.000468s ]
INFO: TokenBuild Behavior ::run [ RunTime:0.000449s ]
INFO: WriteHtmlCache Behavior ::run [ RunTime:0.000327s ]
INFO: ShowRuntime Behavior ::run [ RunTime:0.000569s ]
INFO: [ view_filter ] --END-- [ RunTime:0.002042s ]
INFO: [ view_end ] --START--
INFO: ShowPageTrace Behavior ::run [ RunTime:0.000751s ]
INFO: [ view_end ] --END-- [ RunTime:0.000826s ]

[ 2015-03-13T18:49:18+08:00 ] 119.4.252.128 /Index/Index/match
INFO: [ route_check ] --START--
INFO: CheckRoute Behavior ::run [ RunTime:0.001901s ]
INFO: [ route_check ] --END-- [ RunTime:0.002009s ]
INFO: [ app_begin ] --START--
INFO: ReadHtmlCache Behavior ::run [ RunTime:0.001499s ]
INFO: [ app_begin ] --END-- [ RunTime:0.001584s ]
SQL: SHOW COLUMNS FROM `star_school` [ RunTime:0.000775s ]
SQL: SELECT * FROM `star_school` WHERE ( `school` = '北京航空航天大学' ) LIMIT 1   [ RunTime:0.000208s ]
SQL: SHOW COLUMNS FROM `star_joiner` [ RunTime:0.000888s ]
SQL: SELECT * FROM `star_joiner` WHERE ( `school_id` = 2 )  [ RunTime:0.000353s ]

[ 2015-03-13T18:49:25+08:00 ] 119.4.252.128 /Index/Index/match
INFO: [ route_check ] --START--
INFO: CheckRoute Behavior ::run [ RunTime:0.001884s ]
INFO: [ route_check ] --END-- [ RunTime:0.001987s ]
INFO: [ app_begin ] --START--
INFO: ReadHtmlCache Behavior ::run [ RunTime:0.001518s ]
INFO: [ app_begin ] --END-- [ RunTime:0.001602s ]
SQL: SHOW COLUMNS FROM `star_school` [ RunTime:0.000853s ]
SQL: SELECT * FROM `star_school` WHERE ( `school` = '北京外国语大学' ) LIMIT 1   [ RunTime:0.000172s ]
SQL: SHOW COLUMNS FROM `star_joiner` [ RunTime:0.000884s ]
SQL: SELECT * FROM `star_joiner` WHERE ( `school_id` = 9 )  [ RunTime:0.000296s ]

[ 2015-03-13T18:49:31+08:00 ] 119.4.252.128 /Index/Index/match
INFO: [ route_check ] --START--
INFO: CheckRoute Behavior ::run [ RunTime:0.001885s ]
INFO: [ route_check ] --END-- [ RunTime:0.001987s ]
INFO: [ app_begin ] --START--
INFO: ReadHtmlCache Behavior ::run [ RunTime:0.001507s ]
INFO: [ app_begin ] --END-- [ RunTime:0.001593s ]
SQL: SHOW COLUMNS FROM `star_school` [ RunTime:0.000763s ]
SQL: SELECT * FROM `star_school` WHERE ( `school` = '北京大学' ) LIMIT 1   [ RunTime:0.000211s ]
SQL: SHOW COLUMNS FROM `star_joiner` [ RunTime:0.000787s ]
SQL: SELECT * FROM `star_joiner` WHERE ( `school_id` = 1 )  [ RunTime:0.000392s ]

[ 2015-03-13T18:50:18+08:00 ] 222.197.176.164 /
INFO: [ app_begin ] --START--
INFO: ReadHtmlCache Behavior ::run [ RunTime:0.001609s ]
INFO: [ app_begin ] --END-- [ RunTime:0.001725s ]
SQL: SHOW COLUMNS FROM `star_school` [ RunTime:0.000837s ]
SQL: SELECT * FROM `star_school` ORDER BY convert(school using gb2312) ASC  [ RunTime:0.000227s ]
INFO: [ view_parse ] --START--
INFO: ParseTemplate Behavior ::run [ RunTime:0.014555s ]
INFO: [ view_parse ] --END-- [ RunTime:0.014653s ]
INFO: [ view_filter ] --START--
INFO: ContentReplace Behavior ::run [ RunTime:0.001280s ]
INFO: TokenBuild Behavior ::run [ RunTime:0.001312s ]
INFO: WriteHtmlCache Behavior ::run [ RunTime:0.001121s ]
INFO: ShowRuntime Behavior ::run [ RunTime:0.001415s ]
INFO: [ view_filter ] --END-- [ RunTime:0.005507s ]
INFO: [ view_end ] --START--
INFO: ShowPageTrace Behavior ::run [ RunTime:0.001661s ]
INFO: [ view_end ] --END-- [ RunTime:0.001744s ]

[ 2015-03-13T18:50:42+08:00 ] 125.71.229.6 /
INFO: [ app_begin ] --START--
INFO: ReadHtmlCache Behavior ::run [ RunTime:0.001560s ]
INFO: [ app_begin ] --END-- [ RunTime:0.001668s ]
SQL: SHOW COLUMNS FROM `star_school` [ RunTime:0.000854s ]
SQL: SELECT * FROM `star_school` ORDER BY convert(school using gb2312) ASC  [ RunTime:0.000195s ]
INFO: [ view_parse ] --START--
INFO: ParseTemplate Behavior ::run [ RunTime:0.014429s ]
INFO: [ view_parse ] --END-- [ RunTime:0.014525s ]
INFO: [ view_filter ] --START--
INFO: ContentReplace Behavior ::run [ RunTime:0.001328s ]
INFO: TokenBuild Behavior ::run [ RunTime:0.001338s ]
INFO: WriteHtmlCache Behavior ::run [ RunTime:0.001111s ]
INFO: ShowRuntime Behavior ::run [ RunTime:0.001475s ]
INFO: [ view_filter ] --END-- [ RunTime:0.005579s ]
INFO: [ view_end ] --START--
INFO: ShowPageTrace Behavior ::run [ RunTime:0.001651s ]
INFO: [ view_end ] --END-- [ RunTime:0.001734s ]

[ 2015-03-13T18:51:07+08:00 ] 222.197.176.164 /Index/Index/match
INFO: [ route_check ] --START--
INFO: CheckRoute Behavior ::run [ RunTime:0.001877s ]
INFO: [ route_check ] --END-- [ RunTime:0.001986s ]
INFO: [ app_begin ] --START--
INFO: ReadHtmlCache Behavior ::run [ RunTime:0.001521s ]
INFO: [ app_begin ] --END-- [ RunTime:0.001607s ]
SQL: SHOW COLUMNS FROM `star_school` [ RunTime:0.000816s ]
SQL: SELECT * FROM `star_school` WHERE ( `school` = '北京大学' ) LIMIT 1   [ RunTime:0.000215s ]
SQL: SHOW COLUMNS FROM `star_joiner` [ RunTime:0.000792s ]
SQL: SELECT * FROM `star_joiner` WHERE ( `school_id` = 1 )  [ RunTime:0.000183s ]

[ 2015-03-13T18:51:33+08:00 ] 125.71.229.6 /
INFO: [ app_begin ] --START--
INFO: ReadHtmlCache Behavior ::run [ RunTime:0.001574s ]
INFO: [ app_begin ] --END-- [ RunTime:0.001673s ]
SQL: SHOW COLUMNS FROM `star_school` [ RunTime:0.000743s ]
SQL: SELECT * FROM `star_school` ORDER BY convert(school using gb2312) ASC  [ RunTime:0.000225s ]
INFO: [ view_parse ] --START--
INFO: ParseTemplate Behavior ::run [ RunTime:0.014331s ]
INFO: [ view_parse ] --END-- [ RunTime:0.014428s ]
INFO: [ view_filter ] --START--
INFO: ContentReplace Behavior ::run [ RunTime:0.001338s ]
INFO: TokenBuild Behavior ::run [ RunTime:0.001320s ]
INFO: WriteHtmlCache Behavior ::run [ RunTime:0.001109s ]
INFO: ShowRuntime Behavior ::run [ RunTime:0.001475s ]
INFO: [ view_filter ] --END-- [ RunTime:0.005570s ]
INFO: [ view_end ] --START--
INFO: ShowPageTrace Behavior ::run [ RunTime:0.001635s ]
INFO: [ view_end ] --END-- [ RunTime:0.001717s ]

[ 2015-03-13T18:51:41+08:00 ] 125.71.229.6 /Index/Index/match
INFO: [ route_check ] --START--
INFO: CheckRoute Behavior ::run [ RunTime:0.001901s ]
INFO: [ route_check ] --END-- [ RunTime:0.002003s ]
INFO: [ app_begin ] --START--
INFO: ReadHtmlCache Behavior ::run [ RunTime:0.001547s ]
INFO: [ app_begin ] --END-- [ RunTime:0.001629s ]
SQL: SHOW COLUMNS FROM `star_school` [ RunTime:0.000804s ]
SQL: SELECT * FROM `star_school` WHERE ( `school` = '北京科技大学' ) LIMIT 1   [ RunTime:0.000225s ]
SQL: SHOW COLUMNS FROM `star_joiner` [ RunTime:0.000881s ]
SQL: SELECT * FROM `star_joiner` WHERE ( `school_id` = 5 )  [ RunTime:0.000343s ]

[ 2015-03-13T20:43:07+08:00 ] 221.192.179.84 /
INFO: [ app_begin ] --START--
INFO: ReadHtmlCache Behavior ::run [ RunTime:0.001587s ]
INFO: [ app_begin ] --END-- [ RunTime:0.001690s ]
SQL: SHOW COLUMNS FROM `star_school` [ RunTime:0.000831s ]
SQL: SELECT * FROM `star_school` ORDER BY convert(school using gb2312) ASC  [ RunTime:0.000235s ]
INFO: [ view_parse ] --START--
INFO: ParseTemplate Behavior ::run [ RunTime:0.014582s ]
INFO: [ view_parse ] --END-- [ RunTime:0.014673s ]
INFO: [ view_filter ] --START--
INFO: ContentReplace Behavior ::run [ RunTime:0.001290s ]
INFO: TokenBuild Behavior ::run [ RunTime:0.001375s ]
INFO: WriteHtmlCache Behavior ::run [ RunTime:0.001251s ]
INFO: ShowRuntime Behavior ::run [ RunTime:0.001533s ]
INFO: [ view_filter ] --END-- [ RunTime:0.005681s ]
INFO: [ view_end ] --START--
INFO: ShowPageTrace Behavior ::run [ RunTime:0.001704s ]
INFO: [ view_end ] --END-- [ RunTime:0.001780s ]

[ 2015-03-13T20:43:25+08:00 ] 221.192.179.84 /Index/Index/match
INFO: [ route_check ] --START--
INFO: CheckRoute Behavior ::run [ RunTime:0.001918s ]
INFO: [ route_check ] --END-- [ RunTime:0.002025s ]
INFO: [ app_begin ] --START--
INFO: ReadHtmlCache Behavior ::run [ RunTime:0.001521s ]
INFO: [ app_begin ] --END-- [ RunTime:0.001604s ]
SQL: SHOW COLUMNS FROM `star_school` [ RunTime:0.000898s ]
SQL: SELECT * FROM `star_school` WHERE ( `school` = '电子科技大学' ) LIMIT 1   [ RunTime:0.000424s ]
SQL: SHOW COLUMNS FROM `star_joiner` [ RunTime:0.000888s ]
SQL: SELECT * FROM `star_joiner` WHERE ( `school_id` = 15 )  [ RunTime:0.000346s ]

[ 2015-03-13T20:43:32+08:00 ] 221.192.179.84 /Index/Index/match
INFO: [ route_check ] --START--
INFO: CheckRoute Behavior ::run [ RunTime:0.001883s ]
INFO: [ route_check ] --END-- [ RunTime:0.001983s ]
INFO: [ app_begin ] --START--
INFO: ReadHtmlCache Behavior ::run [ RunTime:0.001484s ]
INFO: [ app_begin ] --END-- [ RunTime:0.001567s ]
SQL: SHOW COLUMNS FROM `star_school` [ RunTime:0.000862s ]
SQL: SELECT * FROM `star_school` WHERE ( `school` = '北京中医药大学' ) LIMIT 1   [ RunTime:0.000491s ]
SQL: SHOW COLUMNS FROM `star_joiner` [ RunTime:0.000863s ]
SQL: SELECT * FROM `star_joiner` WHERE ( `school_id` = 12 )  [ RunTime:0.000331s ]

[ 2015-03-13T20:44:11+08:00 ] 221.192.179.84 /Index/Index/match
INFO: [ route_check ] --START--
INFO: CheckRoute Behavior ::run [ RunTime:0.001959s ]
INFO: [ route_check ] --END-- [ RunTime:0.002075s ]
INFO: [ app_begin ] --START--
INFO: ReadHtmlCache Behavior ::run [ RunTime:0.001522s ]
INFO: [ app_begin ] --END-- [ RunTime:0.001613s ]
SQL: SHOW COLUMNS FROM `star_school` [ RunTime:0.000822s ]
SQL: SELECT * FROM `star_school` WHERE ( `school` = '陕西师范大学' ) LIMIT 1   [ RunTime:0.000431s ]
SQL: SHOW COLUMNS FROM `star_joiner` [ RunTime:0.000876s ]
SQL: SELECT * FROM `star_joiner` WHERE ( `school_id` = 54 )  [ RunTime:0.000346s ]

[ 2015-03-13T20:48:11+08:00 ] 202.115.22.5 /
INFO: [ app_begin ] --START--
INFO: ReadHtmlCache Behavior ::run [ RunTime:0.001605s ]
INFO: [ app_begin ] --END-- [ RunTime:0.001715s ]
SQL: SHOW COLUMNS FROM `star_school` [ RunTime:0.000861s ]
SQL: SELECT * FROM `star_school` ORDER BY convert(school using gb2312) ASC  [ RunTime:0.000212s ]
INFO: [ view_parse ] --START--
INFO: ParseTemplate Behavior ::run [ RunTime:0.014554s ]
INFO: [ view_parse ] --END-- [ RunTime:0.014651s ]
INFO: [ view_filter ] --START--
INFO: ContentReplace Behavior ::run [ RunTime:0.001317s ]
INFO: TokenBuild Behavior ::run [ RunTime:0.001378s ]
INFO: WriteHtmlCache Behavior ::run [ RunTime:0.001192s ]
INFO: ShowRuntime Behavior ::run [ RunTime:0.001421s ]
INFO: [ view_filter ] --END-- [ RunTime:0.005629s ]
INFO: [ view_end ] --START--
INFO: ShowPageTrace Behavior ::run [ RunTime:0.001717s ]
INFO: [ view_end ] --END-- [ RunTime:0.001801s ]

[ 2015-03-13T20:48:29+08:00 ] 202.115.22.5 /Index/Index/match
INFO: [ route_check ] --START--
INFO: CheckRoute Behavior ::run [ RunTime:0.001918s ]
INFO: [ route_check ] --END-- [ RunTime:0.002028s ]
INFO: [ app_begin ] --START--
INFO: ReadHtmlCache Behavior ::run [ RunTime:0.001601s ]
INFO: [ app_begin ] --END-- [ RunTime:0.001686s ]
SQL: SHOW COLUMNS FROM `star_school` [ RunTime:0.000903s ]
SQL: SELECT * FROM `star_school` WHERE ( `school` = '北京科技大学' ) LIMIT 1   [ RunTime:0.000178s ]
SQL: SHOW COLUMNS FROM `star_joiner` [ RunTime:0.000754s ]
SQL: SELECT * FROM `star_joiner` WHERE ( `school_id` = 5 )  [ RunTime:0.000179s ]

[ 2015-03-13T20:57:12+08:00 ] 125.71.229.6 /
INFO: [ app_begin ] --START--
INFO: ReadHtmlCache Behavior ::run [ RunTime:0.001599s ]
INFO: [ app_begin ] --END-- [ RunTime:0.001703s ]
SQL: SHOW COLUMNS FROM `star_school` [ RunTime:0.000841s ]
SQL: SELECT * FROM `star_school` ORDER BY convert(school using gb2312) ASC  [ RunTime:0.000203s ]
INFO: [ view_parse ] --START--
INFO: ParseTemplate Behavior ::run [ RunTime:0.011919s ]
INFO: [ view_parse ] --END-- [ RunTime:0.012010s ]
INFO: [ view_filter ] --START--
INFO: ContentReplace Behavior ::run [ RunTime:0.000440s ]
INFO: TokenBuild Behavior ::run [ RunTime:0.000456s ]
INFO: WriteHtmlCache Behavior ::run [ RunTime:0.000307s ]
INFO: ShowRuntime Behavior ::run [ RunTime:0.000545s ]
INFO: [ view_filter ] --END-- [ RunTime:0.001970s ]
INFO: [ view_end ] --START--
INFO: ShowPageTrace Behavior ::run [ RunTime:0.000713s ]
INFO: [ view_end ] --END-- [ RunTime:0.000785s ]

[ 2015-03-13T20:57:12+08:00 ] 182.140.184.85 /
INFO: [ app_begin ] --START--
INFO: ReadHtmlCache Behavior ::run [ RunTime:0.000639s ]
INFO: [ app_begin ] --END-- [ RunTime:0.000739s ]
SQL: SHOW COLUMNS FROM `star_school` [ RunTime:0.000890s ]
SQL: SELECT * FROM `star_school` ORDER BY convert(school using gb2312) ASC  [ RunTime:0.000218s ]
INFO: [ view_parse ] --START--
INFO: ParseTemplate Behavior ::run [ RunTime:0.010045s ]
INFO: [ view_parse ] --END-- [ RunTime:0.010145s ]
INFO: [ view_filter ] --START--
INFO: ContentReplace Behavior ::run [ RunTime:0.000457s ]
INFO: TokenBuild Behavior ::run [ RunTime:0.000457s ]
INFO: WriteHtmlCache Behavior ::run [ RunTime:0.001123s ]
INFO: ShowRuntime Behavior ::run [ RunTime:0.001443s ]
INFO: [ view_filter ] --END-- [ RunTime:0.003737s ]
INFO: [ view_end ] --START--
INFO: ShowPageTrace Behavior ::run [ RunTime:0.001690s ]
INFO: [ view_end ] --END-- [ RunTime:0.001773s ]

[ 2015-03-13T20:57:12+08:00 ] 124.161.23.11 /
INFO: [ app_begin ] --START--
INFO: ReadHtmlCache Behavior ::run [ RunTime:0.001544s ]
INFO: [ app_begin ] --END-- [ RunTime:0.001707s ]
SQL: SHOW COLUMNS FROM `star_school` [ RunTime:0.000772s ]
SQL: SELECT * FROM `star_school` ORDER BY convert(school using gb2312) ASC  [ RunTime:0.000225s ]
INFO: [ view_parse ] --START--
INFO: ParseTemplate Behavior ::run [ RunTime:0.010274s ]
INFO: [ view_parse ] --END-- [ RunTime:0.010379s ]
INFO: [ view_filter ] --START--
INFO: ContentReplace Behavior ::run [ RunTime:0.001319s ]
INFO: TokenBuild Behavior ::run [ RunTime:0.000540s ]
INFO: WriteHtmlCache Behavior ::run [ RunTime:0.000309s ]
INFO: ShowRuntime Behavior ::run [ RunTime:0.001489s ]
INFO: [ view_filter ] --END-- [ RunTime:0.003980s ]
INFO: [ view_end ] --START--
INFO: ShowPageTrace Behavior ::run [ RunTime:0.000755s ]
INFO: [ view_end ] --END-- [ RunTime:0.000836s ]

[ 2015-03-13T20:57:19+08:00 ] 125.71.229.6 /Index/Index/match
INFO: [ route_check ] --START--
INFO: CheckRoute Behavior ::run [ RunTime:0.001950s ]
INFO: [ route_check ] --END-- [ RunTime:0.002099s ]
INFO: [ app_begin ] --START--
INFO: ReadHtmlCache Behavior ::run [ RunTime:0.001506s ]
INFO: [ app_begin ] --END-- [ RunTime:0.001598s ]
SQL: SHOW COLUMNS FROM `star_school` [ RunTime:0.000894s ]
SQL: SELECT * FROM `star_school` WHERE ( `school` = '北京理工大学' ) LIMIT 1   [ RunTime:0.000189s ]
SQL: SHOW COLUMNS FROM `star_joiner` [ RunTime:0.000871s ]
SQL: SELECT * FROM `star_joiner` WHERE ( `school_id` = 6 )  [ RunTime:0.000187s ]

[ 2015-03-13T20:57:22+08:00 ] 125.71.229.6 /Index/Index/match
INFO: [ route_check ] --START--
INFO: CheckRoute Behavior ::run [ RunTime:0.001876s ]
INFO: [ route_check ] --END-- [ RunTime:0.001985s ]
INFO: [ app_begin ] --START--
INFO: ReadHtmlCache Behavior ::run [ RunTime:0.001519s ]
INFO: [ app_begin ] --END-- [ RunTime:0.001604s ]
SQL: SHOW COLUMNS FROM `star_school` [ RunTime:0.000878s ]
SQL: SELECT * FROM `star_school` WHERE ( `school` = '北京大学' ) LIMIT 1   [ RunTime:0.000201s ]
SQL: SHOW COLUMNS FROM `star_joiner` [ RunTime:0.000895s ]
SQL: SELECT * FROM `star_joiner` WHERE ( `school_id` = 1 )  [ RunTime:0.000196s ]

[ 2015-03-13T20:57:25+08:00 ] 125.71.229.6 /Index/Index/match
INFO: [ route_check ] --START--
INFO: CheckRoute Behavior ::run [ RunTime:0.001934s ]
INFO: [ route_check ] --END-- [ RunTime:0.002053s ]
INFO: [ app_begin ] --START--
INFO: ReadHtmlCache Behavior ::run [ RunTime:0.001497s ]
INFO: [ app_begin ] --END-- [ RunTime:0.001588s ]
SQL: SHOW COLUMNS FROM `star_school` [ RunTime:0.000800s ]
SQL: SELECT * FROM `star_school` WHERE ( `school` = '北京科技大学' ) LIMIT 1   [ RunTime:0.000194s ]
SQL: SHOW COLUMNS FROM `star_joiner` [ RunTime:0.000829s ]
SQL: SELECT * FROM `star_joiner` WHERE ( `school_id` = 5 )  [ RunTime:0.000192s ]

[ 2015-03-13T20:57:30+08:00 ] 125.71.229.6 /Index/Index/match
INFO: [ route_check ] --START--
INFO: CheckRoute Behavior ::run [ RunTime:0.001909s ]
INFO: [ route_check ] --END-- [ RunTime:0.002026s ]
INFO: [ app_begin ] --START--
INFO: ReadHtmlCache Behavior ::run [ RunTime:0.001539s ]
INFO: [ app_begin ] --END-- [ RunTime:0.001630s ]
SQL: SHOW COLUMNS FROM `star_school` [ RunTime:0.000835s ]
SQL: SELECT * FROM `star_school` WHERE ( `school` = '北京语言大学' ) LIMIT 1   [ RunTime:0.000411s ]
SQL: SHOW COLUMNS FROM `star_joiner` [ RunTime:0.000876s ]
SQL: SELECT * FROM `star_joiner` WHERE ( `school_id` = 11 )  [ RunTime:0.000339s ]

[ 2015-03-13T20:57:36+08:00 ] 125.71.229.6 /Index/Index/match
INFO: [ route_check ] --START--
INFO: CheckRoute Behavior ::run [ RunTime:0.001904s ]
INFO: [ route_check ] --END-- [ RunTime:0.002022s ]
INFO: [ app_begin ] --START--
INFO: ReadHtmlCache Behavior ::run [ RunTime:0.001547s ]
INFO: [ app_begin ] --END-- [ RunTime:0.001639s ]
SQL: SHOW COLUMNS FROM `star_school` [ RunTime:0.000909s ]
SQL: SELECT * FROM `star_school` WHERE ( `school` = '北京大学' ) LIMIT 1   [ RunTime:0.000126s ]
SQL: SHOW COLUMNS FROM `star_joiner` [ RunTime:0.000905s ]
SQL: SELECT * FROM `star_joiner` WHERE ( `school_id` = 1 )  [ RunTime:0.000178s ]

[ 2015-03-13T21:11:53+08:00 ] 202.115.22.5 /
INFO: [ app_begin ] --START--
INFO: ReadHtmlCache Behavior ::run [ RunTime:0.001576s ]
INFO: [ app_begin ] --END-- [ RunTime:0.001682s ]
NOTIC: [2] mysql_connect(): Access denied for user 'meeting'@'localhost' (using password: YES) /home/www/meeting/ThinkPHP/Lib/Driver/Db/DbMysql.class.php 第 55 行.
ERR: Access denied for user 'meeting'@'localhost' (using password: YES)

[ 2015-03-13T21:13:36+08:00 ] 202.115.22.5 /
INFO: [ app_begin ] --START--
INFO: ReadHtmlCache Behavior ::run [ RunTime:0.001578s ]
INFO: [ app_begin ] --END-- [ RunTime:0.001683s ]
SQL: SHOW COLUMNS FROM `star_school` [ RunTime:0.000956s ]
SQL: SELECT * FROM `star_school` ORDER BY convert(school using gb2312) ASC  [ RunTime:0.000209s ]
INFO: [ view_parse ] --START--
INFO: ParseTemplate Behavior ::run [ RunTime:0.014494s ]
INFO: [ view_parse ] --END-- [ RunTime:0.014591s ]
INFO: [ view_filter ] --START--
INFO: ContentReplace Behavior ::run [ RunTime:0.001279s ]
INFO: TokenBuild Behavior ::run [ RunTime:0.001324s ]
INFO: WriteHtmlCache Behavior ::run [ RunTime:0.001185s ]
INFO: ShowRuntime Behavior ::run [ RunTime:0.001413s ]
INFO: [ view_filter ] --END-- [ RunTime:0.005517s ]
INFO: [ view_end ] --START--
INFO: ShowPageTrace Behavior ::run [ RunTime:0.001700s ]
INFO: [ view_end ] --END-- [ RunTime:0.001782s ]

[ 2015-03-13T23:29:31+08:00 ] 113.54.138.38 /Index/Index/search
INFO: [ route_check ] --START--
INFO: CheckRoute Behavior ::run [ RunTime:0.000930s ]
INFO: [ route_check ] --END-- [ RunTime:0.001044s ]
INFO: [ app_begin ] --START--
INFO: ReadHtmlCache Behavior ::run [ RunTime:0.000647s ]
INFO: [ app_begin ] --END-- [ RunTime:0.000730s ]
SQL: SHOW COLUMNS FROM `star_school` [ RunTime:0.006837s ]
SQL: SELECT * FROM `star_school` WHERE ( `school` LIKE '%d%g%' )  [ RunTime:0.000594s ]

[ 2015-03-13T23:29:31+08:00 ] 113.54.138.38 /Index/Index/search
INFO: [ route_check ] --START--
INFO: CheckRoute Behavior ::run [ RunTime:0.000925s ]
INFO: [ route_check ] --END-- [ RunTime:0.001028s ]
INFO: [ app_begin ] --START--
INFO: ReadHtmlCache Behavior ::run [ RunTime:0.000640s ]
INFO: [ app_begin ] --END-- [ RunTime:0.000725s ]
SQL: SHOW COLUMNS FROM `star_school` [ RunTime:0.004960s ]
SQL: SELECT * FROM `star_school` WHERE ( `school` LIKE '%d%' )  [ RunTime:0.000656s ]

[ 2015-03-13T23:29:31+08:00 ] 113.54.138.38 /Index/Index/search
INFO: [ route_check ] --START--
INFO: CheckRoute Behavior ::run [ RunTime:0.001006s ]
INFO: [ route_check ] --END-- [ RunTime:0.001113s ]
INFO: [ app_begin ] --START--
INFO: ReadHtmlCache Behavior ::run [ RunTime:0.000643s ]
INFO: [ app_begin ] --END-- [ RunTime:0.000725s ]
SQL: SHOW COLUMNS FROM `star_school` [ RunTime:0.007359s ]
SQL: SELECT * FROM `star_school` WHERE ( `school` LIKE '%d%i%a%' )  [ RunTime:0.000724s ]

[ 2015-03-13T23:29:31+08:00 ] 113.54.138.38 /Index/Index/search
INFO: [ route_check ] --START--
INFO: CheckRoute Behavior ::run [ RunTime:0.001920s ]
INFO: [ route_check ] --END-- [ RunTime:0.002110s ]
INFO: [ app_begin ] --START--
INFO: ReadHtmlCache Behavior ::run [ RunTime:0.001545s ]
INFO: [ app_begin ] --END-- [ RunTime:0.001636s ]
SQL: SHOW COLUMNS FROM `star_school` [ RunTime:0.000781s ]
SQL: SELECT * FROM `star_school` WHERE ( `school` LIKE '%d%i%' )  [ RunTime:0.000391s ]

[ 2015-03-13T23:29:31+08:00 ] 113.54.138.38 /Index/Index/search
INFO: [ route_check ] --START--
INFO: CheckRoute Behavior ::run [ RunTime:0.001016s ]
INFO: [ route_check ] --END-- [ RunTime:0.001120s ]
INFO: [ app_begin ] --START--
INFO: ReadHtmlCache Behavior ::run [ RunTime:0.000641s ]
INFO: [ app_begin ] --END-- [ RunTime:0.000721s ]
SQL: SHOW COLUMNS FROM `star_school` [ RunTime:0.000832s ]
SQL: SELECT * FROM `star_school` WHERE ( `school` LIKE '%d%i%a%m%' )  [ RunTime:0.000418s ]

[ 2015-03-13T23:29:32+08:00 ] 113.54.138.38 /Index/Index/search
INFO: [ route_check ] --START--
INFO: CheckRoute Behavior ::run [ RunTime:0.001857s ]
INFO: [ route_check ] --END-- [ RunTime:0.001955s ]
INFO: [ app_begin ] --START--
INFO: ReadHtmlCache Behavior ::run [ RunTime:0.001507s ]
INFO: [ app_begin ] --END-- [ RunTime:0.001590s ]
SQL: SHOW COLUMNS FROM `star_school` [ RunTime:0.000756s ]
SQL: SELECT * FROM `star_school` WHERE ( `school` LIKE '%d%i%a%n%' )  [ RunTime:0.000374s ]

[ 2015-03-13T23:29:33+08:00 ] 113.54.138.38 /Index/Index/search
INFO: [ route_check ] --START--
INFO: CheckRoute Behavior ::run [ RunTime:0.000942s ]
INFO: [ route_check ] --END-- [ RunTime:0.001049s ]
INFO: [ app_begin ] --START--
INFO: ReadHtmlCache Behavior ::run [ RunTime:0.000626s ]
INFO: [ app_begin ] --END-- [ RunTime:0.000711s ]
SQL: SHOW COLUMNS FROM `star_school` [ RunTime:0.000906s ]
SQL: SELECT * FROM `star_school` WHERE ( `school` LIKE '%d%i%a%n%' )  [ RunTime:0.000199s ]

[ 2015-03-13T23:29:33+08:00 ] 113.54.138.38 /Index/Index/search
INFO: [ route_check ] --START--
INFO: CheckRoute Behavior ::run [ RunTime:0.001018s ]
INFO: [ route_check ] --END-- [ RunTime:0.001122s ]
INFO: [ app_begin ] --START--
INFO: ReadHtmlCache Behavior ::run [ RunTime:0.000629s ]
INFO: [ app_begin ] --END-- [ RunTime:0.000712s ]
SQL: SHOW COLUMNS FROM `star_school` [ RunTime:0.000707s ]
SQL: SELECT * FROM `star_school` WHERE ( `school` LIKE '%d%i%a%n%' )  [ RunTime:0.000185s ]

