[ 2015-03-28T20:09:27+08:00 ] 202.115.22.5 /
INFO: [ app_begin ] --START--
INFO: ReadHtmlCache Behavior ::run [ RunTime:0.000192s ]
INFO: [ app_begin ] --END-- [ RunTime:0.000332s ]
SQL: SHOW COLUMNS FROM `star_school` [ RunTime:0.000851s ]
SQL: SELECT * FROM `star_school` ORDER BY convert(school using gb2312) ASC  [ RunTime:0.000238s ]
INFO: [ view_parse ] --START--
INFO: ParseTemplate Behavior ::run [ RunTime:0.006706s ]
INFO: [ view_parse ] --END-- [ RunTime:0.006816s ]
INFO: [ view_filter ] --START--
INFO: ContentReplace Behavior ::run [ RunTime:0.000191s ]
INFO: TokenBuild Behavior ::run [ RunTime:0.000144s ]
INFO: WriteHtmlCache Behavior ::run [ RunTime:0.000096s ]
INFO: ShowRuntime Behavior ::run [ RunTime:0.000180s ]
INFO: [ view_filter ] --END-- [ RunTime:0.000830s ]
INFO: [ view_end ] --START--
INFO: ShowPageTrace Behavior ::run [ RunTime:0.000169s ]
INFO: [ view_end ] --END-- [ RunTime:0.000244s ]

[ 2015-03-28T20:09:30+08:00 ] 202.115.22.5 /Index/Index/match
INFO: [ route_check ] --START--
INFO: CheckRoute Behavior ::run [ RunTime:0.000184s ]
INFO: [ route_check ] --END-- [ RunTime:0.000291s ]
INFO: [ app_begin ] --START--
INFO: ReadHtmlCache Behavior ::run [ RunTime:0.000162s ]
INFO: [ app_begin ] --END-- [ RunTime:0.000241s ]
SQL: SHOW COLUMNS FROM `star_school` [ RunTime:0.000797s ]
SQL: SELECT * FROM `star_school` WHERE ( `school` = '北京大学' ) LIMIT 1   [ RunTime:0.000195s ]
SQL: SHOW COLUMNS FROM `star_joiner` [ RunTime:0.000939s ]
SQL: SELECT * FROM `star_joiner` WHERE ( `school_id` = 1 )  [ RunTime:0.000500s ]

[ 2015-03-28T20:09:32+08:00 ] 202.115.22.5 /Index/Index/name
INFO: [ route_check ] --START--
INFO: CheckRoute Behavior ::run [ RunTime:0.000189s ]
INFO: [ route_check ] --END-- [ RunTime:0.000302s ]
INFO: [ app_begin ] --START--
INFO: ReadHtmlCache Behavior ::run [ RunTime:0.000160s ]
INFO: [ app_begin ] --END-- [ RunTime:0.000237s ]
SQL: SHOW COLUMNS FROM `star_joiner` [ RunTime:0.000991s ]
SQL: SELECT * FROM `star_joiner` WHERE ( `joiner` = '张庆东' ) AND ( `school_id` = 1 )  [ RunTime:0.000494s ]

[ 2015-03-28T20:09:34+08:00 ] 202.115.22.5 /Index/Index/match
INFO: [ route_check ] --START--
INFO: CheckRoute Behavior ::run [ RunTime:0.000157s ]
INFO: [ route_check ] --END-- [ RunTime:0.000283s ]
INFO: [ app_begin ] --START--
INFO: ReadHtmlCache Behavior ::run [ RunTime:0.000145s ]
INFO: [ app_begin ] --END-- [ RunTime:0.000221s ]
SQL: SHOW COLUMNS FROM `star_school` [ RunTime:0.000811s ]
SQL: SELECT * FROM `star_school` WHERE ( `school` = '北京理工大学' ) LIMIT 1   [ RunTime:0.000229s ]
SQL: SHOW COLUMNS FROM `star_joiner` [ RunTime:0.000932s ]
SQL: SELECT * FROM `star_joiner` WHERE ( `school_id` = 6 )  [ RunTime:0.000484s ]

