[ 2015-03-16T11:48:52+08:00 ] 202.115.22.4 /
INFO: [ app_begin ] --START--
INFO: ReadHtmlCache Behavior ::run [ RunTime:0.000680s ]
INFO: [ app_begin ] --END-- [ RunTime:0.000793s ]
SQL: SHOW COLUMNS FROM `star_school` [ RunTime:0.005209s ]
SQL: SELECT * FROM `star_school` ORDER BY convert(school using gb2312) ASC  [ RunTime:0.000716s ]
INFO: [ view_parse ] --START--
INFO: ParseTemplate Behavior ::run [ RunTime:0.007667s ]
INFO: [ view_parse ] --END-- [ RunTime:0.007780s ]
INFO: [ view_filter ] --START--
INFO: ContentReplace Behavior ::run [ RunTime:0.000613s ]
INFO: TokenBuild Behavior ::run [ RunTime:0.000381s ]
INFO: WriteHtmlCache Behavior ::run [ RunTime:0.000334s ]
INFO: ShowRuntime Behavior ::run [ RunTime:0.000605s ]
INFO: [ view_filter ] --END-- [ RunTime:0.002161s ]
INFO: [ view_end ] --START--
INFO: ShowPageTrace Behavior ::run [ RunTime:0.000428s ]
INFO: [ view_end ] --END-- [ RunTime:0.000510s ]

[ 2015-03-16T11:49:29+08:00 ] 202.115.22.4 /
INFO: [ app_begin ] --START--
INFO: ReadHtmlCache Behavior ::run [ RunTime:0.000178s ]
INFO: [ app_begin ] --END-- [ RunTime:0.000285s ]
SQL: SHOW COLUMNS FROM `star_school` [ RunTime:0.000827s ]
SQL: SELECT * FROM `star_school` ORDER BY convert(school using gb2312) ASC  [ RunTime:0.000226s ]
INFO: [ view_parse ] --START--
INFO: ParseTemplate Behavior ::run [ RunTime:0.004513s ]
INFO: [ view_parse ] --END-- [ RunTime:0.004622s ]
INFO: [ view_filter ] --START--
INFO: ContentReplace Behavior ::run [ RunTime:0.000187s ]
INFO: TokenBuild Behavior ::run [ RunTime:0.000138s ]
INFO: WriteHtmlCache Behavior ::run [ RunTime:0.000090s ]
INFO: ShowRuntime Behavior ::run [ RunTime:0.000173s ]
INFO: [ view_filter ] --END-- [ RunTime:0.000800s ]
INFO: [ view_end ] --START--
INFO: ShowPageTrace Behavior ::run [ RunTime:0.000147s ]
INFO: [ view_end ] --END-- [ RunTime:0.000220s ]

[ 2015-03-16T12:08:24+08:00 ] 113.54.189.246 /Index/Index/match
INFO: [ route_check ] --START--
INFO: CheckRoute Behavior ::run [ RunTime:0.005816s ]
INFO: [ route_check ] --END-- [ RunTime:0.005928s ]
INFO: [ app_begin ] --START--
INFO: ReadHtmlCache Behavior ::run [ RunTime:0.000220s ]
INFO: [ app_begin ] --END-- [ RunTime:0.000300s ]
SQL: SHOW COLUMNS FROM `star_school` [ RunTime:0.000848s ]
SQL: SELECT * FROM `star_school` WHERE ( `school` = '北京大学' ) LIMIT 1   [ RunTime:0.000415s ]
SQL: SHOW COLUMNS FROM `star_joiner` [ RunTime:0.018350s ]
SQL: SELECT * FROM `star_joiner` WHERE ( `school_id` = 1 )  [ RunTime:0.000761s ]

[ 2015-03-16T12:08:53+08:00 ] 113.54.189.246 /Index/Index/match
INFO: [ route_check ] --START--
INFO: CheckRoute Behavior ::run [ RunTime:0.000150s ]
INFO: [ route_check ] --END-- [ RunTime:0.000250s ]
INFO: [ app_begin ] --START--
INFO: ReadHtmlCache Behavior ::run [ RunTime:0.000139s ]
INFO: [ app_begin ] --END-- [ RunTime:0.000214s ]
SQL: SHOW COLUMNS FROM `star_school` [ RunTime:0.000778s ]
SQL: SELECT * FROM `star_school` WHERE ( `school` = '北京大学' ) LIMIT 1   [ RunTime:0.000186s ]
SQL: SHOW COLUMNS FROM `star_joiner` [ RunTime:0.000873s ]
SQL: SELECT * FROM `star_joiner` WHERE ( `school_id` = 1 )  [ RunTime:0.000190s ]

[ 2015-03-16T12:09:28+08:00 ] 222.197.176.164 /Index/Index/match
INFO: [ route_check ] --START--
INFO: CheckRoute Behavior ::run [ RunTime:0.000181s ]
INFO: [ route_check ] --END-- [ RunTime:0.000295s ]
INFO: [ app_begin ] --START--
INFO: ReadHtmlCache Behavior ::run [ RunTime:0.000160s ]
INFO: [ app_begin ] --END-- [ RunTime:0.000241s ]
SQL: SHOW COLUMNS FROM `star_school` [ RunTime:0.005537s ]
SQL: SELECT * FROM `star_school` WHERE ( `school` = '北京科技大学' ) LIMIT 1   [ RunTime:0.000415s ]
SQL: SHOW COLUMNS FROM `star_joiner` [ RunTime:0.000881s ]
SQL: SELECT * FROM `star_joiner` WHERE ( `school_id` = 5 )  [ RunTime:0.000430s ]

[ 2015-03-16T12:09:33+08:00 ] 222.197.176.164 /Index/Index/match
INFO: [ route_check ] --START--
INFO: CheckRoute Behavior ::run [ RunTime:0.000179s ]
INFO: [ route_check ] --END-- [ RunTime:0.000292s ]
INFO: [ app_begin ] --START--
INFO: ReadHtmlCache Behavior ::run [ RunTime:0.000161s ]
INFO: [ app_begin ] --END-- [ RunTime:0.000239s ]
SQL: SHOW COLUMNS FROM `star_school` [ RunTime:0.008219s ]
SQL: SELECT * FROM `star_school` WHERE ( `school` = '北京理工大学' ) LIMIT 1   [ RunTime:0.000396s ]
SQL: SHOW COLUMNS FROM `star_joiner` [ RunTime:0.000876s ]
SQL: SELECT * FROM `star_joiner` WHERE ( `school_id` = 6 )  [ RunTime:0.000423s ]

[ 2015-03-16T12:09:36+08:00 ] 222.197.176.164 /Index/Index/match
INFO: [ route_check ] --START--
INFO: CheckRoute Behavior ::run [ RunTime:0.000180s ]
INFO: [ route_check ] --END-- [ RunTime:0.000296s ]
INFO: [ app_begin ] --START--
INFO: ReadHtmlCache Behavior ::run [ RunTime:0.000162s ]
INFO: [ app_begin ] --END-- [ RunTime:0.000243s ]
SQL: SHOW COLUMNS FROM `star_school` [ RunTime:0.000850s ]
SQL: SELECT * FROM `star_school` WHERE ( `school` = '北京理工大学' ) LIMIT 1   [ RunTime:0.000165s ]
SQL: SHOW COLUMNS FROM `star_joiner` [ RunTime:0.000905s ]
SQL: SELECT * FROM `star_joiner` WHERE ( `school_id` = 6 )  [ RunTime:0.000191s ]

[ 2015-03-16T12:09:40+08:00 ] 222.197.176.164 /Index/Index/match
INFO: [ route_check ] --START--
INFO: CheckRoute Behavior ::run [ RunTime:0.000184s ]
INFO: [ route_check ] --END-- [ RunTime:0.000303s ]
INFO: [ app_begin ] --START--
INFO: ReadHtmlCache Behavior ::run [ RunTime:0.000165s ]
INFO: [ app_begin ] --END-- [ RunTime:0.000244s ]
SQL: SHOW COLUMNS FROM `star_school` [ RunTime:0.000825s ]
SQL: SELECT * FROM `star_school` WHERE ( `school` = '长安大学' ) LIMIT 1   [ RunTime:0.000412s ]
SQL: SHOW COLUMNS FROM `star_joiner` [ RunTime:0.000869s ]
SQL: SELECT * FROM `star_joiner` WHERE ( `school_id` = 71 )  [ RunTime:0.000467s ]

[ 2015-03-16T12:09:43+08:00 ] 222.197.176.164 /Index/Index/match
INFO: [ route_check ] --START--
INFO: CheckRoute Behavior ::run [ RunTime:0.000145s ]
INFO: [ route_check ] --END-- [ RunTime:0.000241s ]
INFO: [ app_begin ] --START--
INFO: ReadHtmlCache Behavior ::run [ RunTime:0.000138s ]
INFO: [ app_begin ] --END-- [ RunTime:0.000212s ]
SQL: SHOW COLUMNS FROM `star_school` [ RunTime:0.000777s ]
SQL: SELECT * FROM `star_school` WHERE ( `school` = '福建师范大学' ) LIMIT 1   [ RunTime:0.000333s ]
SQL: SHOW COLUMNS FROM `star_joiner` [ RunTime:0.000866s ]
SQL: SELECT * FROM `star_joiner` WHERE ( `school_id` = 22 )  [ RunTime:0.000429s ]

[ 2015-03-16T12:09:46+08:00 ] 222.197.176.164 /Index/Index/match
INFO: [ route_check ] --START--
INFO: CheckRoute Behavior ::run [ RunTime:0.000173s ]
INFO: [ route_check ] --END-- [ RunTime:0.000286s ]
INFO: [ app_begin ] --START--
INFO: ReadHtmlCache Behavior ::run [ RunTime:0.000160s ]
INFO: [ app_begin ] --END-- [ RunTime:0.000241s ]
SQL: SHOW COLUMNS FROM `star_school` [ RunTime:0.000807s ]
SQL: SELECT * FROM `star_school` WHERE ( `school` = '杭州电子科技大学' ) LIMIT 1   [ RunTime:0.000384s ]
SQL: SHOW COLUMNS FROM `star_joiner` [ RunTime:0.000885s ]
SQL: SELECT * FROM `star_joiner` WHERE ( `school_id` = 28 )  [ RunTime:0.000447s ]

[ 2015-03-16T12:11:29+08:00 ] 222.197.176.164 /Index/Index/match
INFO: [ route_check ] --START--
INFO: CheckRoute Behavior ::run [ RunTime:0.000172s ]
INFO: [ route_check ] --END-- [ RunTime:0.000286s ]
INFO: [ app_begin ] --START--
INFO: ReadHtmlCache Behavior ::run [ RunTime:0.000153s ]
INFO: [ app_begin ] --END-- [ RunTime:0.000240s ]
SQL: SHOW COLUMNS FROM `star_school` [ RunTime:0.000816s ]
SQL: SELECT * FROM `star_school` WHERE ( `school` = '北京大学' ) LIMIT 1   [ RunTime:0.000191s ]
SQL: SHOW COLUMNS FROM `star_joiner` [ RunTime:0.000901s ]
SQL: SELECT * FROM `star_joiner` WHERE ( `school_id` = 1 )  [ RunTime:0.000196s ]

[ 2015-03-16T12:19:28+08:00 ] 101.226.66.175 /
INFO: [ app_begin ] --START--
INFO: ReadHtmlCache Behavior ::run [ RunTime:0.000151s ]
INFO: [ app_begin ] --END-- [ RunTime:0.000246s ]
SQL: SHOW COLUMNS FROM `star_school` [ RunTime:0.000753s ]
SQL: SELECT * FROM `star_school` ORDER BY convert(school using gb2312) ASC  [ RunTime:0.000175s ]
INFO: [ view_parse ] --START--
INFO: ParseTemplate Behavior ::run [ RunTime:0.004793s ]
INFO: [ view_parse ] --END-- [ RunTime:0.004886s ]
INFO: [ view_filter ] --START--
INFO: ContentReplace Behavior ::run [ RunTime:0.000242s ]
INFO: TokenBuild Behavior ::run [ RunTime:0.000185s ]
INFO: WriteHtmlCache Behavior ::run [ RunTime:0.000132s ]
INFO: ShowRuntime Behavior ::run [ RunTime:0.000212s ]
INFO: [ view_filter ] --END-- [ RunTime:0.000980s ]
INFO: [ view_end ] --START--
INFO: ShowPageTrace Behavior ::run [ RunTime:0.000196s ]
INFO: [ view_end ] --END-- [ RunTime:0.000266s ]

[ 2015-03-16T12:19:28+08:00 ] 125.71.229.6 /
INFO: [ app_begin ] --START--
INFO: ReadHtmlCache Behavior ::run [ RunTime:0.000170s ]
INFO: [ app_begin ] --END-- [ RunTime:0.000265s ]
SQL: SHOW COLUMNS FROM `star_school` [ RunTime:0.000702s ]
SQL: SELECT * FROM `star_school` ORDER BY convert(school using gb2312) ASC  [ RunTime:0.000195s ]
INFO: [ view_parse ] --START--
INFO: ParseTemplate Behavior ::run [ RunTime:0.004206s ]
INFO: [ view_parse ] --END-- [ RunTime:0.004299s ]
INFO: [ view_filter ] --START--
INFO: ContentReplace Behavior ::run [ RunTime:0.000170s ]
INFO: TokenBuild Behavior ::run [ RunTime:0.000131s ]
INFO: WriteHtmlCache Behavior ::run [ RunTime:0.000085s ]
INFO: ShowRuntime Behavior ::run [ RunTime:0.000155s ]
INFO: [ view_filter ] --END-- [ RunTime:0.000739s ]
INFO: [ view_end ] --START--
INFO: ShowPageTrace Behavior ::run [ RunTime:0.000130s ]
INFO: [ view_end ] --END-- [ RunTime:0.000197s ]

[ 2015-03-16T12:19:28+08:00 ] 124.161.23.11 /
INFO: [ app_begin ] --START--
INFO: ReadHtmlCache Behavior ::run [ RunTime:0.000164s ]
INFO: [ app_begin ] --END-- [ RunTime:0.000268s ]
SQL: SHOW COLUMNS FROM `star_school` [ RunTime:0.000699s ]
SQL: SELECT * FROM `star_school` ORDER BY convert(school using gb2312) ASC  [ RunTime:0.000228s ]
INFO: [ view_parse ] --START--
INFO: ParseTemplate Behavior ::run [ RunTime:0.004455s ]
INFO: [ view_parse ] --END-- [ RunTime:0.004563s ]
INFO: [ view_filter ] --START--
INFO: ContentReplace Behavior ::run [ RunTime:0.000184s ]
INFO: TokenBuild Behavior ::run [ RunTime:0.000138s ]
INFO: WriteHtmlCache Behavior ::run [ RunTime:0.000091s ]
INFO: ShowRuntime Behavior ::run [ RunTime:0.000174s ]
INFO: [ view_filter ] --END-- [ RunTime:0.000794s ]
INFO: [ view_end ] --START--
INFO: ShowPageTrace Behavior ::run [ RunTime:0.000144s ]
INFO: [ view_end ] --END-- [ RunTime:0.000217s ]

[ 2015-03-16T12:19:28+08:00 ] 182.131.12.11 /
INFO: [ app_begin ] --START--
INFO: ReadHtmlCache Behavior ::run [ RunTime:0.000150s ]
INFO: [ app_begin ] --END-- [ RunTime:0.000245s ]
SQL: SHOW COLUMNS FROM `star_school` [ RunTime:0.000743s ]
SQL: SELECT * FROM `star_school` ORDER BY convert(school using gb2312) ASC  [ RunTime:0.000212s ]
INFO: [ view_parse ] --START--
INFO: ParseTemplate Behavior ::run [ RunTime:0.004077s ]
INFO: [ view_parse ] --END-- [ RunTime:0.004168s ]
INFO: [ view_filter ] --START--
INFO: ContentReplace Behavior ::run [ RunTime:0.000169s ]
INFO: TokenBuild Behavior ::run [ RunTime:0.000130s ]
INFO: WriteHtmlCache Behavior ::run [ RunTime:0.000085s ]
INFO: ShowRuntime Behavior ::run [ RunTime:0.000155s ]
INFO: [ view_filter ] --END-- [ RunTime:0.000739s ]
INFO: [ view_end ] --START--
INFO: ShowPageTrace Behavior ::run [ RunTime:0.000130s ]
INFO: [ view_end ] --END-- [ RunTime:0.000198s ]

[ 2015-03-16T12:19:35+08:00 ] 125.71.229.6 /Index/Index/match
INFO: [ route_check ] --START--
INFO: CheckRoute Behavior ::run [ RunTime:0.000174s ]
INFO: [ route_check ] --END-- [ RunTime:0.000300s ]
INFO: [ app_begin ] --START--
INFO: ReadHtmlCache Behavior ::run [ RunTime:0.000162s ]
INFO: [ app_begin ] --END-- [ RunTime:0.000240s ]
SQL: SHOW COLUMNS FROM `star_school` [ RunTime:0.000727s ]
SQL: SELECT * FROM `star_school` WHERE ( `school` = '北京大学' ) LIMIT 1   [ RunTime:0.000150s ]
SQL: SHOW COLUMNS FROM `star_joiner` [ RunTime:0.000887s ]
SQL: SELECT * FROM `star_joiner` WHERE ( `school_id` = 1 )  [ RunTime:0.000147s ]

[ 2015-03-16T12:19:35+08:00 ] 117.175.88.50 /
INFO: [ app_begin ] --START--
INFO: ReadHtmlCache Behavior ::run [ RunTime:0.000153s ]
INFO: [ app_begin ] --END-- [ RunTime:0.000255s ]
SQL: SHOW COLUMNS FROM `star_school` [ RunTime:0.000777s ]
SQL: SELECT * FROM `star_school` ORDER BY convert(school using gb2312) ASC  [ RunTime:0.000147s ]
INFO: [ view_parse ] --START--
INFO: ParseTemplate Behavior ::run [ RunTime:0.004169s ]
INFO: [ view_parse ] --END-- [ RunTime:0.004262s ]
INFO: [ view_filter ] --START--
INFO: ContentReplace Behavior ::run [ RunTime:0.000171s ]
INFO: TokenBuild Behavior ::run [ RunTime:0.000129s ]
INFO: WriteHtmlCache Behavior ::run [ RunTime:0.000085s ]
INFO: ShowRuntime Behavior ::run [ RunTime:0.000155s ]
INFO: [ view_filter ] --END-- [ RunTime:0.000738s ]
INFO: [ view_end ] --START--
INFO: ShowPageTrace Behavior ::run [ RunTime:0.000131s ]
INFO: [ view_end ] --END-- [ RunTime:0.000200s ]

[ 2015-03-16T12:19:38+08:00 ] 125.71.229.6 /Index/Index/name
INFO: [ route_check ] --START--
INFO: CheckRoute Behavior ::run [ RunTime:0.000156s ]
INFO: [ route_check ] --END-- [ RunTime:0.000279s ]
INFO: [ app_begin ] --START--
INFO: ReadHtmlCache Behavior ::run [ RunTime:0.000141s ]
INFO: [ app_begin ] --END-- [ RunTime:0.000215s ]
SQL: SHOW COLUMNS FROM `star_joiner` [ RunTime:0.000932s ]
SQL: SELECT * FROM `star_joiner` WHERE ( `joiner` = '张庆东' ) AND ( `school_id` = 1 )  [ RunTime:0.000472s ]

[ 2015-03-16T12:19:40+08:00 ] 125.71.229.6 /Index/Index/other.html
INFO: [ route_check ] --START--
INFO: CheckRoute Behavior ::run [ RunTime:0.000166s ]
INFO: [ route_check ] --END-- [ RunTime:0.000272s ]
INFO: [ app_begin ] --START--
INFO: ReadHtmlCache Behavior ::run [ RunTime:0.000155s ]
INFO: [ app_begin ] --END-- [ RunTime:0.000238s ]
SQL: SHOW COLUMNS FROM `star_school` [ RunTime:0.000785s ]
SQL: SELECT * FROM `star_school` WHERE ( `school` = '北京大学' ) LIMIT 1   [ RunTime:0.000188s ]
SQL: SHOW COLUMNS FROM `star_joiner` [ RunTime:0.000872s ]
SQL: UPDATE `star_joiner` SET `time`=time+1 WHERE ( `joiner` = '张庆东' ) AND ( `school_id` = 1 ) [ RunTime:0.000747s ]
SQL: SELECT * FROM `star_joiner` WHERE ( `joiner` = '张庆东' ) AND ( `school_id` = 1 ) LIMIT 1   [ RunTime:0.000389s ]
INFO: [ view_parse ] --START--
INFO: ParseTemplate Behavior ::run [ RunTime:0.008557s ]
INFO: [ view_parse ] --END-- [ RunTime:0.008670s ]
INFO: [ view_filter ] --START--
INFO: ContentReplace Behavior ::run [ RunTime:0.000179s ]
INFO: TokenBuild Behavior ::run [ RunTime:0.000143s ]
INFO: WriteHtmlCache Behavior ::run [ RunTime:0.000096s ]
INFO: ShowRuntime Behavior ::run [ RunTime:0.000170s ]
INFO: [ view_filter ] --END-- [ RunTime:0.000794s ]
INFO: [ view_end ] --START--
INFO: ShowPageTrace Behavior ::run [ RunTime:0.000144s ]
INFO: [ view_end ] --END-- [ RunTime:0.000217s ]

[ 2015-03-16T12:25:20+08:00 ] 222.197.176.164 /Index/Index/match
INFO: [ route_check ] --START--
INFO: CheckRoute Behavior ::run [ RunTime:0.000175s ]
INFO: [ route_check ] --END-- [ RunTime:0.000295s ]
INFO: [ app_begin ] --START--
INFO: ReadHtmlCache Behavior ::run [ RunTime:0.000153s ]
INFO: [ app_begin ] --END-- [ RunTime:0.000239s ]
SQL: SHOW COLUMNS FROM `star_school` [ RunTime:0.007617s ]
SQL: SELECT * FROM `star_school` WHERE ( `school` = '北京大学' ) LIMIT 1   [ RunTime:0.000186s ]
SQL: SHOW COLUMNS FROM `star_joiner` [ RunTime:0.000856s ]
SQL: SELECT * FROM `star_joiner` WHERE ( `school_id` = 1 )  [ RunTime:0.000462s ]

[ 2015-03-16T12:38:49+08:00 ] 222.197.176.164 /Index/Index/match
INFO: [ route_check ] --START--
INFO: CheckRoute Behavior ::run [ RunTime:0.000179s ]
INFO: [ route_check ] --END-- [ RunTime:0.000284s ]
INFO: [ app_begin ] --START--
INFO: ReadHtmlCache Behavior ::run [ RunTime:0.000155s ]
INFO: [ app_begin ] --END-- [ RunTime:0.000239s ]
SQL: SHOW COLUMNS FROM `star_school` [ RunTime:0.000773s ]
SQL: SELECT * FROM `star_school` WHERE ( `school` = '北京大学' ) LIMIT 1   [ RunTime:0.000186s ]
SQL: SHOW COLUMNS FROM `star_joiner` [ RunTime:0.000898s ]
SQL: SELECT * FROM `star_joiner` WHERE ( `school_id` = 1 )  [ RunTime:0.000174s ]

[ 2015-03-16T20:25:27+08:00 ] 202.115.22.5 /Admin
INFO: [ route_check ] --START--
INFO: CheckRoute Behavior ::run [ RunTime:0.000158s ]
INFO: [ route_check ] --END-- [ RunTime:0.000260s ]
INFO: [ app_begin ] --START--
INFO: ReadHtmlCache Behavior ::run [ RunTime:0.000144s ]
INFO: [ app_begin ] --END-- [ RunTime:0.000222s ]

[ 2015-03-16T20:25:27+08:00 ] 202.115.22.5 /Admin/Login/index.html
INFO: [ route_check ] --START--
INFO: CheckRoute Behavior ::run [ RunTime:0.000179s ]
INFO: [ route_check ] --END-- [ RunTime:0.000302s ]
INFO: [ app_begin ] --START--
INFO: ReadHtmlCache Behavior ::run [ RunTime:0.000155s ]
INFO: [ app_begin ] --END-- [ RunTime:0.000243s ]
INFO: [ view_parse ] --START--
INFO: ParseTemplate Behavior ::run [ RunTime:0.003433s ]
INFO: [ view_parse ] --END-- [ RunTime:0.003530s ]
INFO: [ view_filter ] --START--
INFO: ContentReplace Behavior ::run [ RunTime:0.000182s ]
INFO: TokenBuild Behavior ::run [ RunTime:0.000145s ]
INFO: WriteHtmlCache Behavior ::run [ RunTime:0.000092s ]
INFO: ShowRuntime Behavior ::run [ RunTime:0.000158s ]
INFO: [ view_filter ] --END-- [ RunTime:0.000791s ]
INFO: [ view_end ] --START--
INFO: ShowPageTrace Behavior ::run [ RunTime:0.000148s ]
INFO: [ view_end ] --END-- [ RunTime:0.000224s ]

[ 2015-03-16T20:25:27+08:00 ] 202.115.22.5 /Admin/Login/verify.html
INFO: [ route_check ] --START--
INFO: CheckRoute Behavior ::run [ RunTime:0.000147s ]
INFO: [ route_check ] --END-- [ RunTime:0.000243s ]
INFO: [ app_begin ] --START--
INFO: ReadHtmlCache Behavior ::run [ RunTime:0.000139s ]
INFO: [ app_begin ] --END-- [ RunTime:0.000217s ]

[ 2015-03-16T20:25:48+08:00 ] 202.115.22.5 /Admin/Login/login.html
INFO: [ route_check ] --START--
INFO: CheckRoute Behavior ::run [ RunTime:0.000158s ]
INFO: [ route_check ] --END-- [ RunTime:0.000261s ]
INFO: [ app_begin ] --START--
INFO: ReadHtmlCache Behavior ::run [ RunTime:0.000144s ]
INFO: [ app_begin ] --END-- [ RunTime:0.000222s ]
SQL: SHOW COLUMNS FROM `star_user` [ RunTime:0.010555s ]
SQL: SELECT * FROM `star_user` WHERE ( `username` = 'admin' ) LIMIT 1   [ RunTime:0.000765s ]
SQL: UPDATE `star_user` SET `login_time`=1426508748,`login_ip`='202.115.22.5' WHERE ( `id` = 1 ) [ RunTime:0.000408s ]

[ 2015-03-16T20:25:48+08:00 ] 202.115.22.5 /Admin/Index/index.html
INFO: [ route_check ] --START--
INFO: CheckRoute Behavior ::run [ RunTime:0.000168s ]
INFO: [ route_check ] --END-- [ RunTime:0.000274s ]
INFO: [ app_begin ] --START--
INFO: ReadHtmlCache Behavior ::run [ RunTime:0.000153s ]
INFO: [ app_begin ] --END-- [ RunTime:0.000239s ]
INFO: [ view_parse ] --START--
INFO: ParseTemplate Behavior ::run [ RunTime:0.004732s ]
INFO: [ view_parse ] --END-- [ RunTime:0.004830s ]
INFO: [ view_filter ] --START--
INFO: ContentReplace Behavior ::run [ RunTime:0.000177s ]
INFO: TokenBuild Behavior ::run [ RunTime:0.000147s ]
INFO: WriteHtmlCache Behavior ::run [ RunTime:0.000091s ]
INFO: ShowRuntime Behavior ::run [ RunTime:0.000166s ]
INFO: [ view_filter ] --END-- [ RunTime:0.000788s ]
INFO: [ view_end ] --START--
INFO: ShowPageTrace Behavior ::run [ RunTime:0.000147s ]
INFO: [ view_end ] --END-- [ RunTime:0.000222s ]

[ 2015-03-16T20:25:51+08:00 ] 202.115.22.5 /Admin/School/manage.html
INFO: [ route_check ] --START--
INFO: CheckRoute Behavior ::run [ RunTime:0.000148s ]
INFO: [ route_check ] --END-- [ RunTime:0.000250s ]
INFO: [ app_begin ] --START--
INFO: ReadHtmlCache Behavior ::run [ RunTime:0.000143s ]
INFO: [ app_begin ] --END-- [ RunTime:0.000220s ]
SQL: SHOW COLUMNS FROM `star_joiner` [ RunTime:0.001007s ]
SQL: SELECT COUNT(*) AS tp_count FROM `star_joiner` LIMIT 1   [ RunTime:0.000360s ]
SQL: SELECT * FROM `star_joiner` ORDER BY school_id LIMIT 0,10   [ RunTime:0.000549s ]
SQL: SHOW COLUMNS FROM `star_school` [ RunTime:0.000753s ]
SQL: SELECT * FROM `star_school` WHERE ( `id` = 1 ) LIMIT 1   [ RunTime:0.000320s ]
SQL: SELECT * FROM `star_school` WHERE ( `id` = 1 ) LIMIT 1   [ RunTime:0.000192s ]
SQL: SELECT * FROM `star_school` WHERE ( `id` = 2 ) LIMIT 1   [ RunTime:0.000293s ]
SQL: SELECT * FROM `star_school` WHERE ( `id` = 3 ) LIMIT 1   [ RunTime:0.000324s ]
SQL: SELECT * FROM `star_school` WHERE ( `id` = 3 ) LIMIT 1   [ RunTime:0.000150s ]
SQL: SELECT * FROM `star_school` WHERE ( `id` = 4 ) LIMIT 1   [ RunTime:0.000328s ]
SQL: SELECT * FROM `star_school` WHERE ( `id` = 4 ) LIMIT 1   [ RunTime:0.000145s ]
SQL: SELECT * FROM `star_school` WHERE ( `id` = 5 ) LIMIT 1   [ RunTime:0.000297s ]
SQL: SELECT * FROM `star_school` WHERE ( `id` = 5 ) LIMIT 1   [ RunTime:0.000144s ]
SQL: SELECT * FROM `star_school` WHERE ( `id` = 5 ) LIMIT 1   [ RunTime:0.000104s ]
INFO: [ view_parse ] --START--
INFO: ParseTemplate Behavior ::run [ RunTime:0.005232s ]
INFO: [ view_parse ] --END-- [ RunTime:0.005316s ]
INFO: [ view_filter ] --START--
INFO: ContentReplace Behavior ::run [ RunTime:0.000170s ]
INFO: TokenBuild Behavior ::run [ RunTime:0.000141s ]
INFO: WriteHtmlCache Behavior ::run [ RunTime:0.000109s ]
INFO: ShowRuntime Behavior ::run [ RunTime:0.000154s ]
INFO: [ view_filter ] --END-- [ RunTime:0.000776s ]
INFO: [ view_end ] --START--
INFO: ShowPageTrace Behavior ::run [ RunTime:0.000134s ]
INFO: [ view_end ] --END-- [ RunTime:0.000204s ]

[ 2015-03-16T20:25:54+08:00 ] 202.115.22.5 /Admin/School/manage/p/15.html
INFO: [ route_check ] --START--
INFO: CheckRoute Behavior ::run [ RunTime:0.000149s ]
INFO: [ route_check ] --END-- [ RunTime:0.000247s ]
INFO: [ app_begin ] --START--
INFO: ReadHtmlCache Behavior ::run [ RunTime:0.000143s ]
INFO: [ app_begin ] --END-- [ RunTime:0.000221s ]
SQL: SHOW COLUMNS FROM `star_joiner` [ RunTime:0.000972s ]
SQL: SELECT COUNT(*) AS tp_count FROM `star_joiner` LIMIT 1   [ RunTime:0.000193s ]
SQL: SELECT * FROM `star_joiner` ORDER BY school_id LIMIT 140,10   [ RunTime:0.000497s ]
SQL: SHOW COLUMNS FROM `star_school` [ RunTime:0.000749s ]
SQL: SELECT * FROM `star_school` WHERE ( `id` = 96 ) LIMIT 1   [ RunTime:0.000377s ]
SQL: SELECT * FROM `star_school` WHERE ( `id` = 97 ) LIMIT 1   [ RunTime:0.000374s ]
SQL: SELECT * FROM `star_school` WHERE ( `id` = 98 ) LIMIT 1   [ RunTime:0.000359s ]
SQL: SELECT * FROM `star_school` WHERE ( `id` = 99 ) LIMIT 1   [ RunTime:0.000361s ]
SQL: SELECT * FROM `star_school` WHERE ( `id` = 100 ) LIMIT 1   [ RunTime:0.000337s ]
SQL: SELECT * FROM `star_school` WHERE ( `id` = 101 ) LIMIT 1   [ RunTime:0.000378s ]
INFO: [ view_parse ] --START--
INFO: ParseTemplate Behavior ::run [ RunTime:0.004880s ]
INFO: [ view_parse ] --END-- [ RunTime:0.004965s ]
INFO: [ view_filter ] --START--
INFO: ContentReplace Behavior ::run [ RunTime:0.000166s ]
INFO: TokenBuild Behavior ::run [ RunTime:0.000138s ]
INFO: WriteHtmlCache Behavior ::run [ RunTime:0.000088s ]
INFO: ShowRuntime Behavior ::run [ RunTime:0.000149s ]
INFO: [ view_filter ] --END-- [ RunTime:0.000739s ]
INFO: [ view_end ] --START--
INFO: ShowPageTrace Behavior ::run [ RunTime:0.000133s ]
INFO: [ view_end ] --END-- [ RunTime:0.000202s ]

[ 2015-03-16T20:26:35+08:00 ] 202.115.22.5 /Admin/User/manage.html
INFO: [ route_check ] --START--
INFO: CheckRoute Behavior ::run [ RunTime:0.000153s ]
INFO: [ route_check ] --END-- [ RunTime:0.000256s ]
INFO: [ app_begin ] --START--
INFO: ReadHtmlCache Behavior ::run [ RunTime:0.000145s ]
INFO: [ app_begin ] --END-- [ RunTime:0.000223s ]
SQL: SHOW COLUMNS FROM `star_user` [ RunTime:0.000999s ]
SQL: SELECT * FROM `star_user` WHERE ( `id` = 1 )  [ RunTime:0.000274s ]
SQL: SELECT COUNT(*) AS tp_count FROM `star_user` LIMIT 1   [ RunTime:0.000318s ]
SQL: SELECT * FROM `star_user` ORDER BY id DESC LIMIT 0,5   [ RunTime:0.000324s ]
INFO: [ view_parse ] --START--
INFO: ParseTemplate Behavior ::run [ RunTime:0.003859s ]
INFO: [ view_parse ] --END-- [ RunTime:0.003943s ]
INFO: [ view_filter ] --START--
INFO: ContentReplace Behavior ::run [ RunTime:0.000157s ]
INFO: TokenBuild Behavior ::run [ RunTime:0.000136s ]
INFO: WriteHtmlCache Behavior ::run [ RunTime:0.000085s ]
INFO: ShowRuntime Behavior ::run [ RunTime:0.000145s ]
INFO: [ view_filter ] --END-- [ RunTime:0.000720s ]
INFO: [ view_end ] --START--
INFO: ShowPageTrace Behavior ::run [ RunTime:0.000132s ]
INFO: [ view_end ] --END-- [ RunTime:0.000202s ]

[ 2015-03-16T20:26:37+08:00 ] 202.115.22.5 /Admin/User/change.html
INFO: [ route_check ] --START--
INFO: CheckRoute Behavior ::run [ RunTime:0.000174s ]
INFO: [ route_check ] --END-- [ RunTime:0.000284s ]
INFO: [ app_begin ] --START--
INFO: ReadHtmlCache Behavior ::run [ RunTime:0.000152s ]
INFO: [ app_begin ] --END-- [ RunTime:0.000240s ]
INFO: [ view_parse ] --START--
INFO: ParseTemplate Behavior ::run [ RunTime:0.002761s ]
INFO: [ view_parse ] --END-- [ RunTime:0.002858s ]
INFO: [ view_filter ] --START--
INFO: ContentReplace Behavior ::run [ RunTime:0.000176s ]
INFO: TokenBuild Behavior ::run [ RunTime:0.000140s ]
INFO: WriteHtmlCache Behavior ::run [ RunTime:0.000090s ]
INFO: ShowRuntime Behavior ::run [ RunTime:0.000160s ]
INFO: [ view_filter ] --END-- [ RunTime:0.000782s ]
INFO: [ view_end ] --START--
INFO: ShowPageTrace Behavior ::run [ RunTime:0.000169s ]
INFO: [ view_end ] --END-- [ RunTime:0.000246s ]

[ 2015-03-16T20:26:38+08:00 ] 202.115.22.5 /Admin/User/index.html
INFO: [ route_check ] --START--
INFO: CheckRoute Behavior ::run [ RunTime:0.000144s ]
INFO: [ route_check ] --END-- [ RunTime:0.000240s ]
INFO: [ app_begin ] --START--
INFO: ReadHtmlCache Behavior ::run [ RunTime:0.000141s ]
INFO: [ app_begin ] --END-- [ RunTime:0.000218s ]
SQL: SHOW COLUMNS FROM `star_user` [ RunTime:0.000932s ]
SQL: SELECT * FROM `star_user` WHERE ( `id` = 1 )  [ RunTime:0.000193s ]
INFO: [ view_parse ] --START--
INFO: ParseTemplate Behavior ::run [ RunTime:0.002685s ]
INFO: [ view_parse ] --END-- [ RunTime:0.002771s ]
INFO: [ view_filter ] --START--
INFO: ContentReplace Behavior ::run [ RunTime:0.000164s ]
INFO: TokenBuild Behavior ::run [ RunTime:0.000137s ]
INFO: WriteHtmlCache Behavior ::run [ RunTime:0.000086s ]
INFO: ShowRuntime Behavior ::run [ RunTime:0.000144s ]
INFO: [ view_filter ] --END-- [ RunTime:0.000730s ]
INFO: [ view_end ] --START--
INFO: ShowPageTrace Behavior ::run [ RunTime:0.000133s ]
INFO: [ view_end ] --END-- [ RunTime:0.000202s ]

[ 2015-03-16T20:26:39+08:00 ] 202.115.22.5 /Admin/School/undone.html
INFO: [ route_check ] --START--
INFO: CheckRoute Behavior ::run [ RunTime:0.000146s ]
INFO: [ route_check ] --END-- [ RunTime:0.000242s ]
INFO: [ app_begin ] --START--
INFO: ReadHtmlCache Behavior ::run [ RunTime:0.000142s ]
INFO: [ app_begin ] --END-- [ RunTime:0.000219s ]
SQL: SHOW COLUMNS FROM `star_joiner` [ RunTime:0.000925s ]
SQL: SELECT COUNT(*) AS tp_count FROM `star_joiner` WHERE ( `time` = 0 ) LIMIT 1   [ RunTime:0.000463s ]
SQL: SELECT * FROM `star_joiner` WHERE ( `time` = 0 ) ORDER BY school_id LIMIT 0,10   [ RunTime:0.000483s ]
SQL: SHOW COLUMNS FROM `star_school` [ RunTime:0.000770s ]
SQL: SELECT * FROM `star_school` WHERE ( `id` = 1 ) LIMIT 1   [ RunTime:0.000186s ]
SQL: SELECT * FROM `star_school` WHERE ( `id` = 2 ) LIMIT 1   [ RunTime:0.000188s ]
SQL: SELECT * FROM `star_school` WHERE ( `id` = 3 ) LIMIT 1   [ RunTime:0.000185s ]
SQL: SELECT * FROM `star_school` WHERE ( `id` = 3 ) LIMIT 1   [ RunTime:0.000182s ]
SQL: SELECT * FROM `star_school` WHERE ( `id` = 4 ) LIMIT 1   [ RunTime:0.000182s ]
SQL: SELECT * FROM `star_school` WHERE ( `id` = 4 ) LIMIT 1   [ RunTime:0.000189s ]
SQL: SELECT * FROM `star_school` WHERE ( `id` = 5 ) LIMIT 1   [ RunTime:0.000195s ]
SQL: SELECT * FROM `star_school` WHERE ( `id` = 5 ) LIMIT 1   [ RunTime:0.000185s ]
SQL: SELECT * FROM `star_school` WHERE ( `id` = 5 ) LIMIT 1   [ RunTime:0.000184s ]
SQL: SELECT * FROM `star_school` WHERE ( `id` = 7 ) LIMIT 1   [ RunTime:0.000314s ]
INFO: [ view_parse ] --START--
INFO: ParseTemplate Behavior ::run [ RunTime:0.004971s ]
INFO: [ view_parse ] --END-- [ RunTime:0.005056s ]
INFO: [ view_filter ] --START--
INFO: ContentReplace Behavior ::run [ RunTime:0.000164s ]
INFO: TokenBuild Behavior ::run [ RunTime:0.000135s ]
INFO: WriteHtmlCache Behavior ::run [ RunTime:0.000084s ]
INFO: ShowRuntime Behavior ::run [ RunTime:0.000147s ]
INFO: [ view_filter ] --END-- [ RunTime:0.000726s ]
INFO: [ view_end ] --START--
INFO: ShowPageTrace Behavior ::run [ RunTime:0.000128s ]
INFO: [ view_end ] --END-- [ RunTime:0.000198s ]

[ 2015-03-16T20:26:40+08:00 ] 202.115.22.5 /Admin/School/done.html
INFO: [ route_check ] --START--
INFO: CheckRoute Behavior ::run [ RunTime:0.000175s ]
INFO: [ route_check ] --END-- [ RunTime:0.000290s ]
INFO: [ app_begin ] --START--
INFO: ReadHtmlCache Behavior ::run [ RunTime:0.000152s ]
INFO: [ app_begin ] --END-- [ RunTime:0.000238s ]
SQL: SHOW COLUMNS FROM `star_joiner` [ RunTime:0.000947s ]
SQL: SELECT COUNT(*) AS tp_count FROM `star_joiner` WHERE ( time > 0 ) LIMIT 1   [ RunTime:0.000451s ]
SQL: SELECT * FROM `star_joiner` WHERE ( time > 0 ) ORDER BY school_id LIMIT 0,10   [ RunTime:0.000475s ]
SQL: SHOW COLUMNS FROM `star_school` [ RunTime:0.000738s ]
SQL: SELECT * FROM `star_school` WHERE ( `id` = 1 ) LIMIT 1   [ RunTime:0.000201s ]
SQL: SELECT * FROM `star_school` WHERE ( `id` = 53 ) LIMIT 1   [ RunTime:0.000373s ]
INFO: [ view_parse ] --START--
INFO: ParseTemplate Behavior ::run [ RunTime:0.004919s ]
INFO: [ view_parse ] --END-- [ RunTime:0.005019s ]
INFO: [ view_filter ] --START--
INFO: ContentReplace Behavior ::run [ RunTime:0.000166s ]
INFO: TokenBuild Behavior ::run [ RunTime:0.000137s ]
INFO: WriteHtmlCache Behavior ::run [ RunTime:0.000088s ]
INFO: ShowRuntime Behavior ::run [ RunTime:0.000159s ]
INFO: [ view_filter ] --END-- [ RunTime:0.000755s ]
INFO: [ view_end ] --START--
INFO: ShowPageTrace Behavior ::run [ RunTime:0.000144s ]
INFO: [ view_end ] --END-- [ RunTime:0.000218s ]

[ 2015-03-16T20:26:42+08:00 ] 202.115.22.5 /Admin/School/manage.html
INFO: [ route_check ] --START--
INFO: CheckRoute Behavior ::run [ RunTime:0.000149s ]
INFO: [ route_check ] --END-- [ RunTime:0.000248s ]
INFO: [ app_begin ] --START--
INFO: ReadHtmlCache Behavior ::run [ RunTime:0.000143s ]
INFO: [ app_begin ] --END-- [ RunTime:0.000220s ]
SQL: SHOW COLUMNS FROM `star_joiner` [ RunTime:0.000927s ]
SQL: SELECT COUNT(*) AS tp_count FROM `star_joiner` LIMIT 1   [ RunTime:0.000186s ]
SQL: SELECT * FROM `star_joiner` ORDER BY school_id LIMIT 0,10   [ RunTime:0.000200s ]
SQL: SHOW COLUMNS FROM `star_school` [ RunTime:0.000676s ]
SQL: SELECT * FROM `star_school` WHERE ( `id` = 1 ) LIMIT 1   [ RunTime:0.000179s ]
SQL: SELECT * FROM `star_school` WHERE ( `id` = 1 ) LIMIT 1   [ RunTime:0.000184s ]
SQL: SELECT * FROM `star_school` WHERE ( `id` = 2 ) LIMIT 1   [ RunTime:0.000186s ]
SQL: SELECT * FROM `star_school` WHERE ( `id` = 3 ) LIMIT 1   [ RunTime:0.000189s ]
SQL: SELECT * FROM `star_school` WHERE ( `id` = 3 ) LIMIT 1   [ RunTime:0.000186s ]
SQL: SELECT * FROM `star_school` WHERE ( `id` = 4 ) LIMIT 1   [ RunTime:0.000187s ]
SQL: SELECT * FROM `star_school` WHERE ( `id` = 4 ) LIMIT 1   [ RunTime:0.000155s ]
SQL: SELECT * FROM `star_school` WHERE ( `id` = 5 ) LIMIT 1   [ RunTime:0.000145s ]
SQL: SELECT * FROM `star_school` WHERE ( `id` = 5 ) LIMIT 1   [ RunTime:0.000127s ]
SQL: SELECT * FROM `star_school` WHERE ( `id` = 5 ) LIMIT 1   [ RunTime:0.000125s ]
INFO: [ view_parse ] --START--
INFO: ParseTemplate Behavior ::run [ RunTime:0.005046s ]
INFO: [ view_parse ] --END-- [ RunTime:0.005130s ]
INFO: [ view_filter ] --START--
INFO: ContentReplace Behavior ::run [ RunTime:0.000170s ]
INFO: TokenBuild Behavior ::run [ RunTime:0.000141s ]
INFO: WriteHtmlCache Behavior ::run [ RunTime:0.000091s ]
INFO: ShowRuntime Behavior ::run [ RunTime:0.000172s ]
INFO: [ view_filter ] --END-- [ RunTime:0.000775s ]
INFO: [ view_end ] --START--
INFO: ShowPageTrace Behavior ::run [ RunTime:0.000134s ]
INFO: [ view_end ] --END-- [ RunTime:0.000204s ]

[ 2015-03-16T20:27:01+08:00 ] 202.115.22.5 /Admin/School/manage/p/15.html
INFO: [ route_check ] --START--
INFO: CheckRoute Behavior ::run [ RunTime:0.000151s ]
INFO: [ route_check ] --END-- [ RunTime:0.000253s ]
INFO: [ app_begin ] --START--
INFO: ReadHtmlCache Behavior ::run [ RunTime:0.000142s ]
INFO: [ app_begin ] --END-- [ RunTime:0.000220s ]
SQL: SHOW COLUMNS FROM `star_joiner` [ RunTime:0.000941s ]
SQL: SELECT COUNT(*) AS tp_count FROM `star_joiner` LIMIT 1   [ RunTime:0.000189s ]
SQL: SELECT * FROM `star_joiner` ORDER BY school_id LIMIT 140,10   [ RunTime:0.000197s ]
SQL: SHOW COLUMNS FROM `star_school` [ RunTime:0.000738s ]
SQL: SELECT * FROM `star_school` WHERE ( `id` = 96 ) LIMIT 1   [ RunTime:0.000160s ]
SQL: SELECT * FROM `star_school` WHERE ( `id` = 97 ) LIMIT 1   [ RunTime:0.000207s ]
SQL: SELECT * FROM `star_school` WHERE ( `id` = 98 ) LIMIT 1   [ RunTime:0.000127s ]
SQL: SELECT * FROM `star_school` WHERE ( `id` = 99 ) LIMIT 1   [ RunTime:0.000175s ]
SQL: SELECT * FROM `star_school` WHERE ( `id` = 100 ) LIMIT 1   [ RunTime:0.000188s ]
SQL: SELECT * FROM `star_school` WHERE ( `id` = 101 ) LIMIT 1   [ RunTime:0.000163s ]
INFO: [ view_parse ] --START--
INFO: ParseTemplate Behavior ::run [ RunTime:0.004747s ]
INFO: [ view_parse ] --END-- [ RunTime:0.004833s ]
INFO: [ view_filter ] --START--
INFO: ContentReplace Behavior ::run [ RunTime:0.000164s ]
INFO: TokenBuild Behavior ::run [ RunTime:0.000135s ]
INFO: WriteHtmlCache Behavior ::run [ RunTime:0.000084s ]
INFO: ShowRuntime Behavior ::run [ RunTime:0.000147s ]
INFO: [ view_filter ] --END-- [ RunTime:0.000726s ]
INFO: [ view_end ] --START--
INFO: ShowPageTrace Behavior ::run [ RunTime:0.000130s ]
INFO: [ view_end ] --END-- [ RunTime:0.000198s ]

[ 2015-03-16T20:27:06+08:00 ] 202.115.22.5 /Admin/School/manage.html
INFO: [ route_check ] --START--
INFO: CheckRoute Behavior ::run [ RunTime:0.000152s ]
INFO: [ route_check ] --END-- [ RunTime:0.000255s ]
INFO: [ app_begin ] --START--
INFO: ReadHtmlCache Behavior ::run [ RunTime:0.000143s ]
INFO: [ app_begin ] --END-- [ RunTime:0.000221s ]
SQL: SHOW COLUMNS FROM `star_joiner` [ RunTime:0.000980s ]
SQL: SELECT COUNT(*) AS tp_count FROM `star_joiner` LIMIT 1   [ RunTime:0.000214s ]
SQL: SELECT * FROM `star_joiner` ORDER BY school_id LIMIT 0,10   [ RunTime:0.000215s ]
SQL: SHOW COLUMNS FROM `star_school` [ RunTime:0.000780s ]
SQL: SELECT * FROM `star_school` WHERE ( `id` = 1 ) LIMIT 1   [ RunTime:0.000206s ]
SQL: SELECT * FROM `star_school` WHERE ( `id` = 1 ) LIMIT 1   [ RunTime:0.000208s ]
SQL: SELECT * FROM `star_school` WHERE ( `id` = 2 ) LIMIT 1   [ RunTime:0.000191s ]
SQL: SELECT * FROM `star_school` WHERE ( `id` = 3 ) LIMIT 1   [ RunTime:0.000208s ]
SQL: SELECT * FROM `star_school` WHERE ( `id` = 3 ) LIMIT 1   [ RunTime:0.000142s ]
SQL: SELECT * FROM `star_school` WHERE ( `id` = 4 ) LIMIT 1   [ RunTime:0.000164s ]
SQL: SELECT * FROM `star_school` WHERE ( `id` = 4 ) LIMIT 1   [ RunTime:0.000127s ]
SQL: SELECT * FROM `star_school` WHERE ( `id` = 5 ) LIMIT 1   [ RunTime:0.000114s ]
SQL: SELECT * FROM `star_school` WHERE ( `id` = 5 ) LIMIT 1   [ RunTime:0.000136s ]
SQL: SELECT * FROM `star_school` WHERE ( `id` = 5 ) LIMIT 1   [ RunTime:0.000128s ]
INFO: [ view_parse ] --START--
INFO: ParseTemplate Behavior ::run [ RunTime:0.005159s ]
INFO: [ view_parse ] --END-- [ RunTime:0.005254s ]
INFO: [ view_filter ] --START--
INFO: ContentReplace Behavior ::run [ RunTime:0.000172s ]
INFO: TokenBuild Behavior ::run [ RunTime:0.000140s ]
INFO: WriteHtmlCache Behavior ::run [ RunTime:0.000087s ]
INFO: ShowRuntime Behavior ::run [ RunTime:0.000147s ]
INFO: [ view_filter ] --END-- [ RunTime:0.000743s ]
INFO: [ view_end ] --START--
INFO: ShowPageTrace Behavior ::run [ RunTime:0.000130s ]
INFO: [ view_end ] --END-- [ RunTime:0.000201s ]

[ 2015-03-16T20:27:07+08:00 ] 202.115.22.5 /Admin/School/done.html
INFO: [ route_check ] --START--
INFO: CheckRoute Behavior ::run [ RunTime:0.000171s ]
INFO: [ route_check ] --END-- [ RunTime:0.000278s ]
INFO: [ app_begin ] --START--
INFO: ReadHtmlCache Behavior ::run [ RunTime:0.000157s ]
INFO: [ app_begin ] --END-- [ RunTime:0.000245s ]
SQL: SHOW COLUMNS FROM `star_joiner` [ RunTime:0.001017s ]
SQL: SELECT COUNT(*) AS tp_count FROM `star_joiner` WHERE ( time > 0 ) LIMIT 1   [ RunTime:0.000188s ]
SQL: SELECT * FROM `star_joiner` WHERE ( time > 0 ) ORDER BY school_id LIMIT 0,10   [ RunTime:0.000189s ]
SQL: SHOW COLUMNS FROM `star_school` [ RunTime:0.000738s ]
SQL: SELECT * FROM `star_school` WHERE ( `id` = 1 ) LIMIT 1   [ RunTime:0.000129s ]
SQL: SELECT * FROM `star_school` WHERE ( `id` = 53 ) LIMIT 1   [ RunTime:0.000184s ]
INFO: [ view_parse ] --START--
INFO: ParseTemplate Behavior ::run [ RunTime:0.004738s ]
INFO: [ view_parse ] --END-- [ RunTime:0.004838s ]
INFO: [ view_filter ] --START--
INFO: ContentReplace Behavior ::run [ RunTime:0.000171s ]
INFO: TokenBuild Behavior ::run [ RunTime:0.000140s ]
INFO: WriteHtmlCache Behavior ::run [ RunTime:0.000089s ]
INFO: ShowRuntime Behavior ::run [ RunTime:0.000160s ]
INFO: [ view_filter ] --END-- [ RunTime:0.000766s ]
INFO: [ view_end ] --START--
INFO: ShowPageTrace Behavior ::run [ RunTime:0.000144s ]
INFO: [ view_end ] --END-- [ RunTime:0.000217s ]

[ 2015-03-16T20:27:08+08:00 ] 202.115.22.5 /Admin/School/done.html
INFO: [ route_check ] --START--
INFO: CheckRoute Behavior ::run [ RunTime:0.000177s ]
INFO: [ route_check ] --END-- [ RunTime:0.000299s ]
INFO: [ app_begin ] --START--
INFO: ReadHtmlCache Behavior ::run [ RunTime:0.000155s ]
INFO: [ app_begin ] --END-- [ RunTime:0.000244s ]
SQL: SHOW COLUMNS FROM `star_joiner` [ RunTime:0.000851s ]
SQL: SELECT COUNT(*) AS tp_count FROM `star_joiner` WHERE ( time > 0 ) LIMIT 1   [ RunTime:0.000163s ]
SQL: SELECT * FROM `star_joiner` WHERE ( time > 0 ) ORDER BY school_id LIMIT 0,10   [ RunTime:0.000157s ]
SQL: SHOW COLUMNS FROM `star_school` [ RunTime:0.000679s ]
SQL: SELECT * FROM `star_school` WHERE ( `id` = 1 ) LIMIT 1   [ RunTime:0.000155s ]
SQL: SELECT * FROM `star_school` WHERE ( `id` = 53 ) LIMIT 1   [ RunTime:0.000149s ]
INFO: [ view_parse ] --START--
INFO: ParseTemplate Behavior ::run [ RunTime:0.004933s ]
INFO: [ view_parse ] --END-- [ RunTime:0.005085s ]
INFO: [ view_filter ] --START--
INFO: ContentReplace Behavior ::run [ RunTime:0.000176s ]
INFO: TokenBuild Behavior ::run [ RunTime:0.000143s ]
INFO: WriteHtmlCache Behavior ::run [ RunTime:0.000091s ]
INFO: ShowRuntime Behavior ::run [ RunTime:0.000163s ]
INFO: [ view_filter ] --END-- [ RunTime:0.000778s ]
INFO: [ view_end ] --START--
INFO: ShowPageTrace Behavior ::run [ RunTime:0.000146s ]
INFO: [ view_end ] --END-- [ RunTime:0.000219s ]

[ 2015-03-16T20:27:08+08:00 ] 202.115.22.5 /Admin/School/undone.html
INFO: [ route_check ] --START--
INFO: CheckRoute Behavior ::run [ RunTime:0.000150s ]
INFO: [ route_check ] --END-- [ RunTime:0.000253s ]
INFO: [ app_begin ] --START--
INFO: ReadHtmlCache Behavior ::run [ RunTime:0.000142s ]
INFO: [ app_begin ] --END-- [ RunTime:0.000220s ]
SQL: SHOW COLUMNS FROM `star_joiner` [ RunTime:0.000932s ]
SQL: SELECT COUNT(*) AS tp_count FROM `star_joiner` WHERE ( `time` = 0 ) LIMIT 1   [ RunTime:0.000175s ]
SQL: SELECT * FROM `star_joiner` WHERE ( `time` = 0 ) ORDER BY school_id LIMIT 0,10   [ RunTime:0.000196s ]
SQL: SHOW COLUMNS FROM `star_school` [ RunTime:0.000738s ]
SQL: SELECT * FROM `star_school` WHERE ( `id` = 1 ) LIMIT 1   [ RunTime:0.000130s ]
SQL: SELECT * FROM `star_school` WHERE ( `id` = 2 ) LIMIT 1   [ RunTime:0.000189s ]
SQL: SELECT * FROM `star_school` WHERE ( `id` = 3 ) LIMIT 1   [ RunTime:0.000125s ]
SQL: SELECT * FROM `star_school` WHERE ( `id` = 3 ) LIMIT 1   [ RunTime:0.000203s ]
SQL: SELECT * FROM `star_school` WHERE ( `id` = 4 ) LIMIT 1   [ RunTime:0.000186s ]
SQL: SELECT * FROM `star_school` WHERE ( `id` = 4 ) LIMIT 1   [ RunTime:0.000162s ]
SQL: SELECT * FROM `star_school` WHERE ( `id` = 5 ) LIMIT 1   [ RunTime:0.000175s ]
SQL: SELECT * FROM `star_school` WHERE ( `id` = 5 ) LIMIT 1   [ RunTime:0.000130s ]
SQL: SELECT * FROM `star_school` WHERE ( `id` = 5 ) LIMIT 1   [ RunTime:0.000210s ]
SQL: SELECT * FROM `star_school` WHERE ( `id` = 7 ) LIMIT 1   [ RunTime:0.000087s ]
INFO: [ view_parse ] --START--
INFO: ParseTemplate Behavior ::run [ RunTime:0.005264s ]
INFO: [ view_parse ] --END-- [ RunTime:0.005354s ]
INFO: [ view_filter ] --START--
INFO: ContentReplace Behavior ::run [ RunTime:0.000170s ]
INFO: TokenBuild Behavior ::run [ RunTime:0.000141s ]
INFO: WriteHtmlCache Behavior ::run [ RunTime:0.000090s ]
INFO: ShowRuntime Behavior ::run [ RunTime:0.000151s ]
INFO: [ view_filter ] --END-- [ RunTime:0.000750s ]
INFO: [ view_end ] --START--
INFO: ShowPageTrace Behavior ::run [ RunTime:0.000134s ]
INFO: [ view_end ] --END-- [ RunTime:0.000204s ]

[ 2015-03-16T20:27:11+08:00 ] 202.115.22.5 /Admin/User/index.html
INFO: [ route_check ] --START--
INFO: CheckRoute Behavior ::run [ RunTime:0.000171s ]
INFO: [ route_check ] --END-- [ RunTime:0.000275s ]
INFO: [ app_begin ] --START--
INFO: ReadHtmlCache Behavior ::run [ RunTime:0.000143s ]
INFO: [ app_begin ] --END-- [ RunTime:0.000221s ]
SQL: SHOW COLUMNS FROM `star_user` [ RunTime:0.000938s ]
SQL: SELECT * FROM `star_user` WHERE ( `id` = 1 )  [ RunTime:0.000193s ]
INFO: [ view_parse ] --START--
INFO: ParseTemplate Behavior ::run [ RunTime:0.002696s ]
INFO: [ view_parse ] --END-- [ RunTime:0.002782s ]
INFO: [ view_filter ] --START--
INFO: ContentReplace Behavior ::run [ RunTime:0.000163s ]
INFO: TokenBuild Behavior ::run [ RunTime:0.000135s ]
INFO: WriteHtmlCache Behavior ::run [ RunTime:0.000086s ]
INFO: ShowRuntime Behavior ::run [ RunTime:0.000205s ]
INFO: [ view_filter ] --END-- [ RunTime:0.000793s ]
INFO: [ view_end ] --START--
INFO: ShowPageTrace Behavior ::run [ RunTime:0.000147s ]
INFO: [ view_end ] --END-- [ RunTime:0.000216s ]

[ 2015-03-16T20:27:37+08:00 ] 202.115.22.5 /Admin/School/manage.html
INFO: [ route_check ] --START--
INFO: CheckRoute Behavior ::run [ RunTime:0.000158s ]
INFO: [ route_check ] --END-- [ RunTime:0.000262s ]
INFO: [ app_begin ] --START--
INFO: ReadHtmlCache Behavior ::run [ RunTime:0.000148s ]
INFO: [ app_begin ] --END-- [ RunTime:0.000225s ]
SQL: SHOW COLUMNS FROM `star_joiner` [ RunTime:0.001026s ]
SQL: SELECT COUNT(*) AS tp_count FROM `star_joiner` LIMIT 1   [ RunTime:0.000191s ]
SQL: SELECT * FROM `star_joiner` ORDER BY school_id LIMIT 0,10   [ RunTime:0.000191s ]
SQL: SHOW COLUMNS FROM `star_school` [ RunTime:0.000749s ]
SQL: SELECT * FROM `star_school` WHERE ( `id` = 1 ) LIMIT 1   [ RunTime:0.000158s ]
SQL: SELECT * FROM `star_school` WHERE ( `id` = 1 ) LIMIT 1   [ RunTime:0.000212s ]
SQL: SELECT * FROM `star_school` WHERE ( `id` = 2 ) LIMIT 1   [ RunTime:0.000128s ]
SQL: SELECT * FROM `star_school` WHERE ( `id` = 3 ) LIMIT 1   [ RunTime:0.000178s ]
SQL: SELECT * FROM `star_school` WHERE ( `id` = 3 ) LIMIT 1   [ RunTime:0.000176s ]
SQL: SELECT * FROM `star_school` WHERE ( `id` = 4 ) LIMIT 1   [ RunTime:0.000188s ]
SQL: SELECT * FROM `star_school` WHERE ( `id` = 4 ) LIMIT 1   [ RunTime:0.000177s ]
SQL: SELECT * FROM `star_school` WHERE ( `id` = 5 ) LIMIT 1   [ RunTime:0.000176s ]
SQL: SELECT * FROM `star_school` WHERE ( `id` = 5 ) LIMIT 1   [ RunTime:0.000186s ]
SQL: SELECT * FROM `star_school` WHERE ( `id` = 5 ) LIMIT 1   [ RunTime:0.000177s ]
INFO: [ view_parse ] --START--
INFO: ParseTemplate Behavior ::run [ RunTime:0.005078s ]
INFO: [ view_parse ] --END-- [ RunTime:0.005163s ]
INFO: [ view_filter ] --START--
INFO: ContentReplace Behavior ::run [ RunTime:0.000170s ]
INFO: TokenBuild Behavior ::run [ RunTime:0.000141s ]
INFO: WriteHtmlCache Behavior ::run [ RunTime:0.000089s ]
INFO: ShowRuntime Behavior ::run [ RunTime:0.000152s ]
INFO: [ view_filter ] --END-- [ RunTime:0.000752s ]
INFO: [ view_end ] --START--
INFO: ShowPageTrace Behavior ::run [ RunTime:0.000133s ]
INFO: [ view_end ] --END-- [ RunTime:0.000203s ]

[ 2015-03-16T20:27:46+08:00 ] 202.115.22.5 /Admin/School/manage/p/15.html
INFO: [ route_check ] --START--
INFO: CheckRoute Behavior ::run [ RunTime:0.000157s ]
INFO: [ route_check ] --END-- [ RunTime:0.000264s ]
INFO: [ app_begin ] --START--
INFO: ReadHtmlCache Behavior ::run [ RunTime:0.000144s ]
INFO: [ app_begin ] --END-- [ RunTime:0.000223s ]
SQL: SHOW COLUMNS FROM `star_joiner` [ RunTime:0.000980s ]
SQL: SELECT COUNT(*) AS tp_count FROM `star_joiner` LIMIT 1   [ RunTime:0.000190s ]
SQL: SELECT * FROM `star_joiner` ORDER BY school_id LIMIT 140,10   [ RunTime:0.000189s ]
SQL: SHOW COLUMNS FROM `star_school` [ RunTime:0.000745s ]
SQL: SELECT * FROM `star_school` WHERE ( `id` = 96 ) LIMIT 1   [ RunTime:0.000152s ]
SQL: SELECT * FROM `star_school` WHERE ( `id` = 97 ) LIMIT 1   [ RunTime:0.000206s ]
SQL: SELECT * FROM `star_school` WHERE ( `id` = 98 ) LIMIT 1   [ RunTime:0.000176s ]
SQL: SELECT * FROM `star_school` WHERE ( `id` = 99 ) LIMIT 1   [ RunTime:0.000189s ]
SQL: SELECT * FROM `star_school` WHERE ( `id` = 100 ) LIMIT 1   [ RunTime:0.000185s ]
SQL: SELECT * FROM `star_school` WHERE ( `id` = 101 ) LIMIT 1   [ RunTime:0.000187s ]
INFO: [ view_parse ] --START--
INFO: ParseTemplate Behavior ::run [ RunTime:0.004744s ]
INFO: [ view_parse ] --END-- [ RunTime:0.004830s ]
INFO: [ view_filter ] --START--
INFO: ContentReplace Behavior ::run [ RunTime:0.000163s ]
INFO: TokenBuild Behavior ::run [ RunTime:0.000134s ]
INFO: WriteHtmlCache Behavior ::run [ RunTime:0.000084s ]
INFO: ShowRuntime Behavior ::run [ RunTime:0.000146s ]
INFO: [ view_filter ] --END-- [ RunTime:0.000723s ]
INFO: [ view_end ] --START--
INFO: ShowPageTrace Behavior ::run [ RunTime:0.000130s ]
INFO: [ view_end ] --END-- [ RunTime:0.000199s ]

[ 2015-03-16T20:27:48+08:00 ] 202.115.22.5 /Admin/School/manage.html
INFO: [ route_check ] --START--
INFO: CheckRoute Behavior ::run [ RunTime:0.000175s ]
INFO: [ route_check ] --END-- [ RunTime:0.000289s ]
INFO: [ app_begin ] --START--
INFO: ReadHtmlCache Behavior ::run [ RunTime:0.000155s ]
INFO: [ app_begin ] --END-- [ RunTime:0.000243s ]
SQL: SHOW COLUMNS FROM `star_joiner` [ RunTime:0.000932s ]
SQL: SELECT COUNT(*) AS tp_count FROM `star_joiner` LIMIT 1   [ RunTime:0.000189s ]
SQL: SELECT * FROM `star_joiner` ORDER BY school_id LIMIT 0,10   [ RunTime:0.000188s ]
SQL: SHOW COLUMNS FROM `star_school` [ RunTime:0.000741s ]
SQL: SELECT * FROM `star_school` WHERE ( `id` = 1 ) LIMIT 1   [ RunTime:0.000150s ]
SQL: SELECT * FROM `star_school` WHERE ( `id` = 1 ) LIMIT 1   [ RunTime:0.000185s ]
SQL: SELECT * FROM `star_school` WHERE ( `id` = 2 ) LIMIT 1   [ RunTime:0.000126s ]
SQL: SELECT * FROM `star_school` WHERE ( `id` = 3 ) LIMIT 1   [ RunTime:0.000188s ]
SQL: SELECT * FROM `star_school` WHERE ( `id` = 3 ) LIMIT 1   [ RunTime:0.000187s ]
SQL: SELECT * FROM `star_school` WHERE ( `id` = 4 ) LIMIT 1   [ RunTime:0.000187s ]
SQL: SELECT * FROM `star_school` WHERE ( `id` = 4 ) LIMIT 1   [ RunTime:0.000176s ]
SQL: SELECT * FROM `star_school` WHERE ( `id` = 5 ) LIMIT 1   [ RunTime:0.000177s ]
SQL: SELECT * FROM `star_school` WHERE ( `id` = 5 ) LIMIT 1   [ RunTime:0.000180s ]
SQL: SELECT * FROM `star_school` WHERE ( `id` = 5 ) LIMIT 1   [ RunTime:0.000144s ]
INFO: [ view_parse ] --START--
INFO: ParseTemplate Behavior ::run [ RunTime:0.005316s ]
INFO: [ view_parse ] --END-- [ RunTime:0.005410s ]
INFO: [ view_filter ] --START--
INFO: ContentReplace Behavior ::run [ RunTime:0.000177s ]
INFO: TokenBuild Behavior ::run [ RunTime:0.000142s ]
INFO: WriteHtmlCache Behavior ::run [ RunTime:0.000091s ]
INFO: ShowRuntime Behavior ::run [ RunTime:0.000162s ]
INFO: [ view_filter ] --END-- [ RunTime:0.000781s ]
INFO: [ view_end ] --START--
INFO: ShowPageTrace Behavior ::run [ RunTime:0.000142s ]
INFO: [ view_end ] --END-- [ RunTime:0.000217s ]

[ 2015-03-16T20:27:49+08:00 ] 202.115.22.5 /Admin/School/manage/p/15.html
INFO: [ route_check ] --START--
INFO: CheckRoute Behavior ::run [ RunTime:0.000149s ]
INFO: [ route_check ] --END-- [ RunTime:0.000251s ]
INFO: [ app_begin ] --START--
INFO: ReadHtmlCache Behavior ::run [ RunTime:0.000144s ]
INFO: [ app_begin ] --END-- [ RunTime:0.000221s ]
SQL: SHOW COLUMNS FROM `star_joiner` [ RunTime:0.001003s ]
SQL: SELECT COUNT(*) AS tp_count FROM `star_joiner` LIMIT 1   [ RunTime:0.000187s ]
SQL: SELECT * FROM `star_joiner` ORDER BY school_id LIMIT 140,10   [ RunTime:0.000182s ]
SQL: SHOW COLUMNS FROM `star_school` [ RunTime:0.000742s ]
SQL: SELECT * FROM `star_school` WHERE ( `id` = 96 ) LIMIT 1   [ RunTime:0.000142s ]
SQL: SELECT * FROM `star_school` WHERE ( `id` = 97 ) LIMIT 1   [ RunTime:0.000210s ]
SQL: SELECT * FROM `star_school` WHERE ( `id` = 98 ) LIMIT 1   [ RunTime:0.000127s ]
SQL: SELECT * FROM `star_school` WHERE ( `id` = 99 ) LIMIT 1   [ RunTime:0.000189s ]
SQL: SELECT * FROM `star_school` WHERE ( `id` = 100 ) LIMIT 1   [ RunTime:0.000191s ]
SQL: SELECT * FROM `star_school` WHERE ( `id` = 101 ) LIMIT 1   [ RunTime:0.000187s ]
INFO: [ view_parse ] --START--
INFO: ParseTemplate Behavior ::run [ RunTime:0.004764s ]
INFO: [ view_parse ] --END-- [ RunTime:0.004849s ]
INFO: [ view_filter ] --START--
INFO: ContentReplace Behavior ::run [ RunTime:0.000166s ]
INFO: TokenBuild Behavior ::run [ RunTime:0.000141s ]
INFO: WriteHtmlCache Behavior ::run [ RunTime:0.000089s ]
INFO: ShowRuntime Behavior ::run [ RunTime:0.000151s ]
INFO: [ view_filter ] --END-- [ RunTime:0.000744s ]
INFO: [ view_end ] --START--
INFO: ShowPageTrace Behavior ::run [ RunTime:0.000135s ]
INFO: [ view_end ] --END-- [ RunTime:0.000204s ]

[ 2015-03-16T23:11:58+08:00 ] 220.181.132.219 /
INFO: [ app_begin ] --START--
INFO: ReadHtmlCache Behavior ::run [ RunTime:0.000161s ]
INFO: [ app_begin ] --END-- [ RunTime:0.000266s ]
SQL: SHOW COLUMNS FROM `star_school` [ RunTime:0.000747s ]
SQL: SELECT * FROM `star_school` ORDER BY convert(school using gb2312) ASC  [ RunTime:0.000227s ]
INFO: [ view_parse ] --START--
INFO: ParseTemplate Behavior ::run [ RunTime:0.004512s ]
INFO: [ view_parse ] --END-- [ RunTime:0.004635s ]
INFO: [ view_filter ] --START--
INFO: ContentReplace Behavior ::run [ RunTime:0.000187s ]
INFO: TokenBuild Behavior ::run [ RunTime:0.000135s ]
INFO: WriteHtmlCache Behavior ::run [ RunTime:0.000089s ]
INFO: ShowRuntime Behavior ::run [ RunTime:0.000173s ]
INFO: [ view_filter ] --END-- [ RunTime:0.000788s ]
INFO: [ view_end ] --START--
INFO: ShowPageTrace Behavior ::run [ RunTime:0.000140s ]
INFO: [ view_end ] --END-- [ RunTime:0.000215s ]

[ 2015-03-16T23:13:55+08:00 ] 101.199.108.50 /
INFO: [ app_begin ] --START--
INFO: ReadHtmlCache Behavior ::run [ RunTime:0.000169s ]
INFO: [ app_begin ] --END-- [ RunTime:0.000282s ]
SQL: SHOW COLUMNS FROM `star_school` [ RunTime:0.000811s ]
SQL: SELECT * FROM `star_school` ORDER BY convert(school using gb2312) ASC  [ RunTime:0.000188s ]
INFO: [ view_parse ] --START--
INFO: ParseTemplate Behavior ::run [ RunTime:0.004564s ]
INFO: [ view_parse ] --END-- [ RunTime:0.004671s ]
INFO: [ view_filter ] --START--
INFO: ContentReplace Behavior ::run [ RunTime:0.000180s ]
INFO: TokenBuild Behavior ::run [ RunTime:0.000135s ]
INFO: WriteHtmlCache Behavior ::run [ RunTime:0.000090s ]
INFO: ShowRuntime Behavior ::run [ RunTime:0.000170s ]
INFO: [ view_filter ] --END-- [ RunTime:0.000778s ]
INFO: [ view_end ] --START--
INFO: ShowPageTrace Behavior ::run [ RunTime:0.000140s ]
INFO: [ view_end ] --END-- [ RunTime:0.000213s ]

