[ 2015-03-26T13:50:51+08:00 ] 119.4.252.186 /
INFO: [ app_begin ] --START--
INFO: ReadHtmlCache Behavior ::run [ RunTime:0.000233s ]
INFO: [ app_begin ] --END-- [ RunTime:0.000336s ]
SQL: SHOW COLUMNS FROM `star_school` [ RunTime:0.000836s ]
SQL: SELECT * FROM `star_school` ORDER BY convert(school using gb2312) ASC  [ RunTime:0.000235s ]
INFO: [ view_parse ] --START--
INFO: ParseTemplate Behavior ::run [ RunTime:0.005673s ]
INFO: [ view_parse ] --END-- [ RunTime:0.005763s ]
INFO: [ view_filter ] --START--
INFO: ContentReplace Behavior ::run [ RunTime:0.000233s ]
INFO: TokenBuild Behavior ::run [ RunTime:0.000196s ]
INFO: WriteHtmlCache Behavior ::run [ RunTime:0.000137s ]
INFO: ShowRuntime Behavior ::run [ RunTime:0.000244s ]
INFO: [ view_filter ] --END-- [ RunTime:0.001017s ]
INFO: [ view_end ] --START--
INFO: ShowPageTrace Behavior ::run [ RunTime:0.000207s ]
INFO: [ view_end ] --END-- [ RunTime:0.000278s ]

[ 2015-03-26T13:50:57+08:00 ] 119.4.252.186 /Index/Index/match
INFO: [ route_check ] --START--
INFO: CheckRoute Behavior ::run [ RunTime:0.000305s ]
INFO: [ route_check ] --END-- [ RunTime:0.000423s ]
INFO: [ app_begin ] --START--
INFO: ReadHtmlCache Behavior ::run [ RunTime:0.000159s ]
INFO: [ app_begin ] --END-- [ RunTime:0.000240s ]
SQL: SHOW COLUMNS FROM `star_school` [ RunTime:0.000807s ]
SQL: SELECT * FROM `star_school` WHERE ( `school` = '北京航空航天大学' ) LIMIT 1   [ RunTime:0.000186s ]
SQL: SHOW COLUMNS FROM `star_joiner` [ RunTime:0.000921s ]
SQL: SELECT * FROM `star_joiner` WHERE ( `school_id` = 2 )  [ RunTime:0.000491s ]

[ 2015-03-26T13:50:59+08:00 ] 119.4.252.186 /Index/Index/name
INFO: [ route_check ] --START--
INFO: CheckRoute Behavior ::run [ RunTime:0.000172s ]
INFO: [ route_check ] --END-- [ RunTime:0.000279s ]
INFO: [ app_begin ] --START--
INFO: ReadHtmlCache Behavior ::run [ RunTime:0.000150s ]
INFO: [ app_begin ] --END-- [ RunTime:0.000226s ]
SQL: SHOW COLUMNS FROM `star_joiner` [ RunTime:0.001066s ]
SQL: SELECT * FROM `star_joiner` WHERE ( `joiner` = '武立勋' ) AND ( `school_id` = 2 )  [ RunTime:0.000537s ]

[ 2015-03-26T13:51:01+08:00 ] 119.4.252.186 /Index/Index/other.html
INFO: [ route_check ] --START--
INFO: CheckRoute Behavior ::run [ RunTime:0.000172s ]
INFO: [ route_check ] --END-- [ RunTime:0.000291s ]
INFO: [ app_begin ] --START--
INFO: ReadHtmlCache Behavior ::run [ RunTime:0.000149s ]
INFO: [ app_begin ] --END-- [ RunTime:0.000225s ]
SQL: SHOW COLUMNS FROM `star_school` [ RunTime:0.000850s ]
SQL: SELECT * FROM `star_school` WHERE ( `school` = '北京航空航天大学' ) LIMIT 1   [ RunTime:0.000182s ]
SQL: SHOW COLUMNS FROM `star_joiner` [ RunTime:0.000915s ]
SQL: UPDATE `star_joiner` SET `time`=time+1 WHERE ( `joiner` = '武立勋' ) AND ( `school_id` = 2 ) [ RunTime:0.001599s ]
SQL: UPDATE `star_joiner` SET `login_time`=1427349061 WHERE ( `joiner` = '武立勋' ) AND ( `school_id` = 2 ) [ RunTime:0.001017s ]
SQL: SELECT * FROM `star_joiner` WHERE ( `joiner` = '武立勋' ) AND ( `school_id` = 2 ) LIMIT 1   [ RunTime:0.000418s ]
INFO: [ view_parse ] --START--
INFO: ParseTemplate Behavior ::run [ RunTime:0.006106s ]
INFO: [ view_parse ] --END-- [ RunTime:0.006197s ]
INFO: [ view_filter ] --START--
INFO: ContentReplace Behavior ::run [ RunTime:0.000188s ]
INFO: TokenBuild Behavior ::run [ RunTime:0.000156s ]
INFO: WriteHtmlCache Behavior ::run [ RunTime:0.000105s ]
INFO: ShowRuntime Behavior ::run [ RunTime:0.000183s ]
INFO: [ view_filter ] --END-- [ RunTime:0.000844s ]
INFO: [ view_end ] --START--
INFO: ShowPageTrace Behavior ::run [ RunTime:0.000166s ]
INFO: [ view_end ] --END-- [ RunTime:0.000236s ]

[ 2015-03-26T13:53:16+08:00 ] 119.4.252.186 /
INFO: [ app_begin ] --START--
INFO: ReadHtmlCache Behavior ::run [ RunTime:0.000191s ]
INFO: [ app_begin ] --END-- [ RunTime:0.000326s ]
SQL: SHOW COLUMNS FROM `star_school` [ RunTime:0.000856s ]
SQL: SELECT * FROM `star_school` ORDER BY convert(school using gb2312) ASC  [ RunTime:0.000232s ]
INFO: [ view_parse ] --START--
INFO: ParseTemplate Behavior ::run [ RunTime:0.006645s ]
INFO: [ view_parse ] --END-- [ RunTime:0.006743s ]
INFO: [ view_filter ] --START--
INFO: ContentReplace Behavior ::run [ RunTime:0.000192s ]
INFO: TokenBuild Behavior ::run [ RunTime:0.000144s ]
INFO: WriteHtmlCache Behavior ::run [ RunTime:0.000096s ]
INFO: ShowRuntime Behavior ::run [ RunTime:0.000180s ]
INFO: [ view_filter ] --END-- [ RunTime:0.000834s ]
INFO: [ view_end ] --START--
INFO: ShowPageTrace Behavior ::run [ RunTime:0.000166s ]
INFO: [ view_end ] --END-- [ RunTime:0.000243s ]

[ 2015-03-26T17:25:42+08:00 ] 180.153.163.211 /Index/Index/index.html?from=timeline&isappinstalled=0
INFO: [ route_check ] --START--
INFO: CheckRoute Behavior ::run [ RunTime:0.000226s ]
INFO: [ route_check ] --END-- [ RunTime:0.000372s ]
INFO: [ app_begin ] --START--
INFO: ReadHtmlCache Behavior ::run [ RunTime:0.000170s ]
INFO: [ app_begin ] --END-- [ RunTime:0.000258s ]
SQL: SHOW COLUMNS FROM `star_school` [ RunTime:0.000834s ]
SQL: SELECT * FROM `star_school` ORDER BY convert(school using gb2312) ASC  [ RunTime:0.000236s ]
INFO: [ view_parse ] --START--
INFO: ParseTemplate Behavior ::run [ RunTime:0.006635s ]
INFO: [ view_parse ] --END-- [ RunTime:0.006734s ]
INFO: [ view_filter ] --START--
INFO: ContentReplace Behavior ::run [ RunTime:0.000195s ]
INFO: TokenBuild Behavior ::run [ RunTime:0.000149s ]
INFO: WriteHtmlCache Behavior ::run [ RunTime:0.000104s ]
INFO: ShowRuntime Behavior ::run [ RunTime:0.000178s ]
INFO: [ view_filter ] --END-- [ RunTime:0.000843s ]
INFO: [ view_end ] --START--
INFO: ShowPageTrace Behavior ::run [ RunTime:0.000160s ]
INFO: [ view_end ] --END-- [ RunTime:0.000256s ]

[ 2015-03-26T17:25:50+08:00 ] 180.153.206.13 /Index/Index/index.html?from=timeline&isappinstalled=0&nsukey=S30OPNa0H8x%2FYrVASmqtTRNlMOh4nsB8XrE%2FvKZ0oRlrRbNRoNViegYOjk%2FqIjVUVnhKPP0shtUpmRf0KwWbiA%3D%3D
INFO: [ route_check ] --START--
INFO: CheckRoute Behavior ::run [ RunTime:0.000215s ]
INFO: [ route_check ] --END-- [ RunTime:0.000342s ]
INFO: [ app_begin ] --START--
INFO: ReadHtmlCache Behavior ::run [ RunTime:0.000167s ]
INFO: [ app_begin ] --END-- [ RunTime:0.000249s ]
SQL: SHOW COLUMNS FROM `star_school` [ RunTime:0.000900s ]
SQL: SELECT * FROM `star_school` ORDER BY convert(school using gb2312) ASC  [ RunTime:0.000182s ]
INFO: [ view_parse ] --START--
INFO: ParseTemplate Behavior ::run [ RunTime:0.006646s ]
INFO: [ view_parse ] --END-- [ RunTime:0.006747s ]
INFO: [ view_filter ] --START--
INFO: ContentReplace Behavior ::run [ RunTime:0.000193s ]
INFO: TokenBuild Behavior ::run [ RunTime:0.000150s ]
INFO: WriteHtmlCache Behavior ::run [ RunTime:0.000100s ]
INFO: ShowRuntime Behavior ::run [ RunTime:0.000169s ]
INFO: [ view_filter ] --END-- [ RunTime:0.000831s ]
INFO: [ view_end ] --START--
INFO: ShowPageTrace Behavior ::run [ RunTime:0.000165s ]
INFO: [ view_end ] --END-- [ RunTime:0.000241s ]

[ 2015-03-26T17:25:58+08:00 ] 115.231.198.46 /Index/Index/index.html?from=timeline&isappinstalled=0&nsukey=S30OPNa0H8x%2FYrVASmqtTRNlMOh4nsB8XrE%2FvKZ0oRlrRbNRoNViegYOjk%2FqIjVUVnhKPP0shtUpmRf0KwWbiA%3D%3D
INFO: [ route_check ] --START--
INFO: CheckRoute Behavior ::run [ RunTime:0.000154s ]
INFO: [ route_check ] --END-- [ RunTime:0.000258s ]
INFO: [ app_begin ] --START--
INFO: ReadHtmlCache Behavior ::run [ RunTime:0.000142s ]
INFO: [ app_begin ] --END-- [ RunTime:0.000216s ]
SQL: SHOW COLUMNS FROM `star_school` [ RunTime:0.000839s ]
SQL: SELECT * FROM `star_school` ORDER BY convert(school using gb2312) ASC  [ RunTime:0.000222s ]
INFO: [ view_parse ] --START--
INFO: ParseTemplate Behavior ::run [ RunTime:0.004924s ]
INFO: [ view_parse ] --END-- [ RunTime:0.005012s ]
INFO: [ view_filter ] --START--
INFO: ContentReplace Behavior ::run [ RunTime:0.000173s ]
INFO: TokenBuild Behavior ::run [ RunTime:0.000140s ]
INFO: WriteHtmlCache Behavior ::run [ RunTime:0.000092s ]
INFO: ShowRuntime Behavior ::run [ RunTime:0.000153s ]
INFO: [ view_filter ] --END-- [ RunTime:0.000758s ]
INFO: [ view_end ] --START--
INFO: ShowPageTrace Behavior ::run [ RunTime:0.000156s ]
INFO: [ view_end ] --END-- [ RunTime:0.000227s ]

[ 2015-03-26T17:25:59+08:00 ] 112.64.199.29 /
INFO: [ app_begin ] --START--
INFO: ReadHtmlCache Behavior ::run [ RunTime:0.000187s ]
INFO: [ app_begin ] --END-- [ RunTime:0.000303s ]
SQL: SHOW COLUMNS FROM `star_school` [ RunTime:0.000797s ]
SQL: SELECT * FROM `star_school` ORDER BY convert(school using gb2312) ASC  [ RunTime:0.000224s ]
INFO: [ view_parse ] --START--
INFO: ParseTemplate Behavior ::run [ RunTime:0.006659s ]
INFO: [ view_parse ] --END-- [ RunTime:0.006768s ]
INFO: [ view_filter ] --START--
INFO: ContentReplace Behavior ::run [ RunTime:0.000190s ]
INFO: TokenBuild Behavior ::run [ RunTime:0.000143s ]
INFO: WriteHtmlCache Behavior ::run [ RunTime:0.000094s ]
INFO: ShowRuntime Behavior ::run [ RunTime:0.000184s ]
INFO: [ view_filter ] --END-- [ RunTime:0.000832s ]
INFO: [ view_end ] --START--
INFO: ShowPageTrace Behavior ::run [ RunTime:0.000170s ]
INFO: [ view_end ] --END-- [ RunTime:0.000246s ]

[ 2015-03-26T17:25:59+08:00 ] 140.207.185.122 /
INFO: [ app_begin ] --START--
INFO: ReadHtmlCache Behavior ::run [ RunTime:0.000147s ]
INFO: [ app_begin ] --END-- [ RunTime:0.000239s ]
SQL: SHOW COLUMNS FROM `star_school` [ RunTime:0.000727s ]
SQL: SELECT * FROM `star_school` ORDER BY convert(school using gb2312) ASC  [ RunTime:0.000159s ]
INFO: [ view_parse ] --START--
INFO: ParseTemplate Behavior ::run [ RunTime:0.010483s ]
INFO: [ view_parse ] --END-- [ RunTime:0.010578s ]
INFO: [ view_filter ] --START--
INFO: ContentReplace Behavior ::run [ RunTime:0.000175s ]
INFO: TokenBuild Behavior ::run [ RunTime:0.000133s ]
INFO: WriteHtmlCache Behavior ::run [ RunTime:0.000086s ]
INFO: ShowRuntime Behavior ::run [ RunTime:0.000157s ]
INFO: [ view_filter ] --END-- [ RunTime:0.000750s ]
INFO: [ view_end ] --START--
INFO: ShowPageTrace Behavior ::run [ RunTime:0.000130s ]
INFO: [ view_end ] --END-- [ RunTime:0.000196s ]

[ 2015-03-26T17:25:59+08:00 ] 183.195.232.37 /
INFO: [ app_begin ] --START--
INFO: ReadHtmlCache Behavior ::run [ RunTime:0.000147s ]
INFO: [ app_begin ] --END-- [ RunTime:0.000242s ]
SQL: SHOW COLUMNS FROM `star_school` [ RunTime:0.000797s ]
SQL: SELECT * FROM `star_school` ORDER BY convert(school using gb2312) ASC  [ RunTime:0.000165s ]
INFO: [ view_parse ] --START--
INFO: ParseTemplate Behavior ::run [ RunTime:0.004832s ]
INFO: [ view_parse ] --END-- [ RunTime:0.004923s ]
INFO: [ view_filter ] --START--
INFO: ContentReplace Behavior ::run [ RunTime:0.000172s ]
INFO: TokenBuild Behavior ::run [ RunTime:0.000132s ]
INFO: WriteHtmlCache Behavior ::run [ RunTime:0.000088s ]
INFO: ShowRuntime Behavior ::run [ RunTime:0.000158s ]
INFO: [ view_filter ] --END-- [ RunTime:0.000750s ]
INFO: [ view_end ] --START--
INFO: ShowPageTrace Behavior ::run [ RunTime:0.000132s ]
INFO: [ view_end ] --END-- [ RunTime:0.000200s ]

[ 2015-03-26T17:25:59+08:00 ] 120.204.201.77 /
INFO: [ app_begin ] --START--
INFO: ReadHtmlCache Behavior ::run [ RunTime:0.000163s ]
INFO: [ app_begin ] --END-- [ RunTime:0.000264s ]
SQL: SHOW COLUMNS FROM `star_school` [ RunTime:0.000713s ]
SQL: SELECT * FROM `star_school` ORDER BY convert(school using gb2312) ASC  [ RunTime:0.000198s ]
INFO: [ view_parse ] --START--
INFO: ParseTemplate Behavior ::run [ RunTime:0.006348s ]
INFO: [ view_parse ] --END-- [ RunTime:0.006453s ]
INFO: [ view_filter ] --START--
INFO: ContentReplace Behavior ::run [ RunTime:0.000190s ]
INFO: TokenBuild Behavior ::run [ RunTime:0.000142s ]
INFO: WriteHtmlCache Behavior ::run [ RunTime:0.000085s ]
INFO: ShowRuntime Behavior ::run [ RunTime:0.000166s ]
INFO: [ view_filter ] --END-- [ RunTime:0.000797s ]
INFO: [ view_end ] --START--
INFO: ShowPageTrace Behavior ::run [ RunTime:0.000137s ]
INFO: [ view_end ] --END-- [ RunTime:0.000209s ]

[ 2015-03-26T17:25:59+08:00 ] 120.204.200.42 /
INFO: [ app_begin ] --START--
INFO: ReadHtmlCache Behavior ::run [ RunTime:0.000147s ]
INFO: [ app_begin ] --END-- [ RunTime:0.000240s ]
SQL: SHOW COLUMNS FROM `star_school` [ RunTime:0.000771s ]
SQL: SELECT * FROM `star_school` ORDER BY convert(school using gb2312) ASC  [ RunTime:0.000220s ]
INFO: [ view_parse ] --START--
INFO: ParseTemplate Behavior ::run [ RunTime:0.004844s ]
INFO: [ view_parse ] --END-- [ RunTime:0.004937s ]
INFO: [ view_filter ] --START--
INFO: ContentReplace Behavior ::run [ RunTime:0.000171s ]
INFO: TokenBuild Behavior ::run [ RunTime:0.000133s ]
INFO: WriteHtmlCache Behavior ::run [ RunTime:0.000087s ]
INFO: ShowRuntime Behavior ::run [ RunTime:0.000160s ]
INFO: [ view_filter ] --END-- [ RunTime:0.000751s ]
INFO: [ view_end ] --START--
INFO: ShowPageTrace Behavior ::run [ RunTime:0.000133s ]
INFO: [ view_end ] --END-- [ RunTime:0.000201s ]

[ 2015-03-26T17:25:59+08:00 ] 183.195.232.37 /
INFO: [ app_begin ] --START--
INFO: ReadHtmlCache Behavior ::run [ RunTime:0.000147s ]
INFO: [ app_begin ] --END-- [ RunTime:0.000258s ]
SQL: SHOW COLUMNS FROM `star_school` [ RunTime:0.000661s ]
SQL: SELECT * FROM `star_school` ORDER BY convert(school using gb2312) ASC  [ RunTime:0.000144s ]
INFO: [ view_parse ] --START--
INFO: ParseTemplate Behavior ::run [ RunTime:0.004926s ]
INFO: [ view_parse ] --END-- [ RunTime:0.005018s ]
INFO: [ view_filter ] --START--
INFO: ContentReplace Behavior ::run [ RunTime:0.000175s ]
INFO: TokenBuild Behavior ::run [ RunTime:0.000134s ]
INFO: WriteHtmlCache Behavior ::run [ RunTime:0.000089s ]
INFO: ShowRuntime Behavior ::run [ RunTime:0.000158s ]
INFO: [ view_filter ] --END-- [ RunTime:0.000759s ]
INFO: [ view_end ] --START--
INFO: ShowPageTrace Behavior ::run [ RunTime:0.000171s ]
INFO: [ view_end ] --END-- [ RunTime:0.000242s ]

[ 2015-03-26T17:25:59+08:00 ] 140.207.185.124 /
INFO: [ app_begin ] --START--
INFO: ReadHtmlCache Behavior ::run [ RunTime:0.000148s ]
INFO: [ app_begin ] --END-- [ RunTime:0.000243s ]
SQL: SHOW COLUMNS FROM `star_school` [ RunTime:0.000804s ]
SQL: SELECT * FROM `star_school` ORDER BY convert(school using gb2312) ASC  [ RunTime:0.000230s ]
INFO: [ view_parse ] --START--
INFO: ParseTemplate Behavior ::run [ RunTime:0.004898s ]
INFO: [ view_parse ] --END-- [ RunTime:0.004988s ]
INFO: [ view_filter ] --START--
INFO: ContentReplace Behavior ::run [ RunTime:0.000170s ]
INFO: TokenBuild Behavior ::run [ RunTime:0.000131s ]
INFO: WriteHtmlCache Behavior ::run [ RunTime:0.000084s ]
INFO: ShowRuntime Behavior ::run [ RunTime:0.000156s ]
INFO: [ view_filter ] --END-- [ RunTime:0.000739s ]
INFO: [ view_end ] --START--
INFO: ShowPageTrace Behavior ::run [ RunTime:0.000129s ]
INFO: [ view_end ] --END-- [ RunTime:0.000196s ]

[ 2015-03-26T17:25:59+08:00 ] 140.207.54.187 /
INFO: [ app_begin ] --START--
INFO: ReadHtmlCache Behavior ::run [ RunTime:0.000147s ]
INFO: [ app_begin ] --END-- [ RunTime:0.000240s ]
SQL: SHOW COLUMNS FROM `star_school` [ RunTime:0.000688s ]
SQL: SELECT * FROM `star_school` ORDER BY convert(school using gb2312) ASC  [ RunTime:0.000202s ]
INFO: [ view_parse ] --START--
INFO: ParseTemplate Behavior ::run [ RunTime:0.011733s ]
INFO: [ view_parse ] --END-- [ RunTime:0.011828s ]
INFO: [ view_filter ] --START--
INFO: ContentReplace Behavior ::run [ RunTime:0.000196s ]
INFO: TokenBuild Behavior ::run [ RunTime:0.000136s ]
INFO: WriteHtmlCache Behavior ::run [ RunTime:0.000088s ]
INFO: ShowRuntime Behavior ::run [ RunTime:0.000160s ]
INFO: [ view_filter ] --END-- [ RunTime:0.000781s ]
INFO: [ view_end ] --START--
INFO: ShowPageTrace Behavior ::run [ RunTime:0.000132s ]
INFO: [ view_end ] --END-- [ RunTime:0.000200s ]

[ 2015-03-26T17:28:37+08:00 ] 115.231.198.46 /Index/Index/match
INFO: [ route_check ] --START--
INFO: CheckRoute Behavior ::run [ RunTime:0.000214s ]
INFO: [ route_check ] --END-- [ RunTime:0.000348s ]
INFO: [ app_begin ] --START--
INFO: ReadHtmlCache Behavior ::run [ RunTime:0.000167s ]
INFO: [ app_begin ] --END-- [ RunTime:0.000257s ]
SQL: SHOW COLUMNS FROM `star_school` [ RunTime:0.000847s ]
SQL: SELECT * FROM `star_school` WHERE ( `school` = '北京航空航天大学' ) LIMIT 1   [ RunTime:0.000200s ]
SQL: SHOW COLUMNS FROM `star_joiner` [ RunTime:0.000941s ]
SQL: SELECT * FROM `star_joiner` WHERE ( `school_id` = 2 )  [ RunTime:0.000452s ]

[ 2015-03-26T17:28:56+08:00 ] 101.226.89.115 /Index/Index/index.html?from=timeline&isappinstalled=0&nsukey=S30OPNa0H8x%2FYrVASmqtTRNlMOh4nsB8XrE%2FvKZ0oRlrRbNRoNViegYOjk%2FqIjVU2w%2FH9yQxuyeemc2hKLRvig%3D%3D
INFO: [ route_check ] --START--
INFO: CheckRoute Behavior ::run [ RunTime:0.000177s ]
INFO: [ route_check ] --END-- [ RunTime:0.000292s ]
INFO: [ app_begin ] --START--
INFO: ReadHtmlCache Behavior ::run [ RunTime:0.000152s ]
INFO: [ app_begin ] --END-- [ RunTime:0.000233s ]
SQL: SHOW COLUMNS FROM `star_school` [ RunTime:0.000849s ]
SQL: SELECT * FROM `star_school` ORDER BY convert(school using gb2312) ASC  [ RunTime:0.000199s ]
INFO: [ view_parse ] --START--
INFO: ParseTemplate Behavior ::run [ RunTime:0.006626s ]
INFO: [ view_parse ] --END-- [ RunTime:0.006729s ]
INFO: [ view_filter ] --START--
INFO: ContentReplace Behavior ::run [ RunTime:0.000192s ]
INFO: TokenBuild Behavior ::run [ RunTime:0.000149s ]
INFO: WriteHtmlCache Behavior ::run [ RunTime:0.000099s ]
INFO: ShowRuntime Behavior ::run [ RunTime:0.000167s ]
INFO: [ view_filter ] --END-- [ RunTime:0.000828s ]
INFO: [ view_end ] --START--
INFO: ShowPageTrace Behavior ::run [ RunTime:0.000166s ]
INFO: [ view_end ] --END-- [ RunTime:0.000241s ]

[ 2015-03-26T17:28:57+08:00 ] 101.226.66.179 /Index/Index/index.html?from=timeline&isappinstalled=0&nsukey=S30OPNa0H8x%2FYrVASmqtTRNlMOh4nsB8XrE%2FvKZ0oRlrRbNRoNViegYOjk%2FqIjVU2w%2FH9yQxuyeemc2hKLRvig%3D%3D
INFO: [ route_check ] --START--
INFO: CheckRoute Behavior ::run [ RunTime:0.000167s ]
INFO: [ route_check ] --END-- [ RunTime:0.000269s ]
INFO: [ app_begin ] --START--
INFO: ReadHtmlCache Behavior ::run [ RunTime:0.000145s ]
INFO: [ app_begin ] --END-- [ RunTime:0.000218s ]
SQL: SHOW COLUMNS FROM `star_school` [ RunTime:0.000789s ]
SQL: SELECT * FROM `star_school` ORDER BY convert(school using gb2312) ASC  [ RunTime:0.000222s ]
INFO: [ view_parse ] --START--
INFO: ParseTemplate Behavior ::run [ RunTime:0.004866s ]
INFO: [ view_parse ] --END-- [ RunTime:0.004956s ]
INFO: [ view_filter ] --START--
INFO: ContentReplace Behavior ::run [ RunTime:0.000175s ]
INFO: TokenBuild Behavior ::run [ RunTime:0.000140s ]
INFO: WriteHtmlCache Behavior ::run [ RunTime:0.000092s ]
INFO: ShowRuntime Behavior ::run [ RunTime:0.000152s ]
INFO: [ view_filter ] --END-- [ RunTime:0.000757s ]
INFO: [ view_end ] --START--
INFO: ShowPageTrace Behavior ::run [ RunTime:0.000140s ]
INFO: [ view_end ] --END-- [ RunTime:0.000209s ]

[ 2015-03-26T17:29:04+08:00 ] 115.231.198.46 /Index/Index/index.html?from=timeline&isappinstalled=0&nsukey=S30OPNa0H8x%2FYrVASmqtTRNlMOh4nsB8XrE%2FvKZ0oRlrRbNRoNViegYOjk%2FqIjVU2w%2FH9yQxuyeemc2hKLRvig%3D%3D
INFO: [ route_check ] --START--
INFO: CheckRoute Behavior ::run [ RunTime:0.000153s ]
INFO: [ route_check ] --END-- [ RunTime:0.000260s ]
INFO: [ app_begin ] --START--
INFO: ReadHtmlCache Behavior ::run [ RunTime:0.000141s ]
INFO: [ app_begin ] --END-- [ RunTime:0.000215s ]
SQL: SHOW COLUMNS FROM `star_school` [ RunTime:0.000830s ]
SQL: SELECT * FROM `star_school` ORDER BY convert(school using gb2312) ASC  [ RunTime:0.000213s ]
INFO: [ view_parse ] --START--
INFO: ParseTemplate Behavior ::run [ RunTime:0.004929s ]
INFO: [ view_parse ] --END-- [ RunTime:0.005034s ]
INFO: [ view_filter ] --START--
INFO: ContentReplace Behavior ::run [ RunTime:0.000175s ]
INFO: TokenBuild Behavior ::run [ RunTime:0.000141s ]
INFO: WriteHtmlCache Behavior ::run [ RunTime:0.000092s ]
INFO: ShowRuntime Behavior ::run [ RunTime:0.000151s ]
INFO: [ view_filter ] --END-- [ RunTime:0.000756s ]
INFO: [ view_end ] --START--
INFO: ShowPageTrace Behavior ::run [ RunTime:0.000135s ]
INFO: [ view_end ] --END-- [ RunTime:0.000205s ]

[ 2015-03-26T17:29:04+08:00 ] 222.73.76.253 /Index/Index/index.html?from=timeline&isappinstalled=0&nsukey=S30OPNa0H8x%2FYrVASmqtTRNlMOh4nsB8XrE%2FvKZ0oRlrRbNRoNViegYOjk%2FqIjVU2w%2FH9yQxuyeemc2hKLRvig%3D%3D
INFO: [ route_check ] --START--
INFO: CheckRoute Behavior ::run [ RunTime:0.000148s ]
INFO: [ route_check ] --END-- [ RunTime:0.000245s ]
INFO: [ app_begin ] --START--
INFO: ReadHtmlCache Behavior ::run [ RunTime:0.000139s ]
INFO: [ app_begin ] --END-- [ RunTime:0.000213s ]
SQL: SHOW COLUMNS FROM `star_school` [ RunTime:0.000789s ]
SQL: SELECT * FROM `star_school` ORDER BY convert(school using gb2312) ASC  [ RunTime:0.000233s ]
INFO: [ view_parse ] --START--
INFO: ParseTemplate Behavior ::run [ RunTime:0.004750s ]
INFO: [ view_parse ] --END-- [ RunTime:0.004838s ]
INFO: [ view_filter ] --START--
INFO: ContentReplace Behavior ::run [ RunTime:0.000171s ]
INFO: TokenBuild Behavior ::run [ RunTime:0.000135s ]
INFO: WriteHtmlCache Behavior ::run [ RunTime:0.000087s ]
INFO: ShowRuntime Behavior ::run [ RunTime:0.000148s ]
INFO: [ view_filter ] --END-- [ RunTime:0.000740s ]
INFO: [ view_end ] --START--
INFO: ShowPageTrace Behavior ::run [ RunTime:0.000127s ]
INFO: [ view_end ] --END-- [ RunTime:0.000195s ]

[ 2015-03-26T17:29:26+08:00 ] 115.231.198.46 /Index/Index/search
INFO: [ route_check ] --START--
INFO: CheckRoute Behavior ::run [ RunTime:0.000152s ]
INFO: [ route_check ] --END-- [ RunTime:0.000254s ]
INFO: [ app_begin ] --START--
INFO: ReadHtmlCache Behavior ::run [ RunTime:0.000143s ]
INFO: [ app_begin ] --END-- [ RunTime:0.000241s ]
SQL: SHOW COLUMNS FROM `star_school` [ RunTime:0.000906s ]
SQL: SELECT * FROM `star_school` WHERE ( `school` LIKE '%浙%江%' )  [ RunTime:0.000188s ]

[ 2015-03-26T17:29:29+08:00 ] 115.231.198.46 /Index/Index/search
INFO: [ route_check ] --START--
INFO: CheckRoute Behavior ::run [ RunTime:0.000152s ]
INFO: [ route_check ] --END-- [ RunTime:0.000258s ]
INFO: [ app_begin ] --START--
INFO: ReadHtmlCache Behavior ::run [ RunTime:0.000142s ]
INFO: [ app_begin ] --END-- [ RunTime:0.000216s ]
SQL: SHOW COLUMNS FROM `star_school` [ RunTime:0.000833s ]
SQL: SELECT * FROM `star_school` WHERE ( `school` LIKE '%浙%江%师%范%' )  [ RunTime:0.000397s ]

[ 2015-03-26T17:29:36+08:00 ] 180.153.206.26 /Index/Index/index.html?from=timeline&isappinstalled=0&nsukey=S30OPNa0H8x%2FYrVASmqtTRNlMOh4nsB8XrE%2FvKZ0oRlrRbNRoNViegYOjk%2FqIjVUgTWWE832kKZ9MP2A1MmN7Q%3D%3D
INFO: [ route_check ] --START--
INFO: CheckRoute Behavior ::run [ RunTime:0.000162s ]
INFO: [ route_check ] --END-- [ RunTime:0.000270s ]
INFO: [ app_begin ] --START--
INFO: ReadHtmlCache Behavior ::run [ RunTime:0.000143s ]
INFO: [ app_begin ] --END-- [ RunTime:0.000220s ]
SQL: SHOW COLUMNS FROM `star_school` [ RunTime:0.000841s ]
SQL: SELECT * FROM `star_school` ORDER BY convert(school using gb2312) ASC  [ RunTime:0.000220s ]
INFO: [ view_parse ] --START--
INFO: ParseTemplate Behavior ::run [ RunTime:0.004932s ]
INFO: [ view_parse ] --END-- [ RunTime:0.005030s ]
INFO: [ view_filter ] --START--
INFO: ContentReplace Behavior ::run [ RunTime:0.000181s ]
INFO: TokenBuild Behavior ::run [ RunTime:0.000139s ]
INFO: WriteHtmlCache Behavior ::run [ RunTime:0.000115s ]
INFO: ShowRuntime Behavior ::run [ RunTime:0.000159s ]
INFO: [ view_filter ] --END-- [ RunTime:0.000809s ]
INFO: [ view_end ] --START--
INFO: ShowPageTrace Behavior ::run [ RunTime:0.000134s ]
INFO: [ view_end ] --END-- [ RunTime:0.000211s ]

[ 2015-03-26T17:29:57+08:00 ] 115.231.198.46 /Index/Index/index.html?from=timeline&isappinstalled=0&nsukey=S30OPNa0H8x%2FYrVASmqtTRNlMOh4nsB8XrE%2FvKZ0oRlrRbNRoNViegYOjk%2FqIjVUgTWWE832kKZ9MP2A1MmN7Q%3D%3D
INFO: [ route_check ] --START--
INFO: CheckRoute Behavior ::run [ RunTime:0.000153s ]
INFO: [ route_check ] --END-- [ RunTime:0.000256s ]
INFO: [ app_begin ] --START--
INFO: ReadHtmlCache Behavior ::run [ RunTime:0.000141s ]
INFO: [ app_begin ] --END-- [ RunTime:0.000215s ]
SQL: SHOW COLUMNS FROM `star_school` [ RunTime:0.000794s ]
SQL: SELECT * FROM `star_school` ORDER BY convert(school using gb2312) ASC  [ RunTime:0.000238s ]
INFO: [ view_parse ] --START--
INFO: ParseTemplate Behavior ::run [ RunTime:0.004875s ]
INFO: [ view_parse ] --END-- [ RunTime:0.004964s ]
INFO: [ view_filter ] --START--
INFO: ContentReplace Behavior ::run [ RunTime:0.000173s ]
INFO: TokenBuild Behavior ::run [ RunTime:0.000139s ]
INFO: WriteHtmlCache Behavior ::run [ RunTime:0.000089s ]
INFO: ShowRuntime Behavior ::run [ RunTime:0.000149s ]
INFO: [ view_filter ] --END-- [ RunTime:0.000749s ]
INFO: [ view_end ] --START--
INFO: ShowPageTrace Behavior ::run [ RunTime:0.000132s ]
INFO: [ view_end ] --END-- [ RunTime:0.000201s ]

[ 2015-03-26T17:31:57+08:00 ] 112.64.235.249 /Index/Index/index.html?from=timeline&isappinstalled=0&nsukey=S30OPNa0H8x%2FYrVASmqtTRNlMOh4nsB8XrE%2FvKZ0oRlrRbNRoNViegYOjk%2FqIjVU2w%2FH9yQxuyeemc2hKLRvig%3D%3D
INFO: [ route_check ] --START--
INFO: CheckRoute Behavior ::run [ RunTime:0.000165s ]
INFO: [ route_check ] --END-- [ RunTime:0.000271s ]
INFO: [ app_begin ] --START--
INFO: ReadHtmlCache Behavior ::run [ RunTime:0.000145s ]
INFO: [ app_begin ] --END-- [ RunTime:0.000221s ]
SQL: SHOW COLUMNS FROM `star_school` [ RunTime:0.000789s ]
SQL: SELECT * FROM `star_school` ORDER BY convert(school using gb2312) ASC  [ RunTime:0.000236s ]
INFO: [ view_parse ] --START--
INFO: ParseTemplate Behavior ::run [ RunTime:0.004930s ]
INFO: [ view_parse ] --END-- [ RunTime:0.005026s ]
INFO: [ view_filter ] --START--
INFO: ContentReplace Behavior ::run [ RunTime:0.000181s ]
INFO: TokenBuild Behavior ::run [ RunTime:0.000141s ]
INFO: WriteHtmlCache Behavior ::run [ RunTime:0.000093s ]
INFO: ShowRuntime Behavior ::run [ RunTime:0.000158s ]
INFO: [ view_filter ] --END-- [ RunTime:0.000785s ]
INFO: [ view_end ] --START--
INFO: ShowPageTrace Behavior ::run [ RunTime:0.000135s ]
INFO: [ view_end ] --END-- [ RunTime:0.000210s ]

[ 2015-03-26T17:39:32+08:00 ] 180.153.114.200 /Index/Index/index.html?from=timeline&isappinstalled=0&nsukey=S30OPNa0H8x%2FYrVASmqtTRNlMOh4nsB8XrE%2FvKZ0oRlrRbNRoNViegYOjk%2FqIjVUVnhKPP0shtUpmRf0KwWbiA%3D%3D
INFO: [ route_check ] --START--
INFO: CheckRoute Behavior ::run [ RunTime:0.000218s ]
INFO: [ route_check ] --END-- [ RunTime:0.000343s ]
INFO: [ app_begin ] --START--
INFO: ReadHtmlCache Behavior ::run [ RunTime:0.000172s ]
INFO: [ app_begin ] --END-- [ RunTime:0.000254s ]
SQL: SHOW COLUMNS FROM `star_school` [ RunTime:0.000819s ]
SQL: SELECT * FROM `star_school` ORDER BY convert(school using gb2312) ASC  [ RunTime:0.000171s ]
INFO: [ view_parse ] --START--
INFO: ParseTemplate Behavior ::run [ RunTime:0.006648s ]
INFO: [ view_parse ] --END-- [ RunTime:0.006748s ]
INFO: [ view_filter ] --START--
INFO: ContentReplace Behavior ::run [ RunTime:0.000193s ]
INFO: TokenBuild Behavior ::run [ RunTime:0.000150s ]
INFO: WriteHtmlCache Behavior ::run [ RunTime:0.000100s ]
INFO: ShowRuntime Behavior ::run [ RunTime:0.000175s ]
INFO: [ view_filter ] --END-- [ RunTime:0.000837s ]
INFO: [ view_end ] --START--
INFO: ShowPageTrace Behavior ::run [ RunTime:0.000164s ]
INFO: [ view_end ] --END-- [ RunTime:0.000244s ]

[ 2015-03-26T17:43:16+08:00 ] 112.64.235.246 /Index/Index/index.html?from=timeline&isappinstalled=0&nsukey=S30OPNa0H8x%2FYrVASmqtTRNlMOh4nsB8XrE%2FvKZ0oRlrRbNRoNViegYOjk%2FqIjVUgTWWE832kKZ9MP2A1MmN7Q%3D%3D
INFO: [ route_check ] --START--
INFO: CheckRoute Behavior ::run [ RunTime:0.000238s ]
INFO: [ route_check ] --END-- [ RunTime:0.000367s ]
INFO: [ app_begin ] --START--
INFO: ReadHtmlCache Behavior ::run [ RunTime:0.000169s ]
INFO: [ app_begin ] --END-- [ RunTime:0.000251s ]
SQL: SHOW COLUMNS FROM `star_school` [ RunTime:0.000841s ]
SQL: SELECT * FROM `star_school` ORDER BY convert(school using gb2312) ASC  [ RunTime:0.000234s ]
INFO: [ view_parse ] --START--
INFO: ParseTemplate Behavior ::run [ RunTime:0.006642s ]
INFO: [ view_parse ] --END-- [ RunTime:0.006743s ]
INFO: [ view_filter ] --START--
INFO: ContentReplace Behavior ::run [ RunTime:0.000191s ]
INFO: TokenBuild Behavior ::run [ RunTime:0.000149s ]
INFO: WriteHtmlCache Behavior ::run [ RunTime:0.000100s ]
INFO: ShowRuntime Behavior ::run [ RunTime:0.000169s ]
INFO: [ view_filter ] --END-- [ RunTime:0.000828s ]
INFO: [ view_end ] --START--
INFO: ShowPageTrace Behavior ::run [ RunTime:0.000163s ]
INFO: [ view_end ] --END-- [ RunTime:0.000237s ]

[ 2015-03-26T22:57:58+08:00 ] 114.252.25.22 /Index/Index/other.html?from=groupmessage&isappinstalled=0
INFO: [ route_check ] --START--
INFO: CheckRoute Behavior ::run [ RunTime:0.000218s ]
INFO: [ route_check ] --END-- [ RunTime:0.000361s ]
INFO: [ app_begin ] --START--
INFO: ReadHtmlCache Behavior ::run [ RunTime:0.000174s ]
INFO: [ app_begin ] --END-- [ RunTime:0.000257s ]

[ 2015-03-26T22:57:59+08:00 ] 114.252.25.22 /Index/Index/index.html
INFO: [ route_check ] --START--
INFO: CheckRoute Behavior ::run [ RunTime:0.000220s ]
INFO: [ route_check ] --END-- [ RunTime:0.000364s ]
INFO: [ app_begin ] --START--
INFO: ReadHtmlCache Behavior ::run [ RunTime:0.000171s ]
INFO: [ app_begin ] --END-- [ RunTime:0.000253s ]
SQL: SHOW COLUMNS FROM `star_school` [ RunTime:0.000819s ]
SQL: SELECT * FROM `star_school` ORDER BY convert(school using gb2312) ASC  [ RunTime:0.000172s ]
INFO: [ view_parse ] --START--
INFO: ParseTemplate Behavior ::run [ RunTime:0.006605s ]
INFO: [ view_parse ] --END-- [ RunTime:0.006707s ]
INFO: [ view_filter ] --START--
INFO: ContentReplace Behavior ::run [ RunTime:0.000194s ]
INFO: TokenBuild Behavior ::run [ RunTime:0.000151s ]
INFO: WriteHtmlCache Behavior ::run [ RunTime:0.000103s ]
INFO: ShowRuntime Behavior ::run [ RunTime:0.000191s ]
INFO: [ view_filter ] --END-- [ RunTime:0.000854s ]
INFO: [ view_end ] --START--
INFO: ShowPageTrace Behavior ::run [ RunTime:0.000165s ]
INFO: [ view_end ] --END-- [ RunTime:0.000241s ]

[ 2015-03-26T22:57:59+08:00 ] 180.153.206.25 /Index/Index/index.html
INFO: [ route_check ] --START--
INFO: CheckRoute Behavior ::run [ RunTime:0.000142s ]
INFO: [ route_check ] --END-- [ RunTime:0.000237s ]
INFO: [ app_begin ] --START--
INFO: ReadHtmlCache Behavior ::run [ RunTime:0.000138s ]
INFO: [ app_begin ] --END-- [ RunTime:0.000215s ]
SQL: SHOW COLUMNS FROM `star_school` [ RunTime:0.000776s ]
SQL: SELECT * FROM `star_school` ORDER BY convert(school using gb2312) ASC  [ RunTime:0.000154s ]
INFO: [ view_parse ] --START--
INFO: ParseTemplate Behavior ::run [ RunTime:0.004703s ]
INFO: [ view_parse ] --END-- [ RunTime:0.004792s ]
INFO: [ view_filter ] --START--
INFO: ContentReplace Behavior ::run [ RunTime:0.000167s ]
INFO: TokenBuild Behavior ::run [ RunTime:0.000135s ]
INFO: WriteHtmlCache Behavior ::run [ RunTime:0.000088s ]
INFO: ShowRuntime Behavior ::run [ RunTime:0.000146s ]
INFO: [ view_filter ] --END-- [ RunTime:0.000734s ]
INFO: [ view_end ] --START--
INFO: ShowPageTrace Behavior ::run [ RunTime:0.000128s ]
INFO: [ view_end ] --END-- [ RunTime:0.000209s ]

[ 2015-03-26T22:57:59+08:00 ] 111.30.132.146 /
INFO: [ app_begin ] --START--
INFO: ReadHtmlCache Behavior ::run [ RunTime:0.000185s ]
INFO: [ app_begin ] --END-- [ RunTime:0.000283s ]
SQL: SHOW COLUMNS FROM `star_school` [ RunTime:0.000820s ]
SQL: SELECT * FROM `star_school` ORDER BY convert(school using gb2312) ASC  [ RunTime:0.000184s ]
INFO: [ view_parse ] --START--
INFO: ParseTemplate Behavior ::run [ RunTime:0.004817s ]
INFO: [ view_parse ] --END-- [ RunTime:0.004908s ]
INFO: [ view_filter ] --START--
INFO: ContentReplace Behavior ::run [ RunTime:0.000170s ]
INFO: TokenBuild Behavior ::run [ RunTime:0.000131s ]
INFO: WriteHtmlCache Behavior ::run [ RunTime:0.000085s ]
INFO: ShowRuntime Behavior ::run [ RunTime:0.000157s ]
INFO: [ view_filter ] --END-- [ RunTime:0.000742s ]
INFO: [ view_end ] --START--
INFO: ShowPageTrace Behavior ::run [ RunTime:0.000132s ]
INFO: [ view_end ] --END-- [ RunTime:0.000200s ]

[ 2015-03-26T22:57:59+08:00 ] 111.30.132.208 /
INFO: [ app_begin ] --START--
INFO: ReadHtmlCache Behavior ::run [ RunTime:0.000187s ]
INFO: [ app_begin ] --END-- [ RunTime:0.000298s ]
SQL: SHOW COLUMNS FROM `star_school` [ RunTime:0.000695s ]
SQL: SELECT * FROM `star_school` ORDER BY convert(school using gb2312) ASC  [ RunTime:0.000145s ]
INFO: [ view_parse ] --START--
INFO: ParseTemplate Behavior ::run [ RunTime:0.008206s ]
INFO: [ view_parse ] --END-- [ RunTime:0.008321s ]
INFO: [ view_filter ] --START--
INFO: ContentReplace Behavior ::run [ RunTime:0.000203s ]
INFO: TokenBuild Behavior ::run [ RunTime:0.000146s ]
INFO: WriteHtmlCache Behavior ::run [ RunTime:0.000099s ]
INFO: ShowRuntime Behavior ::run [ RunTime:0.000179s ]
INFO: [ view_filter ] --END-- [ RunTime:0.000851s ]
INFO: [ view_end ] --START--
INFO: ShowPageTrace Behavior ::run [ RunTime:0.000166s ]
INFO: [ view_end ] --END-- [ RunTime:0.000242s ]

[ 2015-03-26T22:57:59+08:00 ] 111.30.132.212 /
INFO: [ app_begin ] --START--
INFO: ReadHtmlCache Behavior ::run [ RunTime:0.000147s ]
INFO: [ app_begin ] --END-- [ RunTime:0.000239s ]
SQL: SHOW COLUMNS FROM `star_school` [ RunTime:0.000716s ]
SQL: SELECT * FROM `star_school` ORDER BY convert(school using gb2312) ASC  [ RunTime:0.000145s ]
INFO: [ view_parse ] --START--
INFO: ParseTemplate Behavior ::run [ RunTime:0.004708s ]
INFO: [ view_parse ] --END-- [ RunTime:0.004796s ]
INFO: [ view_filter ] --START--
INFO: ContentReplace Behavior ::run [ RunTime:0.000166s ]
INFO: TokenBuild Behavior ::run [ RunTime:0.000149s ]
INFO: WriteHtmlCache Behavior ::run [ RunTime:0.000085s ]
INFO: ShowRuntime Behavior ::run [ RunTime:0.000153s ]
INFO: [ view_filter ] --END-- [ RunTime:0.000750s ]
INFO: [ view_end ] --START--
INFO: ShowPageTrace Behavior ::run [ RunTime:0.000128s ]
INFO: [ view_end ] --END-- [ RunTime:0.000194s ]

[ 2015-03-26T22:57:59+08:00 ] 111.30.131.199 /
INFO: [ app_begin ] --START--
INFO: ReadHtmlCache Behavior ::run [ RunTime:0.000144s ]
INFO: [ app_begin ] --END-- [ RunTime:0.000234s ]
SQL: SHOW COLUMNS FROM `star_school` [ RunTime:0.000670s ]
SQL: SELECT * FROM `star_school` ORDER BY convert(school using gb2312) ASC  [ RunTime:0.000147s ]
INFO: [ view_parse ] --START--
INFO: ParseTemplate Behavior ::run [ RunTime:0.004757s ]
INFO: [ view_parse ] --END-- [ RunTime:0.004848s ]
INFO: [ view_filter ] --START--
INFO: ContentReplace Behavior ::run [ RunTime:0.000169s ]
INFO: TokenBuild Behavior ::run [ RunTime:0.000132s ]
INFO: WriteHtmlCache Behavior ::run [ RunTime:0.000088s ]
INFO: ShowRuntime Behavior ::run [ RunTime:0.000157s ]
INFO: [ view_filter ] --END-- [ RunTime:0.000748s ]
INFO: [ view_end ] --START--
INFO: ShowPageTrace Behavior ::run [ RunTime:0.000129s ]
INFO: [ view_end ] --END-- [ RunTime:0.000197s ]

[ 2015-03-26T22:57:59+08:00 ] 61.49.56.48 /
INFO: [ app_begin ] --START--
INFO: ReadHtmlCache Behavior ::run [ RunTime:0.000148s ]
INFO: [ app_begin ] --END-- [ RunTime:0.000242s ]
SQL: SHOW COLUMNS FROM `star_school` [ RunTime:0.000656s ]
SQL: SELECT * FROM `star_school` ORDER BY convert(school using gb2312) ASC  [ RunTime:0.000224s ]
INFO: [ view_parse ] --START--
INFO: ParseTemplate Behavior ::run [ RunTime:0.004778s ]
INFO: [ view_parse ] --END-- [ RunTime:0.004868s ]
INFO: [ view_filter ] --START--
INFO: ContentReplace Behavior ::run [ RunTime:0.000169s ]
INFO: TokenBuild Behavior ::run [ RunTime:0.000131s ]
INFO: WriteHtmlCache Behavior ::run [ RunTime:0.000084s ]
INFO: ShowRuntime Behavior ::run [ RunTime:0.000155s ]
INFO: [ view_filter ] --END-- [ RunTime:0.000737s ]
INFO: [ view_end ] --START--
INFO: ShowPageTrace Behavior ::run [ RunTime:0.000130s ]
INFO: [ view_end ] --END-- [ RunTime:0.000198s ]

[ 2015-03-26T22:57:59+08:00 ] 125.39.57.38 /
INFO: [ app_begin ] --START--
INFO: ReadHtmlCache Behavior ::run [ RunTime:0.000146s ]
INFO: [ app_begin ] --END-- [ RunTime:0.000239s ]
SQL: SHOW COLUMNS FROM `star_school` [ RunTime:0.000713s ]
SQL: SELECT * FROM `star_school` ORDER BY convert(school using gb2312) ASC  [ RunTime:0.000141s ]
INFO: [ view_parse ] --START--
INFO: ParseTemplate Behavior ::run [ RunTime:0.004792s ]
INFO: [ view_parse ] --END-- [ RunTime:0.004883s ]
INFO: [ view_filter ] --START--
INFO: ContentReplace Behavior ::run [ RunTime:0.000171s ]
INFO: TokenBuild Behavior ::run [ RunTime:0.000132s ]
INFO: WriteHtmlCache Behavior ::run [ RunTime:0.000087s ]
INFO: ShowRuntime Behavior ::run [ RunTime:0.000156s ]
INFO: [ view_filter ] --END-- [ RunTime:0.000745s ]
INFO: [ view_end ] --START--
INFO: ShowPageTrace Behavior ::run [ RunTime:0.000132s ]
INFO: [ view_end ] --END-- [ RunTime:0.000202s ]

[ 2015-03-26T22:57:59+08:00 ] 61.49.56.47 /
INFO: [ app_begin ] --START--
INFO: ReadHtmlCache Behavior ::run [ RunTime:0.000166s ]
INFO: [ app_begin ] --END-- [ RunTime:0.000269s ]
SQL: SHOW COLUMNS FROM `star_school` [ RunTime:0.000747s ]
SQL: SELECT * FROM `star_school` ORDER BY convert(school using gb2312) ASC  [ RunTime:0.000148s ]
INFO: [ view_parse ] --START--
INFO: ParseTemplate Behavior ::run [ RunTime:0.006572s ]
INFO: [ view_parse ] --END-- [ RunTime:0.006682s ]
INFO: [ view_filter ] --START--
INFO: ContentReplace Behavior ::run [ RunTime:0.000191s ]
INFO: TokenBuild Behavior ::run [ RunTime:0.000142s ]
INFO: WriteHtmlCache Behavior ::run [ RunTime:0.000096s ]
INFO: ShowRuntime Behavior ::run [ RunTime:0.000186s ]
INFO: [ view_filter ] --END-- [ RunTime:0.000837s ]
INFO: [ view_end ] --START--
INFO: ShowPageTrace Behavior ::run [ RunTime:0.000166s ]
INFO: [ view_end ] --END-- [ RunTime:0.000240s ]

[ 2015-03-26T22:57:59+08:00 ] 125.39.210.31 /
INFO: [ app_begin ] --START--
INFO: ReadHtmlCache Behavior ::run [ RunTime:0.000146s ]
INFO: [ app_begin ] --END-- [ RunTime:0.000239s ]
SQL: SHOW COLUMNS FROM `star_school` [ RunTime:0.000645s ]
SQL: SELECT * FROM `star_school` ORDER BY convert(school using gb2312) ASC  [ RunTime:0.000198s ]
INFO: [ view_parse ] --START--
INFO: ParseTemplate Behavior ::run [ RunTime:0.004991s ]
INFO: [ view_parse ] --END-- [ RunTime:0.005086s ]
INFO: [ view_filter ] --START--
INFO: ContentReplace Behavior ::run [ RunTime:0.000171s ]
INFO: TokenBuild Behavior ::run [ RunTime:0.000131s ]
INFO: WriteHtmlCache Behavior ::run [ RunTime:0.000085s ]
INFO: ShowRuntime Behavior ::run [ RunTime:0.000174s ]
INFO: [ view_filter ] --END-- [ RunTime:0.000832s ]
INFO: [ view_end ] --START--
INFO: ShowPageTrace Behavior ::run [ RunTime:0.000131s ]
INFO: [ view_end ] --END-- [ RunTime:0.000199s ]

[ 2015-03-26T22:57:59+08:00 ] 111.30.132.158 /
INFO: [ app_begin ] --START--
INFO: ReadHtmlCache Behavior ::run [ RunTime:0.000144s ]
INFO: [ app_begin ] --END-- [ RunTime:0.000234s ]
SQL: SHOW COLUMNS FROM `star_school` [ RunTime:0.000732s ]
SQL: SELECT * FROM `star_school` ORDER BY convert(school using gb2312) ASC  [ RunTime:0.000138s ]
INFO: [ view_parse ] --START--
INFO: ParseTemplate Behavior ::run [ RunTime:0.004741s ]
INFO: [ view_parse ] --END-- [ RunTime:0.004831s ]
INFO: [ view_filter ] --START--
INFO: ContentReplace Behavior ::run [ RunTime:0.000188s ]
INFO: TokenBuild Behavior ::run [ RunTime:0.000133s ]
INFO: WriteHtmlCache Behavior ::run [ RunTime:0.000088s ]
INFO: ShowRuntime Behavior ::run [ RunTime:0.000158s ]
INFO: [ view_filter ] --END-- [ RunTime:0.000769s ]
INFO: [ view_end ] --START--
INFO: ShowPageTrace Behavior ::run [ RunTime:0.000131s ]
INFO: [ view_end ] --END-- [ RunTime:0.000199s ]

[ 2015-03-26T22:57:59+08:00 ] 111.30.132.190 /
INFO: [ app_begin ] --START--
INFO: ReadHtmlCache Behavior ::run [ RunTime:0.000148s ]
INFO: [ app_begin ] --END-- [ RunTime:0.000240s ]
SQL: SHOW COLUMNS FROM `star_school` [ RunTime:0.000730s ]
SQL: SELECT * FROM `star_school` ORDER BY convert(school using gb2312) ASC  [ RunTime:0.000230s ]
INFO: [ view_parse ] --START--
INFO: ParseTemplate Behavior ::run [ RunTime:0.004754s ]
INFO: [ view_parse ] --END-- [ RunTime:0.004846s ]
INFO: [ view_filter ] --START--
INFO: ContentReplace Behavior ::run [ RunTime:0.000169s ]
INFO: TokenBuild Behavior ::run [ RunTime:0.000130s ]
INFO: WriteHtmlCache Behavior ::run [ RunTime:0.000086s ]
INFO: ShowRuntime Behavior ::run [ RunTime:0.000154s ]
INFO: [ view_filter ] --END-- [ RunTime:0.000741s ]
INFO: [ view_end ] --START--
INFO: ShowPageTrace Behavior ::run [ RunTime:0.000150s ]
INFO: [ view_end ] --END-- [ RunTime:0.000218s ]

[ 2015-03-26T22:57:59+08:00 ] 111.30.141.47 /
INFO: [ app_begin ] --START--
INFO: ReadHtmlCache Behavior ::run [ RunTime:0.000147s ]
INFO: [ app_begin ] --END-- [ RunTime:0.000239s ]
SQL: SHOW COLUMNS FROM `star_school` [ RunTime:0.000729s ]
SQL: SELECT * FROM `star_school` ORDER BY convert(school using gb2312) ASC  [ RunTime:0.000197s ]
INFO: [ view_parse ] --START--
INFO: ParseTemplate Behavior ::run [ RunTime:0.005094s ]
INFO: [ view_parse ] --END-- [ RunTime:0.005185s ]
INFO: [ view_filter ] --START--
INFO: ContentReplace Behavior ::run [ RunTime:0.000167s ]
INFO: TokenBuild Behavior ::run [ RunTime:0.000189s ]
INFO: WriteHtmlCache Behavior ::run [ RunTime:0.000089s ]
INFO: ShowRuntime Behavior ::run [ RunTime:0.000155s ]
INFO: [ view_filter ] --END-- [ RunTime:0.000805s ]
INFO: [ view_end ] --START--
INFO: ShowPageTrace Behavior ::run [ RunTime:0.000178s ]
INFO: [ view_end ] --END-- [ RunTime:0.000248s ]

[ 2015-03-26T22:57:59+08:00 ] 61.49.56.47 /
INFO: [ app_begin ] --START--
INFO: ReadHtmlCache Behavior ::run [ RunTime:0.000151s ]
INFO: [ app_begin ] --END-- [ RunTime:0.000248s ]
SQL: SHOW COLUMNS FROM `star_school` [ RunTime:0.000854s ]
SQL: SELECT * FROM `star_school` ORDER BY convert(school using gb2312) ASC  [ RunTime:0.000173s ]
INFO: [ view_parse ] --START--
INFO: ParseTemplate Behavior ::run [ RunTime:0.004843s ]
INFO: [ view_parse ] --END-- [ RunTime:0.004935s ]
INFO: [ view_filter ] --START--
INFO: ContentReplace Behavior ::run [ RunTime:0.000185s ]
INFO: TokenBuild Behavior ::run [ RunTime:0.000131s ]
INFO: WriteHtmlCache Behavior ::run [ RunTime:0.000086s ]
INFO: ShowRuntime Behavior ::run [ RunTime:0.000157s ]
INFO: [ view_filter ] --END-- [ RunTime:0.000762s ]
INFO: [ view_end ] --START--
INFO: ShowPageTrace Behavior ::run [ RunTime:0.000131s ]
INFO: [ view_end ] --END-- [ RunTime:0.000198s ]

[ 2015-03-26T22:57:59+08:00 ] 125.39.57.37 /
INFO: [ app_begin ] --START--
INFO: ReadHtmlCache Behavior ::run [ RunTime:0.000149s ]
INFO: [ app_begin ] --END-- [ RunTime:0.000243s ]
SQL: SHOW COLUMNS FROM `star_school` [ RunTime:0.000732s ]
SQL: SELECT * FROM `star_school` ORDER BY convert(school using gb2312) ASC  [ RunTime:0.000162s ]
INFO: [ view_parse ] --START--
INFO: ParseTemplate Behavior ::run [ RunTime:0.004996s ]
INFO: [ view_parse ] --END-- [ RunTime:0.005090s ]
INFO: [ view_filter ] --START--
INFO: ContentReplace Behavior ::run [ RunTime:0.000168s ]
INFO: TokenBuild Behavior ::run [ RunTime:0.000130s ]
INFO: WriteHtmlCache Behavior ::run [ RunTime:0.000084s ]
INFO: ShowRuntime Behavior ::run [ RunTime:0.000154s ]
INFO: [ view_filter ] --END-- [ RunTime:0.000736s ]
INFO: [ view_end ] --START--
INFO: ShowPageTrace Behavior ::run [ RunTime:0.000127s ]
INFO: [ view_end ] --END-- [ RunTime:0.000195s ]

[ 2015-03-26T22:57:59+08:00 ] 111.30.132.194 /
INFO: [ app_begin ] --START--
INFO: ReadHtmlCache Behavior ::run [ RunTime:0.000147s ]
INFO: [ app_begin ] --END-- [ RunTime:0.000241s ]
SQL: SHOW COLUMNS FROM `star_school` [ RunTime:0.000723s ]
SQL: SELECT * FROM `star_school` ORDER BY convert(school using gb2312) ASC  [ RunTime:0.000236s ]
INFO: [ view_parse ] --START--
INFO: ParseTemplate Behavior ::run [ RunTime:0.008411s ]
INFO: [ view_parse ] --END-- [ RunTime:0.008499s ]
INFO: [ view_filter ] --START--
INFO: ContentReplace Behavior ::run [ RunTime:0.000163s ]
INFO: TokenBuild Behavior ::run [ RunTime:0.000125s ]
INFO: WriteHtmlCache Behavior ::run [ RunTime:0.000083s ]
INFO: ShowRuntime Behavior ::run [ RunTime:0.000154s ]
INFO: [ view_filter ] --END-- [ RunTime:0.000718s ]
INFO: [ view_end ] --START--
INFO: ShowPageTrace Behavior ::run [ RunTime:0.000126s ]
INFO: [ view_end ] --END-- [ RunTime:0.000194s ]

[ 2015-03-26T22:57:59+08:00 ] 125.39.57.37 /
INFO: [ app_begin ] --START--
INFO: ReadHtmlCache Behavior ::run [ RunTime:0.000147s ]
INFO: [ app_begin ] --END-- [ RunTime:0.000240s ]
SQL: SHOW COLUMNS FROM `star_school` [ RunTime:0.000682s ]
SQL: SELECT * FROM `star_school` ORDER BY convert(school using gb2312) ASC  [ RunTime:0.000149s ]
INFO: [ view_parse ] --START--
INFO: ParseTemplate Behavior ::run [ RunTime:0.004719s ]
INFO: [ view_parse ] --END-- [ RunTime:0.004809s ]
INFO: [ view_filter ] --START--
INFO: ContentReplace Behavior ::run [ RunTime:0.000166s ]
INFO: TokenBuild Behavior ::run [ RunTime:0.000129s ]
INFO: WriteHtmlCache Behavior ::run [ RunTime:0.000084s ]
INFO: ShowRuntime Behavior ::run [ RunTime:0.000168s ]
INFO: [ view_filter ] --END-- [ RunTime:0.000749s ]
INFO: [ view_end ] --START--
INFO: ShowPageTrace Behavior ::run [ RunTime:0.000128s ]
INFO: [ view_end ] --END-- [ RunTime:0.000196s ]

[ 2015-03-26T22:57:59+08:00 ] 111.161.52.27 /
INFO: [ app_begin ] --START--
INFO: ReadHtmlCache Behavior ::run [ RunTime:0.000148s ]
INFO: [ app_begin ] --END-- [ RunTime:0.000243s ]
SQL: SHOW COLUMNS FROM `star_school` [ RunTime:0.000748s ]
SQL: SELECT * FROM `star_school` ORDER BY convert(school using gb2312) ASC  [ RunTime:0.000262s ]
INFO: [ view_parse ] --START--
INFO: ParseTemplate Behavior ::run [ RunTime:0.004766s ]
INFO: [ view_parse ] --END-- [ RunTime:0.004856s ]
INFO: [ view_filter ] --START--
INFO: ContentReplace Behavior ::run [ RunTime:0.000168s ]
INFO: TokenBuild Behavior ::run [ RunTime:0.000131s ]
INFO: WriteHtmlCache Behavior ::run [ RunTime:0.000084s ]
INFO: ShowRuntime Behavior ::run [ RunTime:0.000154s ]
INFO: [ view_filter ] --END-- [ RunTime:0.000735s ]
INFO: [ view_end ] --START--
INFO: ShowPageTrace Behavior ::run [ RunTime:0.000169s ]
INFO: [ view_end ] --END-- [ RunTime:0.000239s ]

[ 2015-03-26T22:58:05+08:00 ] 114.252.25.22 /Index/Index/index.html?from=groupmessage&isappinstalled=0
INFO: [ route_check ] --START--
INFO: CheckRoute Behavior ::run [ RunTime:0.000156s ]
INFO: [ route_check ] --END-- [ RunTime:0.000278s ]
INFO: [ app_begin ] --START--
INFO: ReadHtmlCache Behavior ::run [ RunTime:0.000145s ]
INFO: [ app_begin ] --END-- [ RunTime:0.000221s ]
SQL: SHOW COLUMNS FROM `star_school` [ RunTime:0.000851s ]
SQL: SELECT * FROM `star_school` ORDER BY convert(school using gb2312) ASC  [ RunTime:0.000247s ]
INFO: [ view_parse ] --START--
INFO: ParseTemplate Behavior ::run [ RunTime:0.004864s ]
INFO: [ view_parse ] --END-- [ RunTime:0.004954s ]
INFO: [ view_filter ] --START--
INFO: ContentReplace Behavior ::run [ RunTime:0.000169s ]
INFO: TokenBuild Behavior ::run [ RunTime:0.000136s ]
INFO: WriteHtmlCache Behavior ::run [ RunTime:0.000088s ]
INFO: ShowRuntime Behavior ::run [ RunTime:0.000149s ]
INFO: [ view_filter ] --END-- [ RunTime:0.000738s ]
INFO: [ view_end ] --START--
INFO: ShowPageTrace Behavior ::run [ RunTime:0.000131s ]
INFO: [ view_end ] --END-- [ RunTime:0.000201s ]

[ 2015-03-26T22:58:05+08:00 ] 111.30.132.212 /
INFO: [ app_begin ] --START--
INFO: ReadHtmlCache Behavior ::run [ RunTime:0.000149s ]
INFO: [ app_begin ] --END-- [ RunTime:0.000241s ]
SQL: SHOW COLUMNS FROM `star_school` [ RunTime:0.000800s ]
SQL: SELECT * FROM `star_school` ORDER BY convert(school using gb2312) ASC  [ RunTime:0.000225s ]
INFO: [ view_parse ] --START--
INFO: ParseTemplate Behavior ::run [ RunTime:0.004738s ]
INFO: [ view_parse ] --END-- [ RunTime:0.004829s ]
INFO: [ view_filter ] --START--
INFO: ContentReplace Behavior ::run [ RunTime:0.000168s ]
INFO: TokenBuild Behavior ::run [ RunTime:0.000131s ]
INFO: WriteHtmlCache Behavior ::run [ RunTime:0.000085s ]
INFO: ShowRuntime Behavior ::run [ RunTime:0.000153s ]
INFO: [ view_filter ] --END-- [ RunTime:0.000737s ]
INFO: [ view_end ] --START--
INFO: ShowPageTrace Behavior ::run [ RunTime:0.000129s ]
INFO: [ view_end ] --END-- [ RunTime:0.000197s ]

[ 2015-03-26T22:58:12+08:00 ] 114.252.25.22 /Index/Index/match
INFO: [ route_check ] --START--
INFO: CheckRoute Behavior ::run [ RunTime:0.000209s ]
INFO: [ route_check ] --END-- [ RunTime:0.000331s ]
INFO: [ app_begin ] --START--
INFO: ReadHtmlCache Behavior ::run [ RunTime:0.000166s ]
INFO: [ app_begin ] --END-- [ RunTime:0.000252s ]
SQL: SHOW COLUMNS FROM `star_school` [ RunTime:0.000856s ]
SQL: SELECT * FROM `star_school` WHERE ( `school` = '北京科技大学' ) LIMIT 1   [ RunTime:0.000193s ]
SQL: SHOW COLUMNS FROM `star_joiner` [ RunTime:0.000825s ]
SQL: SELECT * FROM `star_joiner` WHERE ( `school_id` = 5 )  [ RunTime:0.000499s ]

[ 2015-03-26T22:58:19+08:00 ] 114.252.25.22 /Index/Index/index.html?from=groupmessage&isappinstalled=0
INFO: [ route_check ] --START--
INFO: CheckRoute Behavior ::run [ RunTime:0.000160s ]
INFO: [ route_check ] --END-- [ RunTime:0.000265s ]
INFO: [ app_begin ] --START--
INFO: ReadHtmlCache Behavior ::run [ RunTime:0.000144s ]
INFO: [ app_begin ] --END-- [ RunTime:0.000220s ]
SQL: SHOW COLUMNS FROM `star_school` [ RunTime:0.000879s ]
SQL: SELECT * FROM `star_school` ORDER BY convert(school using gb2312) ASC  [ RunTime:0.000236s ]
INFO: [ view_parse ] --START--
INFO: ParseTemplate Behavior ::run [ RunTime:0.004915s ]
INFO: [ view_parse ] --END-- [ RunTime:0.005004s ]
INFO: [ view_filter ] --START--
INFO: ContentReplace Behavior ::run [ RunTime:0.000172s ]
INFO: TokenBuild Behavior ::run [ RunTime:0.000138s ]
INFO: WriteHtmlCache Behavior ::run [ RunTime:0.000089s ]
INFO: ShowRuntime Behavior ::run [ RunTime:0.000156s ]
INFO: [ view_filter ] --END-- [ RunTime:0.000755s ]
INFO: [ view_end ] --START--
INFO: ShowPageTrace Behavior ::run [ RunTime:0.000139s ]
INFO: [ view_end ] --END-- [ RunTime:0.000210s ]

[ 2015-03-26T22:58:23+08:00 ] 114.252.25.22 /Index/Index/match
INFO: [ route_check ] --START--
INFO: CheckRoute Behavior ::run [ RunTime:0.000152s ]
INFO: [ route_check ] --END-- [ RunTime:0.000256s ]
INFO: [ app_begin ] --START--
INFO: ReadHtmlCache Behavior ::run [ RunTime:0.000143s ]
INFO: [ app_begin ] --END-- [ RunTime:0.000217s ]
SQL: SHOW COLUMNS FROM `star_school` [ RunTime:0.000825s ]
SQL: SELECT * FROM `star_school` WHERE ( `school` = '北京交通大学' ) LIMIT 1   [ RunTime:0.000187s ]
SQL: SHOW COLUMNS FROM `star_joiner` [ RunTime:0.000925s ]
SQL: SELECT * FROM `star_joiner` WHERE ( `school_id` = 4 )  [ RunTime:0.000506s ]

[ 2015-03-26T22:59:41+08:00 ] 183.195.233.90 /
INFO: [ app_begin ] --START--
INFO: ReadHtmlCache Behavior ::run [ RunTime:0.000159s ]
INFO: [ app_begin ] --END-- [ RunTime:0.000261s ]
SQL: SHOW COLUMNS FROM `star_school` [ RunTime:0.000885s ]
SQL: SELECT * FROM `star_school` ORDER BY convert(school using gb2312) ASC  [ RunTime:0.000169s ]
INFO: [ view_parse ] --START--
INFO: ParseTemplate Behavior ::run [ RunTime:0.004926s ]
INFO: [ view_parse ] --END-- [ RunTime:0.005019s ]
INFO: [ view_filter ] --START--
INFO: ContentReplace Behavior ::run [ RunTime:0.000170s ]
INFO: TokenBuild Behavior ::run [ RunTime:0.000132s ]
INFO: WriteHtmlCache Behavior ::run [ RunTime:0.000086s ]
INFO: ShowRuntime Behavior ::run [ RunTime:0.000163s ]
INFO: [ view_filter ] --END-- [ RunTime:0.000754s ]
INFO: [ view_end ] --START--
INFO: ShowPageTrace Behavior ::run [ RunTime:0.000137s ]
INFO: [ view_end ] --END-- [ RunTime:0.000214s ]

[ 2015-03-26T22:59:41+08:00 ] 122.96.42.91 /Index/Index/other.html
INFO: [ route_check ] --START--
INFO: CheckRoute Behavior ::run [ RunTime:0.000174s ]
INFO: [ route_check ] --END-- [ RunTime:0.000287s ]
INFO: [ app_begin ] --START--
INFO: ReadHtmlCache Behavior ::run [ RunTime:0.000150s ]
INFO: [ app_begin ] --END-- [ RunTime:0.000231s ]

[ 2015-03-26T22:59:41+08:00 ] 122.96.42.91 /Index/Index/index.html
INFO: [ route_check ] --START--
INFO: CheckRoute Behavior ::run [ RunTime:0.000178s ]
INFO: [ route_check ] --END-- [ RunTime:0.000293s ]
INFO: [ app_begin ] --START--
INFO: ReadHtmlCache Behavior ::run [ RunTime:0.000155s ]
INFO: [ app_begin ] --END-- [ RunTime:0.000235s ]
SQL: SHOW COLUMNS FROM `star_school` [ RunTime:0.000784s ]
SQL: SELECT * FROM `star_school` ORDER BY convert(school using gb2312) ASC  [ RunTime:0.000233s ]
INFO: [ view_parse ] --START--
INFO: ParseTemplate Behavior ::run [ RunTime:0.006610s ]
INFO: [ view_parse ] --END-- [ RunTime:0.006712s ]
INFO: [ view_filter ] --START--
INFO: ContentReplace Behavior ::run [ RunTime:0.000192s ]
INFO: TokenBuild Behavior ::run [ RunTime:0.000149s ]
INFO: WriteHtmlCache Behavior ::run [ RunTime:0.000099s ]
INFO: ShowRuntime Behavior ::run [ RunTime:0.000170s ]
INFO: [ view_filter ] --END-- [ RunTime:0.000832s ]
INFO: [ view_end ] --START--
INFO: ShowPageTrace Behavior ::run [ RunTime:0.000163s ]
INFO: [ view_end ] --END-- [ RunTime:0.000240s ]

